{"E:\\PM2 Service\\services\\replication-planner\\src\\app.js": {"path":"E:\\PM2 Service\\services\\replication-planner\\src\\app.js","statementMap":{"0":{"start":{"line":1,"column":16},"end":{"line":1,"column":34}},"1":{"start":{"line":2,"column":13},"end":{"line":2,"column":28}},"2":{"start":{"line":7,"column":4},"end":{"line":7,"column":35}},"3":{"start":{"line":8,"column":67},"end":{"line":8,"column":107}},"4":{"start":{"line":9,"column":43},"end":{"line":9,"column":62}},"5":{"start":{"line":12,"column":55},"end":{"line":12,"column":62}},"6":{"start":{"line":13,"column":14},"end":{"line":13,"column":23}},"7":{"start":{"line":14,"column":18},"end":{"line":14,"column":44}},"8":{"start":{"line":15,"column":22},"end":{"line":15,"column":61}},"9":{"start":{"line":17,"column":2},"end":{"line":17,"column":39}},"10":{"start":{"line":18,"column":2},"end":{"line":18,"column":30}},"11":{"start":{"line":19,"column":2},"end":{"line":19,"column":42}},"12":{"start":{"line":20,"column":2},"end":{"line":26,"column":4}},"13":{"start":{"line":27,"column":2},"end":{"line":30,"column":6}},"14":{"start":{"line":31,"column":2},"end":{"line":31,"column":62}},"15":{"start":{"line":32,"column":2},"end":{"line":32,"column":39}},"16":{"start":{"line":33,"column":2},"end":{"line":33,"column":67}},"17":{"start":{"line":35,"column":2},"end":{"line":35,"column":20}},"18":{"start":{"line":36,"column":2},"end":{"line":36,"column":32}},"19":{"start":{"line":38,"column":2},"end":{"line":38,"column":13}},"20":{"start":{"line":41,"column":0},"end":{"line":41,"column":49}}},"fnMap":{"0":{"name":"createReplicationPlannerApp","decl":{"start":{"line":11,"column":9},"end":{"line":11,"column":36}},"loc":{"start":{"line":11,"column":46},"end":{"line":39,"column":1}},"line":11}},"branchMap":{},"s":{"0":1,"1":1,"2":1,"3":1,"4":1,"5":5,"6":5,"7":5,"8":5,"9":5,"10":5,"11":5,"12":5,"13":5,"14":5,"15":5,"16":5,"17":5,"18":5,"19":5,"20":1},"f":{"0":5},"b":{},"_coverageSchema":"1a1c01bbd47fc00a2c39e90264f33305004495a9","hash":"8177f46ba814485f0b109a7809e0458ef0dc7bb1"}
,"E:\\PM2 Service\\services\\replication-planner\\src\\controllers\\health-controller.js": {"path":"E:\\PM2 Service\\services\\replication-planner\\src\\controllers\\health-controller.js","statementMap":{"0":{"start":{"line":1,"column":20},"end":{"line":1,"column":54}},"1":{"start":{"line":4,"column":2},"end":{"line":13,"column":4}},"2":{"start":{"line":6,"column":6},"end":{"line":6,"column":42}},"3":{"start":{"line":10,"column":21},"end":{"line":10,"column":39}},"4":{"start":{"line":11,"column":6},"end":{"line":11,"column":53}},"5":{"start":{"line":16,"column":0},"end":{"line":16,"column":44}}},"fnMap":{"0":{"name":"createHealthController","decl":{"start":{"line":3,"column":9},"end":{"line":3,"column":31}},"loc":{"start":{"line":3,"column":48},"end":{"line":14,"column":1}},"line":3},"1":{"name":"(anonymous_1)","decl":{"start":{"line":5,"column":4},"end":{"line":5,"column":5}},"loc":{"start":{"line":5,"column":21},"end":{"line":7,"column":5}},"line":5},"2":{"name":"(anonymous_2)","decl":{"start":{"line":9,"column":4},"end":{"line":9,"column":5}},"loc":{"start":{"line":9,"column":26},"end":{"line":12,"column":5}},"line":9}},"branchMap":{},"s":{"0":1,"1":5,"2":2,"3":1,"4":1,"5":1},"f":{"0":5,"1":2,"2":1},"b":{},"_coverageSchema":"1a1c01bbd47fc00a2c39e90264f33305004495a9","hash":"b1a7d80f6a147cf0a18cf8169a3a6dea9dd55fd5"}
,"E:\\PM2 Service\\services\\replication-planner\\src\\controllers\\replication-controller.js": {"path":"E:\\PM2 Service\\services\\replication-planner\\src\\controllers\\replication-controller.js","statementMap":{"0":{"start":{"line":1,"column":20},"end":{"line":1,"column":54}},"1":{"start":{"line":4,"column":2},"end":{"line":15,"column":4}},"2":{"start":{"line":7,"column":8},"end":{"line":7,"column":99}},"3":{"start":{"line":8,"column":20},"end":{"line":8,"column":46}},"4":{"start":{"line":9,"column":21},"end":{"line":11,"column":8}},"5":{"start":{"line":13,"column":6},"end":{"line":13,"column":37}},"6":{"start":{"line":18,"column":0},"end":{"line":18,"column":49}}},"fnMap":{"0":{"name":"createReplicationController","decl":{"start":{"line":3,"column":9},"end":{"line":3,"column":36}},"loc":{"start":{"line":3,"column":50},"end":{"line":16,"column":1}},"line":3},"1":{"name":"(anonymous_1)","decl":{"start":{"line":5,"column":4},"end":{"line":5,"column":5}},"loc":{"start":{"line":5,"column":31},"end":{"line":14,"column":5}},"line":5}},"branchMap":{"0":{"loc":{"start":{"line":7,"column":8},"end":{"line":7,"column":99}},"type":"binary-expr","locations":[{"start":{"line":7,"column":8},"end":{"line":7,"column":22}},{"start":{"line":7,"column":26},"end":{"line":7,"column":47}},{"start":{"line":7,"column":51},"end":{"line":7,"column":70}},{"start":{"line":7,"column":74},"end":{"line":7,"column":99}}],"line":7},"1":{"loc":{"start":{"line":8,"column":20},"end":{"line":8,"column":46}},"type":"binary-expr","locations":[{"start":{"line":8,"column":20},"end":{"line":8,"column":34}},{"start":{"line":8,"column":38},"end":{"line":8,"column":46}}],"line":8}},"s":{"0":1,"1":5,"2":1,"3":1,"4":1,"5":1,"6":1},"f":{"0":5,"1":1},"b":{"0":[1,1,1,0],"1":[1,1]},"_coverageSchema":"1a1c01bbd47fc00a2c39e90264f33305004495a9","hash":"1410d35c86b74d23d595015c0d811d99b3c53f74"}
,"E:\\PM2 Service\\services\\replication-planner\\src\\routes\\index.js": {"path":"E:\\PM2 Service\\services\\replication-planner\\src\\routes\\index.js","statementMap":{"0":{"start":{"line":1,"column":16},"end":{"line":1,"column":34}},"1":{"start":{"line":2,"column":25},"end":{"line":2,"column":59}},"2":{"start":{"line":3,"column":35},"end":{"line":3,"column":78}},"3":{"start":{"line":4,"column":40},"end":{"line":4,"column":88}},"4":{"start":{"line":7,"column":17},"end":{"line":7,"column":33}},"5":{"start":{"line":8,"column":27},"end":{"line":8,"column":65}},"6":{"start":{"line":9,"column":32},"end":{"line":9,"column":72}},"7":{"start":{"line":11,"column":2},"end":{"line":11,"column":49}},"8":{"start":{"line":12,"column":2},"end":{"line":12,"column":61}},"9":{"start":{"line":13,"column":2},"end":{"line":13,"column":83}},"10":{"start":{"line":15,"column":2},"end":{"line":15,"column":16}},"11":{"start":{"line":18,"column":0},"end":{"line":18,"column":52}}},"fnMap":{"0":{"name":"createReplicationPlannerRouter","decl":{"start":{"line":6,"column":9},"end":{"line":6,"column":39}},"loc":{"start":{"line":6,"column":65},"end":{"line":16,"column":1}},"line":6}},"branchMap":{},"s":{"0":1,"1":1,"2":1,"3":1,"4":5,"5":5,"6":5,"7":5,"8":5,"9":5,"10":5,"11":1},"f":{"0":5},"b":{},"_coverageSchema":"1a1c01bbd47fc00a2c39e90264f33305004495a9","hash":"d315d65ae94838b0eb5858357b154836fa370557"}
,"E:\\PM2 Service\\services\\replication-planner\\src\\services\\plan-builder.js": {"path":"E:\\PM2 Service\\services\\replication-planner\\src\\services\\plan-builder.js","statementMap":{"0":{"start":{"line":2,"column":2},"end":{"line":2,"column":58}},"1":{"start":{"line":6,"column":2},"end":{"line":6,"column":85}},"2":{"start":{"line":10,"column":2},"end":{"line":10,"column":41}},"3":{"start":{"line":14,"column":2},"end":{"line":16,"column":3}},"4":{"start":{"line":15,"column":4},"end":{"line":15,"column":14}},"5":{"start":{"line":18,"column":2},"end":{"line":20,"column":3}},"6":{"start":{"line":19,"column":4},"end":{"line":19,"column":19}},"7":{"start":{"line":21,"column":2},"end":{"line":21,"column":15}},"8":{"start":{"line":25,"column":2},"end":{"line":27,"column":3}},"9":{"start":{"line":26,"column":4},"end":{"line":26,"column":17}},"10":{"start":{"line":28,"column":2},"end":{"line":28,"column":53}},"11":{"start":{"line":32,"column":24},"end":{"line":32,"column":75}},"12":{"start":{"line":33,"column":23},"end":{"line":33,"column":72}},"13":{"start":{"line":34,"column":2},"end":{"line":34,"column":90}},"14":{"start":{"line":38,"column":2},"end":{"line":44,"column":5}},"15":{"start":{"line":48,"column":22},"end":{"line":48,"column":67}},"16":{"start":{"line":49,"column":2},"end":{"line":49,"column":85}},"17":{"start":{"line":49,"column":37},"end":{"line":49,"column":67}},"18":{"start":{"line":53,"column":2},"end":{"line":60,"column":4}},"19":{"start":{"line":64,"column":17},"end":{"line":64,"column":80}},"20":{"start":{"line":65,"column":16},"end":{"line":65,"column":18}},"21":{"start":{"line":67,"column":2},"end":{"line":91,"column":3}},"22":{"start":{"line":68,"column":20},"end":{"line":68,"column":36}},"23":{"start":{"line":69,"column":4},"end":{"line":71,"column":5}},"24":{"start":{"line":70,"column":6},"end":{"line":70,"column":15}},"25":{"start":{"line":73,"column":24},"end":{"line":73,"column":79}},"26":{"start":{"line":74,"column":29},"end":{"line":74,"column":58}},"27":{"start":{"line":75,"column":26},"end":{"line":75,"column":108}},"28":{"start":{"line":76,"column":28},"end":{"line":76,"column":80}},"29":{"start":{"line":77,"column":23},"end":{"line":77,"column":71}},"30":{"start":{"line":78,"column":28},"end":{"line":78,"column":88}},"31":{"start":{"line":80,"column":4},"end":{"line":90,"column":5}},"32":{"start":{"line":80,"column":21},"end":{"line":80,"column":22}},"33":{"start":{"line":81,"column":6},"end":{"line":89,"column":8}},"34":{"start":{"line":93,"column":2},"end":{"line":93,"column":15}},"35":{"start":{"line":97,"column":23},"end":{"line":97,"column":58}},"36":{"start":{"line":98,"column":17},"end":{"line":98,"column":104}},"37":{"start":{"line":99,"column":16},"end":{"line":99,"column":18}},"38":{"start":{"line":101,"column":2},"end":{"line":120,"column":3}},"39":{"start":{"line":102,"column":20},"end":{"line":102,"column":36}},"40":{"start":{"line":103,"column":4},"end":{"line":105,"column":5}},"41":{"start":{"line":104,"column":6},"end":{"line":104,"column":15}},"42":{"start":{"line":107,"column":24},"end":{"line":107,"column":79}},"43":{"start":{"line":108,"column":23},"end":{"line":108,"column":71}},"44":{"start":{"line":109,"column":25},"end":{"line":109,"column":90}},"45":{"start":{"line":110,"column":21},"end":{"line":110,"column":90}},"46":{"start":{"line":111,"column":4},"end":{"line":119,"column":6}},"47":{"start":{"line":122,"column":2},"end":{"line":122,"column":15}},"48":{"start":{"line":126,"column":17},"end":{"line":126,"column":96}},"49":{"start":{"line":127,"column":16},"end":{"line":127,"column":18}},"50":{"start":{"line":129,"column":2},"end":{"line":149,"column":3}},"51":{"start":{"line":130,"column":20},"end":{"line":130,"column":36}},"52":{"start":{"line":131,"column":4},"end":{"line":133,"column":5}},"53":{"start":{"line":132,"column":6},"end":{"line":132,"column":15}},"54":{"start":{"line":135,"column":24},"end":{"line":135,"column":79}},"55":{"start":{"line":136,"column":26},"end":{"line":136,"column":93}},"56":{"start":{"line":137,"column":25},"end":{"line":137,"column":114}},"57":{"start":{"line":138,"column":23},"end":{"line":138,"column":71}},"58":{"start":{"line":139,"column":21},"end":{"line":139,"column":91}},"59":{"start":{"line":140,"column":4},"end":{"line":148,"column":6}},"60":{"start":{"line":151,"column":2},"end":{"line":151,"column":15}},"61":{"start":{"line":155,"column":15},"end":{"line":155,"column":28}},"62":{"start":{"line":156,"column":22},"end":{"line":156,"column":59}},"63":{"start":{"line":158,"column":2},"end":{"line":160,"column":3}},"64":{"start":{"line":159,"column":4},"end":{"line":159,"column":77}},"65":{"start":{"line":161,"column":2},"end":{"line":163,"column":3}},"66":{"start":{"line":162,"column":4},"end":{"line":162,"column":64}},"67":{"start":{"line":164,"column":2},"end":{"line":166,"column":3}},"68":{"start":{"line":165,"column":4},"end":{"line":165,"column":69}},"69":{"start":{"line":168,"column":2},"end":{"line":168,"column":12}},"70":{"start":{"line":171,"column":0},"end":{"line":177,"column":2}}},"fnMap":{"0":{"name":"unique","decl":{"start":{"line":1,"column":9},"end":{"line":1,"column":15}},"loc":{"start":{"line":1,"column":24},"end":{"line":3,"column":1}},"line":1},"1":{"name":"dataOf","decl":{"start":{"line":5,"column":9},"end":{"line":5,"column":15}},"loc":{"start":{"line":5,"column":23},"end":{"line":7,"column":1}},"line":5},"2":{"name":"eventTypeOf","decl":{"start":{"line":9,"column":9},"end":{"line":9,"column":20}},"loc":{"start":{"line":9,"column":41},"end":{"line":11,"column":1}},"line":9},"3":{"name":"normalizeChunks","decl":{"start":{"line":13,"column":9},"end":{"line":13,"column":24}},"loc":{"start":{"line":13,"column":32},"end":{"line":22,"column":1}},"line":13},"4":{"name":"chunkIdOf","decl":{"start":{"line":24,"column":9},"end":{"line":24,"column":18}},"loc":{"start":{"line":24,"column":26},"end":{"line":29,"column":1}},"line":24},"5":{"name":"replicasOf","decl":{"start":{"line":31,"column":9},"end":{"line":31,"column":19}},"loc":{"start":{"line":31,"column":33},"end":{"line":35,"column":1}},"line":31},"6":{"name":"candidateNodesOf","decl":{"start":{"line":37,"column":9},"end":{"line":37,"column":25}},"loc":{"start":{"line":37,"column":52},"end":{"line":45,"column":1}},"line":37},"7":{"name":"selectTargets","decl":{"start":{"line":47,"column":9},"end":{"line":47,"column":22}},"loc":{"start":{"line":47,"column":52},"end":{"line":50,"column":1}},"line":47},"8":{"name":"(anonymous_8)","decl":{"start":{"line":49,"column":27},"end":{"line":49,"column":28}},"loc":{"start":{"line":49,"column":37},"end":{"line":49,"column":67}},"line":49},"9":{"name":"taskFor","decl":{"start":{"line":52,"column":9},"end":{"line":52,"column":16}},"loc":{"start":{"line":52,"column":79},"end":{"line":61,"column":1}},"line":52},"10":{"name":"buildUploadCompletedTasks","decl":{"start":{"line":63,"column":9},"end":{"line":63,"column":34}},"loc":{"start":{"line":63,"column":75},"end":{"line":94,"column":1}},"line":63},"11":{"name":"buildNodeMissedTasks","decl":{"start":{"line":96,"column":9},"end":{"line":96,"column":29}},"loc":{"start":{"line":96,"column":62},"end":{"line":123,"column":1}},"line":96},"12":{"name":"buildIntegrityFailedTasks","decl":{"start":{"line":125,"column":9},"end":{"line":125,"column":34}},"loc":{"start":{"line":125,"column":67},"end":{"line":152,"column":1}},"line":125},"13":{"name":"buildReplicationTasks","decl":{"start":{"line":154,"column":9},"end":{"line":154,"column":30}},"loc":{"start":{"line":154,"column":81},"end":{"line":169,"column":1}},"line":154}},"branchMap":{"0":{"loc":{"start":{"line":6,"column":9},"end":{"line":6,"column":84}},"type":"cond-expr","locations":[{"start":{"line":6,"column":60},"end":{"line":6,"column":70}},{"start":{"line":6,"column":73},"end":{"line":6,"column":84}}],"line":6},"1":{"loc":{"start":{"line":6,"column":9},"end":{"line":6,"column":57}},"type":"binary-expr","locations":[{"start":{"line":6,"column":9},"end":{"line":6,"column":14}},{"start":{"line":6,"column":18},"end":{"line":6,"column":43}},{"start":{"line":6,"column":47},"end":{"line":6,"column":57}}],"line":6},"2":{"loc":{"start":{"line":6,"column":73},"end":{"line":6,"column":84}},"type":"binary-expr","locations":[{"start":{"line":6,"column":73},"end":{"line":6,"column":78}},{"start":{"line":6,"column":82},"end":{"line":6,"column":84}}],"line":6},"3":{"loc":{"start":{"line":10,"column":9},"end":{"line":10,"column":40}},"type":"binary-expr","locations":[{"start":{"line":10,"column":9},"end":{"line":10,"column":25}},{"start":{"line":10,"column":29},"end":{"line":10,"column":40}}],"line":10},"4":{"loc":{"start":{"line":14,"column":2},"end":{"line":16,"column":3}},"type":"if","locations":[{"start":{"line":14,"column":2},"end":{"line":16,"column":3}},{"start":{},"end":{}}],"line":14},"5":{"loc":{"start":{"line":18,"column":2},"end":{"line":20,"column":3}},"type":"if","locations":[{"start":{"line":18,"column":2},"end":{"line":20,"column":3}},{"start":{},"end":{}}],"line":18},"6":{"loc":{"start":{"line":25,"column":2},"end":{"line":27,"column":3}},"type":"if","locations":[{"start":{"line":25,"column":2},"end":{"line":27,"column":3}},{"start":{},"end":{}}],"line":25},"7":{"loc":{"start":{"line":28,"column":9},"end":{"line":28,"column":52}},"type":"binary-expr","locations":[{"start":{"line":28,"column":9},"end":{"line":28,"column":23}},{"start":{"line":28,"column":27},"end":{"line":28,"column":40}},{"start":{"line":28,"column":44},"end":{"line":28,"column":52}}],"line":28},"8":{"loc":{"start":{"line":32,"column":24},"end":{"line":32,"column":75}},"type":"cond-expr","locations":[{"start":{"line":32,"column":56},"end":{"line":32,"column":70}},{"start":{"line":32,"column":73},"end":{"line":32,"column":75}}],"line":32},"9":{"loc":{"start":{"line":33,"column":23},"end":{"line":33,"column":72}},"type":"cond-expr","locations":[{"start":{"line":33,"column":54},"end":{"line":33,"column":67}},{"start":{"line":33,"column":70},"end":{"line":33,"column":72}}],"line":33},"10":{"loc":{"start":{"line":39,"column":8},"end":{"line":39,"column":67}},"type":"cond-expr","locations":[{"start":{"line":39,"column":44},"end":{"line":39,"column":62}},{"start":{"line":39,"column":65},"end":{"line":39,"column":67}}],"line":39},"11":{"loc":{"start":{"line":40,"column":8},"end":{"line":40,"column":65}},"type":"cond-expr","locations":[{"start":{"line":40,"column":43},"end":{"line":40,"column":60}},{"start":{"line":40,"column":63},"end":{"line":40,"column":65}}],"line":40},"12":{"loc":{"start":{"line":41,"column":8},"end":{"line":41,"column":71}},"type":"cond-expr","locations":[{"start":{"line":41,"column":46},"end":{"line":41,"column":66}},{"start":{"line":41,"column":69},"end":{"line":41,"column":71}}],"line":41},"13":{"loc":{"start":{"line":42,"column":8},"end":{"line":42,"column":75}},"type":"cond-expr","locations":[{"start":{"line":42,"column":48},"end":{"line":42,"column":70}},{"start":{"line":42,"column":73},"end":{"line":42,"column":75}}],"line":42},"14":{"loc":{"start":{"line":56,"column":20},"end":{"line":56,"column":40}},"type":"binary-expr","locations":[{"start":{"line":56,"column":20},"end":{"line":56,"column":32}},{"start":{"line":56,"column":36},"end":{"line":56,"column":40}}],"line":56},"15":{"loc":{"start":{"line":57,"column":20},"end":{"line":57,"column":40}},"type":"binary-expr","locations":[{"start":{"line":57,"column":20},"end":{"line":57,"column":32}},{"start":{"line":57,"column":36},"end":{"line":57,"column":40}}],"line":57},"16":{"loc":{"start":{"line":59,"column":12},"end":{"line":59,"column":58}},"type":"cond-expr","locations":[{"start":{"line":59,"column":27},"end":{"line":59,"column":36}},{"start":{"line":59,"column":39},"end":{"line":59,"column":58}}],"line":59},"17":{"loc":{"start":{"line":64,"column":33},"end":{"line":64,"column":79}},"type":"binary-expr","locations":[{"start":{"line":64,"column":33},"end":{"line":64,"column":44}},{"start":{"line":64,"column":48},"end":{"line":64,"column":62}},{"start":{"line":64,"column":66},"end":{"line":64,"column":79}}],"line":64},"18":{"loc":{"start":{"line":69,"column":4},"end":{"line":71,"column":5}},"type":"if","locations":[{"start":{"line":69,"column":4},"end":{"line":71,"column":5}},{"start":{},"end":{}}],"line":69},"19":{"loc":{"start":{"line":73,"column":24},"end":{"line":73,"column":79}},"type":"cond-expr","locations":[{"start":{"line":73,"column":52},"end":{"line":73,"column":71}},{"start":{"line":73,"column":74},"end":{"line":73,"column":79}}],"line":73},"20":{"loc":{"start":{"line":75,"column":26},"end":{"line":75,"column":108}},"type":"binary-expr","locations":[{"start":{"line":75,"column":26},"end":{"line":75,"column":56}},{"start":{"line":75,"column":60},"end":{"line":75,"column":83}},{"start":{"line":75,"column":87},"end":{"line":75,"column":108}}],"line":75},"21":{"loc":{"start":{"line":85,"column":24},"end":{"line":85,"column":104}},"type":"binary-expr","locations":[{"start":{"line":85,"column":24},"end":{"line":85,"column":50}},{"start":{"line":85,"column":54},"end":{"line":85,"column":73}},{"start":{"line":85,"column":77},"end":{"line":85,"column":96}},{"start":{"line":85,"column":100},"end":{"line":85,"column":104}}],"line":85},"22":{"loc":{"start":{"line":86,"column":24},"end":{"line":86,"column":54}},"type":"binary-expr","locations":[{"start":{"line":86,"column":24},"end":{"line":86,"column":46}},{"start":{"line":86,"column":50},"end":{"line":86,"column":54}}],"line":86},"23":{"loc":{"start":{"line":97,"column":23},"end":{"line":97,"column":58}},"type":"binary-expr","locations":[{"start":{"line":97,"column":23},"end":{"line":97,"column":42}},{"start":{"line":97,"column":46},"end":{"line":97,"column":58}}],"line":97},"24":{"loc":{"start":{"line":98,"column":33},"end":{"line":98,"column":103}},"type":"binary-expr","locations":[{"start":{"line":98,"column":33},"end":{"line":98,"column":53}},{"start":{"line":98,"column":57},"end":{"line":98,"column":68}},{"start":{"line":98,"column":72},"end":{"line":98,"column":86}},{"start":{"line":98,"column":90},"end":{"line":98,"column":103}}],"line":98},"25":{"loc":{"start":{"line":103,"column":4},"end":{"line":105,"column":5}},"type":"if","locations":[{"start":{"line":103,"column":4},"end":{"line":105,"column":5}},{"start":{},"end":{}}],"line":103},"26":{"loc":{"start":{"line":107,"column":24},"end":{"line":107,"column":79}},"type":"cond-expr","locations":[{"start":{"line":107,"column":52},"end":{"line":107,"column":71}},{"start":{"line":107,"column":74},"end":{"line":107,"column":79}}],"line":107},"27":{"loc":{"start":{"line":109,"column":25},"end":{"line":109,"column":90}},"type":"binary-expr","locations":[{"start":{"line":109,"column":25},"end":{"line":109,"column":52}},{"start":{"line":109,"column":56},"end":{"line":109,"column":82}},{"start":{"line":109,"column":86},"end":{"line":109,"column":90}}],"line":109},"28":{"loc":{"start":{"line":110,"column":21},"end":{"line":110,"column":90}},"type":"binary-expr","locations":[{"start":{"line":110,"column":21},"end":{"line":110,"column":82}},{"start":{"line":110,"column":86},"end":{"line":110,"column":90}}],"line":110},"29":{"loc":{"start":{"line":126,"column":33},"end":{"line":126,"column":95}},"type":"binary-expr","locations":[{"start":{"line":126,"column":33},"end":{"line":126,"column":44}},{"start":{"line":126,"column":48},"end":{"line":126,"column":62}},{"start":{"line":126,"column":66},"end":{"line":126,"column":79}},{"start":{"line":126,"column":83},"end":{"line":126,"column":95}}],"line":126},"30":{"loc":{"start":{"line":131,"column":4},"end":{"line":133,"column":5}},"type":"if","locations":[{"start":{"line":131,"column":4},"end":{"line":133,"column":5}},{"start":{},"end":{}}],"line":131},"31":{"loc":{"start":{"line":135,"column":24},"end":{"line":135,"column":79}},"type":"cond-expr","locations":[{"start":{"line":135,"column":52},"end":{"line":135,"column":71}},{"start":{"line":135,"column":74},"end":{"line":135,"column":79}}],"line":135},"32":{"loc":{"start":{"line":136,"column":26},"end":{"line":136,"column":93}},"type":"binary-expr","locations":[{"start":{"line":136,"column":26},"end":{"line":136,"column":53}},{"start":{"line":136,"column":57},"end":{"line":136,"column":77}},{"start":{"line":136,"column":81},"end":{"line":136,"column":93}}],"line":136},"33":{"loc":{"start":{"line":137,"column":25},"end":{"line":137,"column":114}},"type":"binary-expr","locations":[{"start":{"line":137,"column":25},"end":{"line":137,"column":52}},{"start":{"line":137,"column":56},"end":{"line":137,"column":76}},{"start":{"line":137,"column":80},"end":{"line":137,"column":106}},{"start":{"line":137,"column":110},"end":{"line":137,"column":114}}],"line":137},"34":{"loc":{"start":{"line":139,"column":21},"end":{"line":139,"column":91}},"type":"binary-expr","locations":[{"start":{"line":139,"column":21},"end":{"line":139,"column":83}},{"start":{"line":139,"column":87},"end":{"line":139,"column":91}}],"line":139},"35":{"loc":{"start":{"line":154,"column":61},"end":{"line":154,"column":77}},"type":"default-arg","locations":[{"start":{"line":154,"column":75},"end":{"line":154,"column":77}}],"line":154},"36":{"loc":{"start":{"line":156,"column":47},"end":{"line":156,"column":58}},"type":"binary-expr","locations":[{"start":{"line":156,"column":47},"end":{"line":156,"column":52}},{"start":{"line":156,"column":56},"end":{"line":156,"column":58}}],"line":156},"37":{"loc":{"start":{"line":158,"column":2},"end":{"line":160,"column":3}},"type":"if","locations":[{"start":{"line":158,"column":2},"end":{"line":160,"column":3}},{"start":{},"end":{}}],"line":158},"38":{"loc":{"start":{"line":158,"column":6},"end":{"line":158,"column":78}},"type":"binary-expr","locations":[{"start":{"line":158,"column":6},"end":{"line":158,"column":40}},{"start":{"line":158,"column":44},"end":{"line":158,"column":78}}],"line":158},"39":{"loc":{"start":{"line":161,"column":2},"end":{"line":163,"column":3}},"type":"if","locations":[{"start":{"line":161,"column":2},"end":{"line":163,"column":3}},{"start":{},"end":{}}],"line":161},"40":{"loc":{"start":{"line":161,"column":6},"end":{"line":161,"column":88}},"type":"binary-expr","locations":[{"start":{"line":161,"column":6},"end":{"line":161,"column":45}},{"start":{"line":161,"column":49},"end":{"line":161,"column":88}}],"line":161},"41":{"loc":{"start":{"line":164,"column":2},"end":{"line":166,"column":3}},"type":"if","locations":[{"start":{"line":164,"column":2},"end":{"line":166,"column":3}},{"start":{},"end":{}}],"line":164},"42":{"loc":{"start":{"line":164,"column":6},"end":{"line":164,"column":78}},"type":"binary-expr","locations":[{"start":{"line":164,"column":6},"end":{"line":164,"column":40}},{"start":{"line":164,"column":44},"end":{"line":164,"column":78}}],"line":164}},"s":{"0":6,"1":5,"2":5,"3":4,"4":0,"5":4,"6":1,"7":3,"8":4,"9":1,"10":3,"11":2,"12":2,"13":2,"14":4,"15":4,"16":4,"17":9,"18":5,"19":2,"20":2,"21":2,"22":2,"23":2,"24":0,"25":2,"26":2,"27":2,"28":2,"29":2,"30":2,"31":2,"32":2,"33":3,"34":2,"35":1,"36":1,"37":1,"38":1,"39":1,"40":1,"41":0,"42":1,"43":1,"44":1,"45":1,"46":1,"47":1,"48":1,"49":1,"50":1,"51":1,"52":1,"53":0,"54":1,"55":1,"56":1,"57":1,"58":1,"59":1,"60":1,"61":5,"62":5,"63":5,"64":2,"65":3,"66":1,"67":2,"68":1,"69":1,"70":1},"f":{"0":6,"1":5,"2":5,"3":4,"4":4,"5":2,"6":4,"7":4,"8":9,"9":5,"10":2,"11":1,"12":1,"13":5},"b":{"0":[5,0],"1":[5,5,5],"2":[0,0],"3":[5,4],"4":[0,4],"5":[1,3],"6":[1,3],"7":[3,0,0],"8":[2,0],"9":[0,2],"10":[0,4],"11":[0,4],"12":[0,4],"13":[0,4],"14":[5,0],"15":[5,1],"16":[4,1],"17":[2,0,0],"18":[0,2],"19":[0,2],"20":[2,1,1],"21":[3,3,3,0],"22":[3,1],"23":[1,0],"24":[1,0,0,0],"25":[0,1],"26":[0,1],"27":[1,0,0],"28":[1,0],"29":[1,1,1,0],"30":[0,1],"31":[1,0],"32":[1,1,0],"33":[1,1,0,0],"34":[1,0],"35":[0],"36":[5,0],"37":[2,3],"38":[5,3],"39":[1,2],"40":[3,2],"41":[1,1],"42":[2,1]},"_coverageSchema":"1a1c01bbd47fc00a2c39e90264f33305004495a9","hash":"62a9249713968aade0862ad20165a427bc590e0f"}
}
