TN:
SF:src\app.js
FN:11,createReplicationPlannerApp
FNF:1
FNH:1
FNDA:5,createReplicationPlannerApp
DA:1,1
DA:2,1
DA:7,1
DA:8,1
DA:9,1
DA:12,5
DA:13,5
DA:14,5
DA:15,5
DA:17,5
DA:18,5
DA:19,5
DA:20,5
DA:27,5
DA:31,5
DA:32,5
DA:33,5
DA:35,5
DA:36,5
DA:38,5
DA:41,1
LF:21
LH:21
BRF:0
BRH:0
end_of_record
TN:
SF:src\controllers\health-controller.js
FN:3,createHealthController
FN:5,(anonymous_1)
FN:9,(anonymous_2)
FNF:3
FNH:3
FNDA:5,createHealthController
FNDA:2,(anonymous_1)
FNDA:1,(anonymous_2)
DA:1,1
DA:4,5
DA:6,2
DA:10,1
DA:11,1
DA:16,1
LF:6
LH:6
BRF:0
BRH:0
end_of_record
TN:
SF:src\controllers\replication-controller.js
FN:3,createReplicationController
FN:5,(anonymous_1)
FNF:2
FNH:2
FNDA:5,createReplicationController
FNDA:1,(anonymous_1)
DA:1,1
DA:4,5
DA:7,1
DA:8,1
DA:9,1
DA:13,1
DA:18,1
LF:7
LH:7
BRDA:7,0,0,1
BRDA:7,0,1,1
BRDA:7,0,2,1
BRDA:7,0,3,0
BRDA:8,1,0,1
BRDA:8,1,1,1
BRF:6
BRH:5
end_of_record
TN:
SF:src\routes\index.js
FN:6,createReplicationPlannerRouter
FNF:1
FNH:1
FNDA:5,createReplicationPlannerRouter
DA:1,1
DA:2,1
DA:3,1
DA:4,1
DA:7,5
DA:8,5
DA:9,5
DA:11,5
DA:12,5
DA:13,5
DA:15,5
DA:18,1
LF:12
LH:12
BRF:0
BRH:0
end_of_record
TN:
SF:src\services\plan-builder.js
FN:1,unique
FN:5,dataOf
FN:9,eventTypeOf
FN:13,normalizeChunks
FN:24,chunkIdOf
FN:31,replicasOf
FN:37,candidateNodesOf
FN:47,selectTargets
FN:49,(anonymous_8)
FN:52,taskFor
FN:63,buildUploadCompletedTasks
FN:96,buildNodeMissedTasks
FN:125,buildIntegrityFailedTasks
FN:154,buildReplicationTasks
FNF:14
FNH:14
FNDA:6,unique
FNDA:5,dataOf
FNDA:5,eventTypeOf
FNDA:4,normalizeChunks
FNDA:4,chunkIdOf
FNDA:2,replicasOf
FNDA:4,candidateNodesOf
FNDA:4,selectTargets
FNDA:9,(anonymous_8)
FNDA:5,taskFor
FNDA:2,buildUploadCompletedTasks
FNDA:1,buildNodeMissedTasks
FNDA:1,buildIntegrityFailedTasks
FNDA:5,buildReplicationTasks
DA:2,6
DA:6,5
DA:10,5
DA:14,4
DA:15,0
DA:18,4
DA:19,1
DA:21,3
DA:25,4
DA:26,1
DA:28,3
DA:32,2
DA:33,2
DA:34,2
DA:38,4
DA:48,4
DA:49,9
DA:53,5
DA:64,2
DA:65,2
DA:67,2
DA:68,2
DA:69,2
DA:70,0
DA:73,2
DA:74,2
DA:75,2
DA:76,2
DA:77,2
DA:78,2
DA:80,2
DA:81,3
DA:93,2
DA:97,1
DA:98,1
DA:99,1
DA:101,1
DA:102,1
DA:103,1
DA:104,0
DA:107,1
DA:108,1
DA:109,1
DA:110,1
DA:111,1
DA:122,1
DA:126,1
DA:127,1
DA:129,1
DA:130,1
DA:131,1
DA:132,0
DA:135,1
DA:136,1
DA:137,1
DA:138,1
DA:139,1
DA:140,1
DA:151,1
DA:155,5
DA:156,5
DA:158,5
DA:159,2
DA:161,3
DA:162,1
DA:164,2
DA:165,1
DA:168,1
DA:171,1
LF:69
LH:65
BRDA:6,0,0,5
BRDA:6,0,1,0
BRDA:6,1,0,5
BRDA:6,1,1,5
BRDA:6,1,2,5
BRDA:6,2,0,0
BRDA:6,2,1,0
BRDA:10,3,0,5
BRDA:10,3,1,4
BRDA:14,4,0,0
BRDA:14,4,1,4
BRDA:18,5,0,1
BRDA:18,5,1,3
BRDA:25,6,0,1
BRDA:25,6,1,3
BRDA:28,7,0,3
BRDA:28,7,1,0
BRDA:28,7,2,0
BRDA:32,8,0,2
BRDA:32,8,1,0
BRDA:33,9,0,0
BRDA:33,9,1,2
BRDA:39,10,0,0
BRDA:39,10,1,4
BRDA:40,11,0,0
BRDA:40,11,1,4
BRDA:41,12,0,0
BRDA:41,12,1,4
BRDA:42,13,0,0
BRDA:42,13,1,4
BRDA:56,14,0,5
BRDA:56,14,1,0
BRDA:57,15,0,5
BRDA:57,15,1,1
BRDA:59,16,0,4
BRDA:59,16,1,1
BRDA:64,17,0,2
BRDA:64,17,1,0
BRDA:64,17,2,0
BRDA:69,18,0,0
BRDA:69,18,1,2
BRDA:73,19,0,0
BRDA:73,19,1,2
BRDA:75,20,0,2
BRDA:75,20,1,1
BRDA:75,20,2,1
BRDA:85,21,0,3
BRDA:85,21,1,3
BRDA:85,21,2,3
BRDA:85,21,3,0
BRDA:86,22,0,3
BRDA:86,22,1,1
BRDA:97,23,0,1
BRDA:97,23,1,0
BRDA:98,24,0,1
BRDA:98,24,1,0
BRDA:98,24,2,0
BRDA:98,24,3,0
BRDA:103,25,0,0
BRDA:103,25,1,1
BRDA:107,26,0,0
BRDA:107,26,1,1
BRDA:109,27,0,1
BRDA:109,27,1,0
BRDA:109,27,2,0
BRDA:110,28,0,1
BRDA:110,28,1,0
BRDA:126,29,0,1
BRDA:126,29,1,1
BRDA:126,29,2,1
BRDA:126,29,3,0
BRDA:131,30,0,0
BRDA:131,30,1,1
BRDA:135,31,0,1
BRDA:135,31,1,0
BRDA:136,32,0,1
BRDA:136,32,1,1
BRDA:136,32,2,0
BRDA:137,33,0,1
BRDA:137,33,1,1
BRDA:137,33,2,0
BRDA:137,33,3,0
BRDA:139,34,0,1
BRDA:139,34,1,0
BRDA:154,35,0,0
BRDA:156,36,0,5
BRDA:156,36,1,0
BRDA:158,37,0,2
BRDA:158,37,1,3
BRDA:158,38,0,5
BRDA:158,38,1,3
BRDA:161,39,0,1
BRDA:161,39,1,2
BRDA:161,40,0,3
BRDA:161,40,1,2
BRDA:164,41,0,1
BRDA:164,41,1,1
BRDA:164,42,0,2
BRDA:164,42,1,1
BRF:99
BRH:63
end_of_record
