<?xml version="1.0" encoding="UTF-8"?>
<coverage generated="1778862051598" clover="3.2.0">
  <project timestamp="1778862051598" name="All files">
    <metrics statements="171" coveredstatements="154" conditionals="75" coveredconditionals="51" methods="37" coveredmethods="35" elements="283" coveredelements="240" complexity="0" loc="171" ncloc="171" packages="1" files="7" classes="7"/>
    <file name="app.js" path="E:\PM2 Service\services\chunk-catalog\src\app.js">
      <metrics statements="66" coveredstatements="64" conditionals="41" coveredconditionals="34" methods="11" coveredmethods="11"/>
      <line num="1" count="2" type="stmt"/>
      <line num="2" count="2" type="stmt"/>
      <line num="4" count="2" type="stmt"/>
      <line num="5" count="2" type="stmt"/>
      <line num="6" count="2" type="stmt"/>
      <line num="8" count="2" type="stmt"/>
      <line num="11" count="12" type="stmt"/>
      <line num="12" count="12" type="stmt"/>
      <line num="14" count="12" type="stmt"/>
      <line num="15" count="20" type="cond" truecount="2" falsecount="0"/>
      <line num="16" count="20" type="stmt"/>
      <line num="18" count="12" type="stmt"/>
      <line num="20" count="12" type="stmt"/>
      <line num="21" count="20" type="stmt"/>
      <line num="28" count="20" type="stmt"/>
      <line num="31" count="12" type="stmt"/>
      <line num="32" count="1" type="stmt"/>
      <line num="39" count="12" type="stmt"/>
      <line num="40" count="3" type="stmt"/>
      <line num="41" count="3" type="stmt"/>
      <line num="42" count="2" type="stmt"/>
      <line num="48" count="1" type="stmt"/>
      <line num="52" count="12" type="stmt"/>
      <line num="53" count="2" type="stmt"/>
      <line num="54" count="2" type="stmt"/>
      <line num="56" count="0" type="stmt"/>
      <line num="60" count="12" type="stmt"/>
      <line num="61" count="10" type="stmt"/>
      <line num="62" count="10" type="stmt"/>
      <line num="63" count="9" type="stmt"/>
      <line num="64" count="7" type="stmt"/>
      <line num="68" count="3" type="stmt"/>
      <line num="72" count="12" type="stmt"/>
      <line num="73" count="3" type="stmt"/>
      <line num="74" count="3" type="stmt"/>
      <line num="75" count="3" type="cond" truecount="4" falsecount="0"/>
      <line num="76" count="1" type="stmt"/>
      <line num="81" count="2" type="stmt"/>
      <line num="82" count="2" type="stmt"/>
      <line num="84" count="1" type="stmt"/>
      <line num="88" count="12" type="stmt"/>
      <line num="89" count="1" type="stmt"/>
      <line num="96" count="1" type="stmt"/>
      <line num="101" count="12" type="stmt"/>
      <line num="102" count="5" type="cond" truecount="1" falsecount="1"/>
      <line num="103" count="0" type="stmt"/>
      <line num="106" count="5" type="cond" truecount="1" falsecount="1"/>
      <line num="107" count="5" type="cond" truecount="1" falsecount="1"/>
      <line num="108" count="5" type="cond" truecount="1" falsecount="1"/>
      <line num="109" count="5" type="cond" truecount="1" falsecount="1"/>
      <line num="111" count="5" type="stmt"/>
      <line num="122" count="5" type="stmt"/>
      <line num="125" count="12" type="stmt"/>
      <line num="129" count="10" type="stmt"/>
      <line num="131" count="10" type="cond" truecount="5" falsecount="0"/>
      <line num="132" count="1" type="stmt"/>
      <line num="135" count="10" type="cond" truecount="4" falsecount="0"/>
      <line num="136" count="1" type="stmt"/>
      <line num="139" count="10" type="cond" truecount="5" falsecount="0"/>
      <line num="140" count="1" type="stmt"/>
      <line num="143" count="10" type="cond" truecount="4" falsecount="0"/>
      <line num="144" count="1" type="stmt"/>
      <line num="147" count="10" type="cond" truecount="2" falsecount="0"/>
      <line num="148" count="1" type="stmt"/>
      <line num="151" count="9" type="stmt"/>
      <line num="159" count="2" type="stmt"/>
    </file>
    <file name="errors.js" path="E:\PM2 Service\services\chunk-catalog\src\errors.js">
      <metrics statements="5" coveredstatements="5" conditionals="1" coveredconditionals="1" methods="1" coveredmethods="1"/>
      <line num="3" count="5" type="stmt"/>
      <line num="4" count="5" type="stmt"/>
      <line num="5" count="5" type="stmt"/>
      <line num="6" count="5" type="stmt"/>
      <line num="10" count="3" type="stmt"/>
    </file>
    <file name="observability.js" path="E:\PM2 Service\services\chunk-catalog\src\observability.js">
      <metrics statements="47" coveredstatements="45" conditionals="18" coveredconditionals="11" methods="8" coveredmethods="8"/>
      <line num="1" count="2" type="stmt"/>
      <line num="3" count="2" type="stmt"/>
      <line num="6" count="12" type="stmt"/>
      <line num="8" count="12" type="cond" truecount="1" falsecount="1"/>
      <line num="9" count="0" type="stmt"/>
      <line num="15" count="12" type="stmt"/>
      <line num="22" count="12" type="stmt"/>
      <line num="29" count="12" type="stmt"/>
      <line num="37" count="12" type="stmt"/>
      <line num="39" count="20" type="stmt"/>
      <line num="40" count="20" type="stmt"/>
      <line num="41" count="20" type="stmt"/>
      <line num="42" count="20" type="stmt"/>
      <line num="44" count="20" type="stmt"/>
      <line num="45" count="20" type="stmt"/>
      <line num="47" count="20" type="stmt"/>
      <line num="49" count="20" type="stmt"/>
      <line num="50" count="20" type="stmt"/>
      <line num="51" count="20" type="cond" truecount="2" falsecount="1"/>
      <line num="52" count="20" type="stmt"/>
      <line num="59" count="20" type="stmt"/>
      <line num="60" count="20" type="stmt"/>
      <line num="62" count="20" type="cond" truecount="2" falsecount="0"/>
      <line num="63" count="6" type="stmt"/>
      <line num="67" count="20" type="stmt"/>
      <line num="71" count="26" type="stmt"/>
      <line num="82" count="26" type="stmt"/>
      <line num="83" count="26" type="cond" truecount="2" falsecount="0"/>
      <line num="84" count="5" type="stmt"/>
      <line num="85" count="5" type="stmt"/>
      <line num="88" count="21" type="stmt"/>
      <line num="92" count="2" type="stmt"/>
      <line num="93" count="2" type="stmt"/>
      <line num="99" count="20" type="stmt"/>
      <line num="100" count="20" type="stmt"/>
      <line num="102" count="20" type="cond" truecount="1" falsecount="1"/>
      <line num="103" count="0" type="stmt"/>
      <line num="110" count="20" type="stmt"/>
      <line num="111" count="20" type="stmt"/>
      <line num="113" count="20" type="stmt"/>
      <line num="121" count="40" type="stmt"/>
      <line num="125" count="26" type="stmt"/>
      <line num="126" count="26" type="stmt"/>
      <line num="127" count="26" type="stmt"/>
      <line num="128" count="26" type="stmt"/>
      <line num="129" count="26" type="stmt"/>
      <line num="132" count="2" type="stmt"/>
    </file>
    <file name="repository.js" path="E:\PM2 Service\services\chunk-catalog\src\repository.js">
      <metrics statements="18" coveredstatements="17" conditionals="4" coveredconditionals="2" methods="7" coveredmethods="7"/>
      <line num="1" count="2" type="stmt"/>
      <line num="3" count="2" type="stmt"/>
      <line num="6" count="4" type="stmt"/>
      <line num="8" count="2" type="stmt"/>
      <line num="9" count="2" type="stmt"/>
      <line num="13" count="1" type="stmt"/>
      <line num="17" count="7" type="stmt"/>
      <line num="26" count="7" type="stmt"/>
      <line num="27" count="7" type="stmt"/>
      <line num="28" count="5" type="stmt"/>
      <line num="30" count="2" type="cond" truecount="1" falsecount="1"/>
      <line num="31" count="2" type="stmt"/>
      <line num="39" count="0" type="stmt"/>
      <line num="44" count="1" type="stmt"/>
      <line num="45" count="1" type="stmt"/>
      <line num="51" count="7" type="stmt"/>
      <line num="62" count="7" type="cond" truecount="1" falsecount="1"/>
      <line num="65" count="2" type="stmt"/>
    </file>
    <file name="response.js" path="E:\PM2 Service\services\chunk-catalog\src\response.js">
      <metrics statements="3" coveredstatements="3" conditionals="1" coveredconditionals="0" methods="2" coveredmethods="2"/>
      <line num="2" count="12" type="stmt"/>
      <line num="13" count="6" type="stmt"/>
      <line num="27" count="2" type="stmt"/>
    </file>
    <file name="server.js" path="E:\PM2 Service\services\chunk-catalog\src\server.js">
      <metrics statements="10" coveredstatements="0" conditionals="4" coveredconditionals="0" methods="2" coveredmethods="0"/>
      <line num="1" count="0" type="stmt"/>
      <line num="2" count="0" type="stmt"/>
      <line num="4" count="0" type="cond" truecount="0" falsecount="2"/>
      <line num="5" count="0" type="cond" truecount="0" falsecount="2"/>
      <line num="6" count="0" type="stmt"/>
      <line num="9" count="0" type="stmt"/>
      <line num="10" count="0" type="stmt"/>
      <line num="13" count="0" type="stmt"/>
      <line num="14" count="0" type="stmt"/>
      <line num="18" count="0" type="stmt"/>
    </file>
    <file name="start.js" path="E:\PM2 Service\services\chunk-catalog\src\start.js">
      <metrics statements="22" coveredstatements="20" conditionals="6" coveredconditionals="3" methods="6" coveredmethods="6"/>
      <line num="1" count="1" type="stmt"/>
      <line num="3" count="1" type="stmt"/>
      <line num="4" count="1" type="stmt"/>
      <line num="5" count="1" type="stmt"/>
      <line num="8" count="1" type="stmt"/>
      <line num="9" count="1" type="stmt"/>
      <line num="11" count="1" type="cond" truecount="1" falsecount="1"/>
      <line num="12" count="1" type="stmt"/>
      <line num="13" count="1" type="stmt"/>
      <line num="14" count="1" type="stmt"/>
      <line num="16" count="1" type="stmt"/>
      <line num="18" count="1" type="stmt"/>
      <line num="19" count="1" type="stmt"/>
      <line num="22" count="1" type="stmt"/>
      <line num="28" count="1" type="stmt"/>
      <line num="29" count="1" type="stmt"/>
      <line num="30" count="1" type="cond" truecount="1" falsecount="1"/>
      <line num="31" count="0" type="stmt"/>
      <line num="32" count="0" type="stmt"/>
      <line num="35" count="1" type="stmt"/>
      <line num="39" count="1" type="stmt"/>
      <line num="44" count="1" type="stmt"/>
    </file>
  </project>
</coverage>
