{"E:\\PM2 Service\\services\\chunk-catalog\\src\\app.js": {"path":"E:\\PM2 Service\\services\\chunk-catalog\\src\\app.js","statementMap":{"0":{"start":{"line":1,"column":16},"end":{"line":1,"column":34}},"1":{"start":{"line":2,"column":23},"end":{"line":2,"column":40}},"2":{"start":{"line":4,"column":21},"end":{"line":4,"column":40}},"3":{"start":{"line":5,"column":32},"end":{"line":5,"column":58}},"4":{"start":{"line":6,"column":43},"end":{"line":6,"column":64}},"5":{"start":{"line":8,"column":21},"end":{"line":8,"column":36}},"6":{"start":{"line":11,"column":14},"end":{"line":11,"column":23}},"7":{"start":{"line":12,"column":2},"end":{"line":12,"column":26}},"8":{"start":{"line":14,"column":2},"end":{"line":17,"column":5}},"9":{"start":{"line":15,"column":4},"end":{"line":15,"column":63}},"10":{"start":{"line":16,"column":4},"end":{"line":16,"column":11}},"11":{"start":{"line":18,"column":2},"end":{"line":18,"column":50}},"12":{"start":{"line":20,"column":2},"end":{"line":29,"column":5}},"13":{"start":{"line":21,"column":4},"end":{"line":27,"column":7}},"14":{"start":{"line":28,"column":4},"end":{"line":28,"column":11}},"15":{"start":{"line":31,"column":2},"end":{"line":37,"column":5}},"16":{"start":{"line":32,"column":4},"end":{"line":36,"column":6}},"17":{"start":{"line":39,"column":2},"end":{"line":50,"column":5}},"18":{"start":{"line":40,"column":4},"end":{"line":49,"column":5}},"19":{"start":{"line":41,"column":6},"end":{"line":41,"column":30}},"20":{"start":{"line":42,"column":6},"end":{"line":46,"column":8}},"21":{"start":{"line":48,"column":6},"end":{"line":48,"column":88}},"22":{"start":{"line":52,"column":2},"end":{"line":58,"column":5}},"23":{"start":{"line":53,"column":4},"end":{"line":57,"column":5}},"24":{"start":{"line":54,"column":6},"end":{"line":54,"column":51}},"25":{"start":{"line":56,"column":6},"end":{"line":56,"column":18}},"26":{"start":{"line":60,"column":2},"end":{"line":70,"column":5}},"27":{"start":{"line":61,"column":4},"end":{"line":69,"column":5}},"28":{"start":{"line":62,"column":22},"end":{"line":62,"column":51}},"29":{"start":{"line":63,"column":20},"end":{"line":63,"column":57}},"30":{"start":{"line":64,"column":6},"end":{"line":66,"column":67}},"31":{"start":{"line":68,"column":6},"end":{"line":68,"column":18}},"32":{"start":{"line":72,"column":2},"end":{"line":86,"column":5}},"33":{"start":{"line":73,"column":4},"end":{"line":85,"column":5}},"34":{"start":{"line":74,"column":21},"end":{"line":74,"column":38}},"35":{"start":{"line":75,"column":6},"end":{"line":79,"column":7}},"36":{"start":{"line":76,"column":8},"end":{"line":78,"column":11}},"37":{"start":{"line":81,"column":21},"end":{"line":81,"column":58}},"38":{"start":{"line":82,"column":6},"end":{"line":82,"column":69}},"39":{"start":{"line":84,"column":6},"end":{"line":84,"column":18}},"40":{"start":{"line":88,"column":2},"end":{"line":99,"column":5}},"41":{"start":{"line":89,"column":4},"end":{"line":95,"column":7}},"42":{"start":{"line":96,"column":4},"end":{"line":98,"column":6}},"43":{"start":{"line":101,"column":2},"end":{"line":123,"column":5}},"44":{"start":{"line":102,"column":4},"end":{"line":104,"column":5}},"45":{"start":{"line":103,"column":6},"end":{"line":103,"column":25}},"46":{"start":{"line":106,"column":23},"end":{"line":106,"column":46}},"47":{"start":{"line":107,"column":17},"end":{"line":107,"column":54}},"48":{"start":{"line":108,"column":20},"end":{"line":108,"column":81}},"49":{"start":{"line":109,"column":20},"end":{"line":109,"column":39}},"50":{"start":{"line":111,"column":4},"end":{"line":120,"column":7}},"51":{"start":{"line":122,"column":4},"end":{"line":122,"column":100}},"52":{"start":{"line":125,"column":2},"end":{"line":125,"column":13}},"53":{"start":{"line":129,"column":18},"end":{"line":129,"column":20}},"54":{"start":{"line":131,"column":2},"end":{"line":133,"column":3}},"55":{"start":{"line":132,"column":4},"end":{"line":132,"column":60}},"56":{"start":{"line":135,"column":2},"end":{"line":137,"column":3}},"57":{"start":{"line":136,"column":4},"end":{"line":136,"column":81}},"58":{"start":{"line":139,"column":2},"end":{"line":141,"column":3}},"59":{"start":{"line":140,"column":4},"end":{"line":140,"column":54}},"60":{"start":{"line":143,"column":2},"end":{"line":145,"column":3}},"61":{"start":{"line":144,"column":4},"end":{"line":144,"column":73}},"62":{"start":{"line":147,"column":2},"end":{"line":149,"column":3}},"63":{"start":{"line":148,"column":4},"end":{"line":148,"column":83}},"64":{"start":{"line":151,"column":2},"end":{"line":156,"column":4}},"65":{"start":{"line":159,"column":0},"end":{"line":161,"column":2}}},"fnMap":{"0":{"name":"createApp","decl":{"start":{"line":10,"column":9},"end":{"line":10,"column":18}},"loc":{"start":{"line":10,"column":86},"end":{"line":126,"column":1}},"line":10},"1":{"name":"(anonymous_1)","decl":{"start":{"line":14,"column":10},"end":{"line":14,"column":11}},"loc":{"start":{"line":14,"column":30},"end":{"line":17,"column":3}},"line":14},"2":{"name":"(anonymous_2)","decl":{"start":{"line":20,"column":10},"end":{"line":20,"column":11}},"loc":{"start":{"line":20,"column":30},"end":{"line":29,"column":3}},"line":20},"3":{"name":"(anonymous_3)","decl":{"start":{"line":31,"column":21},"end":{"line":31,"column":22}},"loc":{"start":{"line":31,"column":35},"end":{"line":37,"column":3}},"line":31},"4":{"name":"(anonymous_4)","decl":{"start":{"line":39,"column":20},"end":{"line":39,"column":21}},"loc":{"start":{"line":39,"column":46},"end":{"line":50,"column":3}},"line":39},"5":{"name":"(anonymous_5)","decl":{"start":{"line":52,"column":22},"end":{"line":52,"column":23}},"loc":{"start":{"line":52,"column":48},"end":{"line":58,"column":3}},"line":52},"6":{"name":"(anonymous_6)","decl":{"start":{"line":60,"column":22},"end":{"line":60,"column":23}},"loc":{"start":{"line":60,"column":48},"end":{"line":70,"column":3}},"line":60},"7":{"name":"(anonymous_7)","decl":{"start":{"line":72,"column":21},"end":{"line":72,"column":22}},"loc":{"start":{"line":72,"column":47},"end":{"line":86,"column":3}},"line":72},"8":{"name":"(anonymous_8)","decl":{"start":{"line":88,"column":10},"end":{"line":88,"column":11}},"loc":{"start":{"line":88,"column":24},"end":{"line":99,"column":3}},"line":88},"9":{"name":"(anonymous_9)","decl":{"start":{"line":101,"column":10},"end":{"line":101,"column":11}},"loc":{"start":{"line":101,"column":37},"end":{"line":123,"column":3}},"line":101},"10":{"name":"validateCreateChunk","decl":{"start":{"line":128,"column":9},"end":{"line":128,"column":28}},"loc":{"start":{"line":128,"column":35},"end":{"line":157,"column":1}},"line":128}},"branchMap":{"0":{"loc":{"start":{"line":10,"column":33},"end":{"line":10,"column":82}},"type":"default-arg","locations":[{"start":{"line":10,"column":49},"end":{"line":10,"column":82}}],"line":10},"1":{"loc":{"start":{"line":15,"column":20},"end":{"line":15,"column":62}},"type":"binary-expr","locations":[{"start":{"line":15,"column":20},"end":{"line":15,"column":46}},{"start":{"line":15,"column":50},"end":{"line":15,"column":62}}],"line":15},"2":{"loc":{"start":{"line":75,"column":6},"end":{"line":79,"column":7}},"type":"if","locations":[{"start":{"line":75,"column":6},"end":{"line":79,"column":7}},{"start":{},"end":{}}],"line":75},"3":{"loc":{"start":{"line":75,"column":10},"end":{"line":75,"column":47}},"type":"binary-expr","locations":[{"start":{"line":75,"column":10},"end":{"line":75,"column":17}},{"start":{"line":75,"column":21},"end":{"line":75,"column":47}}],"line":75},"4":{"loc":{"start":{"line":90,"column":17},"end":{"line":90,"column":46}},"type":"binary-expr","locations":[{"start":{"line":90,"column":17},"end":{"line":90,"column":30}},{"start":{"line":90,"column":34},"end":{"line":90,"column":46}}],"line":90},"5":{"loc":{"start":{"line":97,"column":34},"end":{"line":97,"column":63}},"type":"binary-expr","locations":[{"start":{"line":97,"column":34},"end":{"line":97,"column":47}},{"start":{"line":97,"column":51},"end":{"line":97,"column":63}}],"line":97},"6":{"loc":{"start":{"line":102,"column":4},"end":{"line":104,"column":5}},"type":"if","locations":[{"start":{"line":102,"column":4},"end":{"line":104,"column":5}},{"start":{},"end":{}}],"line":102},"7":{"loc":{"start":{"line":106,"column":23},"end":{"line":106,"column":46}},"type":"binary-expr","locations":[{"start":{"line":106,"column":23},"end":{"line":106,"column":39}},{"start":{"line":106,"column":43},"end":{"line":106,"column":46}}],"line":106},"8":{"loc":{"start":{"line":107,"column":17},"end":{"line":107,"column":54}},"type":"binary-expr","locations":[{"start":{"line":107,"column":17},"end":{"line":107,"column":27}},{"start":{"line":107,"column":31},"end":{"line":107,"column":54}}],"line":107},"9":{"loc":{"start":{"line":108,"column":20},"end":{"line":108,"column":81}},"type":"cond-expr","locations":[{"start":{"line":108,"column":39},"end":{"line":108,"column":52}},{"start":{"line":108,"column":55},"end":{"line":108,"column":81}}],"line":108},"10":{"loc":{"start":{"line":109,"column":20},"end":{"line":109,"column":39}},"type":"binary-expr","locations":[{"start":{"line":109,"column":20},"end":{"line":109,"column":33}},{"start":{"line":109,"column":37},"end":{"line":109,"column":39}}],"line":109},"11":{"loc":{"start":{"line":131,"column":2},"end":{"line":133,"column":3}},"type":"if","locations":[{"start":{"line":131,"column":2},"end":{"line":133,"column":3}},{"start":{},"end":{}}],"line":131},"12":{"loc":{"start":{"line":131,"column":6},"end":{"line":131,"column":77}},"type":"binary-expr","locations":[{"start":{"line":131,"column":6},"end":{"line":131,"column":11}},{"start":{"line":131,"column":15},"end":{"line":131,"column":47}},{"start":{"line":131,"column":51},"end":{"line":131,"column":77}}],"line":131},"13":{"loc":{"start":{"line":135,"column":2},"end":{"line":137,"column":3}},"type":"if","locations":[{"start":{"line":135,"column":2},"end":{"line":137,"column":3}},{"start":{},"end":{}}],"line":135},"14":{"loc":{"start":{"line":135,"column":6},"end":{"line":135,"column":60}},"type":"binary-expr","locations":[{"start":{"line":135,"column":6},"end":{"line":135,"column":39}},{"start":{"line":135,"column":43},"end":{"line":135,"column":60}}],"line":135},"15":{"loc":{"start":{"line":139,"column":2},"end":{"line":141,"column":3}},"type":"if","locations":[{"start":{"line":139,"column":2},"end":{"line":141,"column":3}},{"start":{},"end":{}}],"line":139},"16":{"loc":{"start":{"line":139,"column":6},"end":{"line":139,"column":71}},"type":"binary-expr","locations":[{"start":{"line":139,"column":6},"end":{"line":139,"column":11}},{"start":{"line":139,"column":15},"end":{"line":139,"column":44}},{"start":{"line":139,"column":48},"end":{"line":139,"column":71}}],"line":139},"17":{"loc":{"start":{"line":143,"column":2},"end":{"line":145,"column":3}},"type":"if","locations":[{"start":{"line":143,"column":2},"end":{"line":145,"column":3}},{"start":{},"end":{}}],"line":143},"18":{"loc":{"start":{"line":143,"column":6},"end":{"line":143,"column":52}},"type":"binary-expr","locations":[{"start":{"line":143,"column":6},"end":{"line":143,"column":35}},{"start":{"line":143,"column":39},"end":{"line":143,"column":52}}],"line":143},"19":{"loc":{"start":{"line":147,"column":2},"end":{"line":149,"column":3}},"type":"if","locations":[{"start":{"line":147,"column":2},"end":{"line":149,"column":3}},{"start":{},"end":{}}],"line":147}},"s":{"0":2,"1":2,"2":2,"3":2,"4":2,"5":2,"6":12,"7":12,"8":12,"9":20,"10":20,"11":12,"12":12,"13":20,"14":20,"15":12,"16":1,"17":12,"18":3,"19":3,"20":2,"21":1,"22":12,"23":2,"24":2,"25":0,"26":12,"27":10,"28":10,"29":9,"30":7,"31":3,"32":12,"33":3,"34":3,"35":3,"36":1,"37":2,"38":2,"39":1,"40":12,"41":1,"42":1,"43":12,"44":5,"45":0,"46":5,"47":5,"48":5,"49":5,"50":5,"51":5,"52":12,"53":10,"54":10,"55":1,"56":10,"57":1,"58":10,"59":1,"60":10,"61":1,"62":10,"63":1,"64":9,"65":2},"f":{"0":12,"1":20,"2":20,"3":1,"4":3,"5":2,"6":10,"7":3,"8":1,"9":5,"10":10},"b":{"0":[11],"1":[20,19],"2":[1,2],"3":[3,2],"4":[1,0],"5":[1,0],"6":[0,5],"7":[5,0],"8":[5,0],"9":[5,0],"10":[5,0],"11":[1,9],"12":[10,10,10],"13":[1,9],"14":[10,10],"15":[1,9],"16":[10,10,10],"17":[1,9],"18":[10,10],"19":[1,9]},"_coverageSchema":"1a1c01bbd47fc00a2c39e90264f33305004495a9","hash":"a7465dd86a4b18c16cf2d07e18188754ca6c59f7"}
,"E:\\PM2 Service\\services\\chunk-catalog\\src\\errors.js": {"path":"E:\\PM2 Service\\services\\chunk-catalog\\src\\errors.js","statementMap":{"0":{"start":{"line":3,"column":4},"end":{"line":3,"column":19}},"1":{"start":{"line":4,"column":4},"end":{"line":4,"column":33}},"2":{"start":{"line":5,"column":4},"end":{"line":5,"column":21}},"3":{"start":{"line":6,"column":4},"end":{"line":6,"column":27}},"4":{"start":{"line":10,"column":0},"end":{"line":12,"column":2}}},"fnMap":{"0":{"name":"(anonymous_0)","decl":{"start":{"line":2,"column":2},"end":{"line":2,"column":3}},"loc":{"start":{"line":2,"column":55},"end":{"line":7,"column":3}},"line":2}},"branchMap":{"0":{"loc":{"start":{"line":2,"column":41},"end":{"line":2,"column":53}},"type":"default-arg","locations":[{"start":{"line":2,"column":51},"end":{"line":2,"column":53}}],"line":2}},"s":{"0":5,"1":5,"2":5,"3":5,"4":3},"f":{"0":5},"b":{"0":[1]},"_coverageSchema":"1a1c01bbd47fc00a2c39e90264f33305004495a9","hash":"6a7b3998976d3f9dcc44c5818d5a68b8a35b5fa6"}
,"E:\\PM2 Service\\services\\chunk-catalog\\src\\observability.js": {"path":"E:\\PM2 Service\\services\\chunk-catalog\\src\\observability.js","statementMap":{"0":{"start":{"line":1,"column":24},"end":{"line":1,"column":41}},"1":{"start":{"line":3,"column":15},"end":{"line":3,"column":37}},"2":{"start":{"line":6,"column":19},"end":{"line":6,"column":40}},"3":{"start":{"line":8,"column":2},"end":{"line":13,"column":3}},"4":{"start":{"line":9,"column":4},"end":{"line":12,"column":7}},"5":{"start":{"line":15,"column":25},"end":{"line":20,"column":4}},"6":{"start":{"line":22,"column":23},"end":{"line":27,"column":4}},"7":{"start":{"line":29,"column":27},"end":{"line":35,"column":4}},"8":{"start":{"line":37,"column":2},"end":{"line":95,"column":4}},"9":{"start":{"line":39,"column":27},"end":{"line":39,"column":47}},"10":{"start":{"line":40,"column":6},"end":{"line":40,"column":41}},"11":{"start":{"line":41,"column":6},"end":{"line":41,"column":39}},"12":{"start":{"line":42,"column":6},"end":{"line":42,"column":49}},"13":{"start":{"line":44,"column":6},"end":{"line":44,"column":51}},"14":{"start":{"line":45,"column":6},"end":{"line":45,"column":52}},"15":{"start":{"line":47,"column":24},"end":{"line":47,"column":47}},"16":{"start":{"line":49,"column":6},"end":{"line":65,"column":9}},"17":{"start":{"line":50,"column":32},"end":{"line":50,"column":81}},"18":{"start":{"line":51,"column":22},"end":{"line":51,"column":62}},"19":{"start":{"line":52,"column":23},"end":{"line":57,"column":9}},"20":{"start":{"line":59,"column":8},"end":{"line":59,"column":35}},"21":{"start":{"line":60,"column":8},"end":{"line":60,"column":58}},"22":{"start":{"line":62,"column":8},"end":{"line":64,"column":9}},"23":{"start":{"line":63,"column":10},"end":{"line":63,"column":35}},"24":{"start":{"line":67,"column":6},"end":{"line":67,"column":13}},"25":{"start":{"line":71,"column":20},"end":{"line":80,"column":7}},"26":{"start":{"line":82,"column":19},"end":{"line":82,"column":40}},"27":{"start":{"line":83,"column":6},"end":{"line":86,"column":7}},"28":{"start":{"line":84,"column":8},"end":{"line":84,"column":28}},"29":{"start":{"line":85,"column":8},"end":{"line":85,"column":15}},"30":{"start":{"line":88,"column":6},"end":{"line":88,"column":24}},"31":{"start":{"line":92,"column":6},"end":{"line":92,"column":52}},"32":{"start":{"line":93,"column":6},"end":{"line":93,"column":41}},"33":{"start":{"line":99,"column":17},"end":{"line":99,"column":42}},"34":{"start":{"line":100,"column":16},"end":{"line":100,"column":80}},"35":{"start":{"line":102,"column":2},"end":{"line":108,"column":3}},"36":{"start":{"line":103,"column":4},"end":{"line":107,"column":6}},"37":{"start":{"line":110,"column":18},"end":{"line":110,"column":31}},"38":{"start":{"line":111,"column":17},"end":{"line":111,"column":29}},"39":{"start":{"line":113,"column":2},"end":{"line":117,"column":4}},"40":{"start":{"line":121,"column":2},"end":{"line":121,"column":43}},"41":{"start":{"line":125,"column":20},"end":{"line":125,"column":33}},"42":{"start":{"line":126,"column":2},"end":{"line":126,"column":29}},"43":{"start":{"line":127,"column":2},"end":{"line":127,"column":27}},"44":{"start":{"line":128,"column":2},"end":{"line":128,"column":26}},"45":{"start":{"line":129,"column":2},"end":{"line":129,"column":19}},"46":{"start":{"line":132,"column":0},"end":{"line":134,"column":2}}},"fnMap":{"0":{"name":"createObservability","decl":{"start":{"line":5,"column":9},"end":{"line":5,"column":28}},"loc":{"start":{"line":5,"column":42},"end":{"line":96,"column":1}},"line":5},"1":{"name":"(anonymous_1)","decl":{"start":{"line":38,"column":4},"end":{"line":38,"column":5}},"loc":{"start":{"line":38,"column":45},"end":{"line":68,"column":5}},"line":38},"2":{"name":"(anonymous_2)","decl":{"start":{"line":49,"column":23},"end":{"line":49,"column":24}},"loc":{"start":{"line":49,"column":29},"end":{"line":65,"column":7}},"line":49},"3":{"name":"(anonymous_3)","decl":{"start":{"line":70,"column":4},"end":{"line":70,"column":5}},"loc":{"start":{"line":70,"column":37},"end":{"line":89,"column":5}},"line":70},"4":{"name":"(anonymous_4)","decl":{"start":{"line":91,"column":4},"end":{"line":91,"column":5}},"loc":{"start":{"line":91,"column":35},"end":{"line":94,"column":5}},"line":91},"5":{"name":"getTraceContext","decl":{"start":{"line":98,"column":9},"end":{"line":98,"column":24}},"loc":{"start":{"line":98,"column":30},"end":{"line":118,"column":1}},"line":98},"6":{"name":"randomHex","decl":{"start":{"line":120,"column":9},"end":{"line":120,"column":18}},"loc":{"start":{"line":120,"column":25},"end":{"line":122,"column":1}},"line":120},"7":{"name":"sanitizeFields","decl":{"start":{"line":124,"column":9},"end":{"line":124,"column":23}},"loc":{"start":{"line":124,"column":32},"end":{"line":130,"column":1}},"line":124}},"branchMap":{"0":{"loc":{"start":{"line":8,"column":2},"end":{"line":13,"column":3}},"type":"if","locations":[{"start":{"line":8,"column":2},"end":{"line":13,"column":3}},{"start":{},"end":{}}],"line":8},"1":{"loc":{"start":{"line":51,"column":22},"end":{"line":51,"column":62}},"type":"binary-expr","locations":[{"start":{"line":51,"column":22},"end":{"line":51,"column":37}},{"start":{"line":51,"column":41},"end":{"line":51,"column":49}},{"start":{"line":51,"column":53},"end":{"line":51,"column":62}}],"line":51},"2":{"loc":{"start":{"line":62,"column":8},"end":{"line":64,"column":9}},"type":"if","locations":[{"start":{"line":62,"column":8},"end":{"line":64,"column":9}},{"start":{},"end":{}}],"line":62},"3":{"loc":{"start":{"line":70,"column":24},"end":{"line":70,"column":35}},"type":"default-arg","locations":[{"start":{"line":70,"column":33},"end":{"line":70,"column":35}}],"line":70},"4":{"loc":{"start":{"line":74,"column":20},"end":{"line":74,"column":44}},"type":"binary-expr","locations":[{"start":{"line":74,"column":20},"end":{"line":74,"column":36}},{"start":{"line":74,"column":40},"end":{"line":74,"column":44}}],"line":74},"5":{"loc":{"start":{"line":75,"column":18},"end":{"line":75,"column":40}},"type":"binary-expr","locations":[{"start":{"line":75,"column":18},"end":{"line":75,"column":32}},{"start":{"line":75,"column":36},"end":{"line":75,"column":40}}],"line":75},"6":{"loc":{"start":{"line":76,"column":17},"end":{"line":76,"column":38}},"type":"binary-expr","locations":[{"start":{"line":76,"column":17},"end":{"line":76,"column":30}},{"start":{"line":76,"column":34},"end":{"line":76,"column":38}}],"line":76},"7":{"loc":{"start":{"line":83,"column":6},"end":{"line":86,"column":7}},"type":"if","locations":[{"start":{"line":83,"column":6},"end":{"line":86,"column":7}},{"start":{},"end":{}}],"line":83},"8":{"loc":{"start":{"line":102,"column":2},"end":{"line":108,"column":3}},"type":"if","locations":[{"start":{"line":102,"column":2},"end":{"line":108,"column":3}},{"start":{},"end":{}}],"line":102}},"s":{"0":2,"1":2,"2":12,"3":12,"4":0,"5":12,"6":12,"7":12,"8":12,"9":20,"10":20,"11":20,"12":20,"13":20,"14":20,"15":20,"16":20,"17":20,"18":20,"19":20,"20":20,"21":20,"22":20,"23":6,"24":20,"25":26,"26":26,"27":26,"28":5,"29":5,"30":21,"31":2,"32":2,"33":20,"34":20,"35":20,"36":0,"37":20,"38":20,"39":20,"40":40,"41":26,"42":26,"43":26,"44":26,"45":26,"46":2},"f":{"0":12,"1":20,"2":20,"3":26,"4":2,"5":20,"6":40,"7":26},"b":{"0":[0,12],"1":[20,1,0],"2":[6,14],"3":[0],"4":[26,0],"5":[26,0],"6":[26,0],"7":[5,21],"8":[0,20]},"_coverageSchema":"1a1c01bbd47fc00a2c39e90264f33305004495a9","hash":"e5d40f7bdb44a8293d172b829c22364520d88c78"}
,"E:\\PM2 Service\\services\\chunk-catalog\\src\\repository.js": {"path":"E:\\PM2 Service\\services\\chunk-catalog\\src\\repository.js","statementMap":{"0":{"start":{"line":1,"column":21},"end":{"line":1,"column":39}},"1":{"start":{"line":3,"column":21},"end":{"line":3,"column":40}},"2":{"start":{"line":6,"column":2},"end":{"line":47,"column":4}},"3":{"start":{"line":8,"column":6},"end":{"line":8,"column":82}},"4":{"start":{"line":9,"column":6},"end":{"line":9,"column":51}},"5":{"start":{"line":13,"column":6},"end":{"line":13,"column":41}},"6":{"start":{"line":17,"column":20},"end":{"line":24,"column":7}},"7":{"start":{"line":26,"column":6},"end":{"line":40,"column":7}},"8":{"start":{"line":27,"column":8},"end":{"line":27,"column":42}},"9":{"start":{"line":28,"column":8},"end":{"line":28,"column":31}},"10":{"start":{"line":30,"column":8},"end":{"line":37,"column":9}},"11":{"start":{"line":31,"column":10},"end":{"line":36,"column":12}},"12":{"start":{"line":39,"column":8},"end":{"line":39,"column":20}},"13":{"start":{"line":44,"column":24},"end":{"line":44,"column":98}},"14":{"start":{"line":45,"column":6},"end":{"line":45,"column":37}},"15":{"start":{"line":51,"column":2},"end":{"line":58,"column":4}},"16":{"start":{"line":62,"column":2},"end":{"line":62,"column":61}},"17":{"start":{"line":65,"column":0},"end":{"line":67,"column":2}}},"fnMap":{"0":{"name":"createChunkRepository","decl":{"start":{"line":5,"column":9},"end":{"line":5,"column":30}},"loc":{"start":{"line":5,"column":43},"end":{"line":48,"column":1}},"line":5},"1":{"name":"(anonymous_1)","decl":{"start":{"line":7,"column":4},"end":{"line":7,"column":5}},"loc":{"start":{"line":7,"column":17},"end":{"line":10,"column":5}},"line":7},"2":{"name":"(anonymous_2)","decl":{"start":{"line":12,"column":4},"end":{"line":12,"column":5}},"loc":{"start":{"line":12,"column":17},"end":{"line":14,"column":5}},"line":12},"3":{"name":"(anonymous_3)","decl":{"start":{"line":16,"column":4},"end":{"line":16,"column":5}},"loc":{"start":{"line":16,"column":55},"end":{"line":41,"column":5}},"line":16},"4":{"name":"(anonymous_4)","decl":{"start":{"line":43,"column":4},"end":{"line":43,"column":5}},"loc":{"start":{"line":43,"column":31},"end":{"line":46,"column":5}},"line":43},"5":{"name":"mapChunk","decl":{"start":{"line":50,"column":9},"end":{"line":50,"column":17}},"loc":{"start":{"line":50,"column":28},"end":{"line":59,"column":1}},"line":50},"6":{"name":"toIsoString","decl":{"start":{"line":61,"column":9},"end":{"line":61,"column":20}},"loc":{"start":{"line":61,"column":28},"end":{"line":63,"column":1}},"line":61}},"branchMap":{"0":{"loc":{"start":{"line":30,"column":8},"end":{"line":37,"column":9}},"type":"if","locations":[{"start":{"line":30,"column":8},"end":{"line":37,"column":9}},{"start":{},"end":{}}],"line":30},"1":{"loc":{"start":{"line":62,"column":9},"end":{"line":62,"column":60}},"type":"cond-expr","locations":[{"start":{"line":62,"column":33},"end":{"line":62,"column":52}},{"start":{"line":62,"column":55},"end":{"line":62,"column":60}}],"line":62}},"s":{"0":2,"1":2,"2":4,"3":2,"4":2,"5":1,"6":7,"7":7,"8":7,"9":5,"10":2,"11":2,"12":0,"13":1,"14":1,"15":7,"16":7,"17":2},"f":{"0":4,"1":2,"2":1,"3":7,"4":1,"5":7,"6":7},"b":{"0":[2,0],"1":[7,0]},"_coverageSchema":"1a1c01bbd47fc00a2c39e90264f33305004495a9","hash":"755ae648210f391da331b1324e932704301168f5"}
,"E:\\PM2 Service\\services\\chunk-catalog\\src\\response.js": {"path":"E:\\PM2 Service\\services\\chunk-catalog\\src\\response.js","statementMap":{"0":{"start":{"line":2,"column":2},"end":{"line":9,"column":4}},"1":{"start":{"line":13,"column":2},"end":{"line":24,"column":4}},"2":{"start":{"line":27,"column":0},"end":{"line":30,"column":2}}},"fnMap":{"0":{"name":"successResponse","decl":{"start":{"line":1,"column":9},"end":{"line":1,"column":24}},"loc":{"start":{"line":1,"column":55},"end":{"line":10,"column":1}},"line":1},"1":{"name":"errorResponse","decl":{"start":{"line":12,"column":9},"end":{"line":12,"column":22}},"loc":{"start":{"line":12,"column":76},"end":{"line":25,"column":1}},"line":12}},"branchMap":{"0":{"loc":{"start":{"line":12,"column":62},"end":{"line":12,"column":74}},"type":"default-arg","locations":[{"start":{"line":12,"column":72},"end":{"line":12,"column":74}}],"line":12}},"s":{"0":12,"1":6,"2":2},"f":{"0":12,"1":6},"b":{"0":[0]},"_coverageSchema":"1a1c01bbd47fc00a2c39e90264f33305004495a9","hash":"a207e45b7354e806aa51086f29af23f44aa8a1de"}
,"E:\\PM2 Service\\services\\chunk-catalog\\src\\server.js": {"path":"E:\\PM2 Service\\services\\chunk-catalog\\src\\server.js","statementMap":{"0":{"start":{"line":1,"column":25},"end":{"line":1,"column":43}},"1":{"start":{"line":2,"column":32},"end":{"line":2,"column":58}},"2":{"start":{"line":4,"column":13},"end":{"line":4,"column":45}},"3":{"start":{"line":5,"column":20},"end":{"line":5,"column":89}},"4":{"start":{"line":6,"column":22},"end":{"line":6,"column":58}},"5":{"start":{"line":9,"column":2},"end":{"line":9,"column":59}},"6":{"start":{"line":10,"column":2},"end":{"line":10,"column":56}},"7":{"start":{"line":13,"column":0},"end":{"line":19,"column":3}},"8":{"start":{"line":14,"column":2},"end":{"line":17,"column":5}},"9":{"start":{"line":18,"column":2},"end":{"line":18,"column":18}}},"fnMap":{"0":{"name":"start","decl":{"start":{"line":8,"column":15},"end":{"line":8,"column":20}},"loc":{"start":{"line":8,"column":23},"end":{"line":11,"column":1}},"line":8},"1":{"name":"(anonymous_1)","decl":{"start":{"line":13,"column":14},"end":{"line":13,"column":15}},"loc":{"start":{"line":13,"column":25},"end":{"line":19,"column":1}},"line":13}},"branchMap":{"0":{"loc":{"start":{"line":4,"column":20},"end":{"line":4,"column":44}},"type":"binary-expr","locations":[{"start":{"line":4,"column":20},"end":{"line":4,"column":36}},{"start":{"line":4,"column":40},"end":{"line":4,"column":44}}],"line":4},"1":{"loc":{"start":{"line":5,"column":20},"end":{"line":5,"column":89}},"type":"binary-expr","locations":[{"start":{"line":5,"column":20},"end":{"line":5,"column":44}},{"start":{"line":5,"column":48},"end":{"line":5,"column":89}}],"line":5}},"s":{"0":0,"1":0,"2":0,"3":0,"4":0,"5":0,"6":0,"7":0,"8":0,"9":0},"f":{"0":0,"1":0},"b":{"0":[0,0],"1":[0,0]}}
,"E:\\PM2 Service\\services\\chunk-catalog\\src\\start.js": {"path":"E:\\PM2 Service\\services\\chunk-catalog\\src\\start.js","statementMap":{"0":{"start":{"line":1,"column":24},"end":{"line":1,"column":42}},"1":{"start":{"line":3,"column":22},"end":{"line":3,"column":38}},"2":{"start":{"line":4,"column":32},"end":{"line":4,"column":58}},"3":{"start":{"line":5,"column":34},"end":{"line":5,"column":57}},"4":{"start":{"line":8,"column":17},"end":{"line":8,"column":45}},"5":{"start":{"line":9,"column":2},"end":{"line":9,"column":25}},"6":{"start":{"line":11,"column":23},"end":{"line":11,"column":90}},"7":{"start":{"line":12,"column":21},"end":{"line":12,"column":65}},"8":{"start":{"line":13,"column":21},"end":{"line":13,"column":54}},"9":{"start":{"line":14,"column":2},"end":{"line":14,"column":26}},"10":{"start":{"line":16,"column":14},"end":{"line":16,"column":54}},"11":{"start":{"line":18,"column":17},"end":{"line":20,"column":4}},"12":{"start":{"line":19,"column":21},"end":{"line":19,"column":62}},"13":{"start":{"line":19,"column":44},"end":{"line":19,"column":61}},"14":{"start":{"line":22,"column":2},"end":{"line":41,"column":4}},"15":{"start":{"line":28,"column":6},"end":{"line":37,"column":9}},"16":{"start":{"line":29,"column":8},"end":{"line":36,"column":11}},"17":{"start":{"line":30,"column":10},"end":{"line":33,"column":11}},"18":{"start":{"line":31,"column":12},"end":{"line":31,"column":26}},"19":{"start":{"line":32,"column":12},"end":{"line":32,"column":19}},"20":{"start":{"line":35,"column":10},"end":{"line":35,"column":20}},"21":{"start":{"line":39,"column":6},"end":{"line":39,"column":27}},"22":{"start":{"line":44,"column":0},"end":{"line":46,"column":2}}},"fnMap":{"0":{"name":"createServer","decl":{"start":{"line":7,"column":15},"end":{"line":7,"column":27}},"loc":{"start":{"line":7,"column":109},"end":{"line":42,"column":1}},"line":7},"1":{"name":"(anonymous_1)","decl":{"start":{"line":18,"column":35},"end":{"line":18,"column":36}},"loc":{"start":{"line":18,"column":48},"end":{"line":20,"column":3}},"line":18},"2":{"name":"(anonymous_2)","decl":{"start":{"line":19,"column":38},"end":{"line":19,"column":39}},"loc":{"start":{"line":19,"column":44},"end":{"line":19,"column":61}},"line":19},"3":{"name":"(anonymous_3)","decl":{"start":{"line":27,"column":4},"end":{"line":27,"column":5}},"loc":{"start":{"line":27,"column":18},"end":{"line":40,"column":5}},"line":27},"4":{"name":"(anonymous_4)","decl":{"start":{"line":28,"column":24},"end":{"line":28,"column":25}},"loc":{"start":{"line":28,"column":45},"end":{"line":37,"column":7}},"line":28},"5":{"name":"(anonymous_5)","decl":{"start":{"line":29,"column":21},"end":{"line":29,"column":22}},"loc":{"start":{"line":29,"column":32},"end":{"line":36,"column":9}},"line":29}},"branchMap":{"0":{"loc":{"start":{"line":7,"column":43},"end":{"line":7,"column":51}},"type":"default-arg","locations":[{"start":{"line":7,"column":50},"end":{"line":7,"column":51}}],"line":7},"1":{"loc":{"start":{"line":7,"column":53},"end":{"line":7,"column":105}},"type":"default-arg","locations":[{"start":{"line":7,"column":69},"end":{"line":7,"column":105}}],"line":7},"2":{"loc":{"start":{"line":11,"column":23},"end":{"line":11,"column":90}},"type":"binary-expr","locations":[{"start":{"line":11,"column":23},"end":{"line":11,"column":71}},{"start":{"line":11,"column":75},"end":{"line":11,"column":90}}],"line":11},"3":{"loc":{"start":{"line":30,"column":10},"end":{"line":33,"column":11}},"type":"if","locations":[{"start":{"line":30,"column":10},"end":{"line":33,"column":11}},{"start":{},"end":{}}],"line":30}},"s":{"0":1,"1":1,"2":1,"3":1,"4":1,"5":1,"6":1,"7":1,"8":1,"9":1,"10":1,"11":1,"12":1,"13":1,"14":1,"15":1,"16":1,"17":1,"18":0,"19":0,"20":1,"21":1,"22":1},"f":{"0":1,"1":1,"2":1,"3":1,"4":1,"5":1},"b":{"0":[0],"1":[1],"2":[1,0],"3":[0,1]},"_coverageSchema":"1a1c01bbd47fc00a2c39e90264f33305004495a9","hash":"a93dfbf0217ce126f9d9a4ccde3d89eaac298baa"}
}
