{"E:\\PM2 Service\\services\\chunk-catalog\\src\\app.js": {"path":"E:\\PM2 Service\\services\\chunk-catalog\\src\\app.js","statementMap":{"0":{"start":{"line":1,"column":16},"end":{"line":1,"column":34}},"1":{"start":{"line":2,"column":23},"end":{"line":2,"column":40}},"2":{"start":{"line":4,"column":21},"end":{"line":4,"column":40}},"3":{"start":{"line":5,"column":43},"end":{"line":5,"column":64}},"4":{"start":{"line":7,"column":21},"end":{"line":7,"column":36}},"5":{"start":{"line":10,"column":14},"end":{"line":10,"column":23}},"6":{"start":{"line":11,"column":2},"end":{"line":11,"column":26}},"7":{"start":{"line":13,"column":2},"end":{"line":16,"column":5}},"8":{"start":{"line":14,"column":4},"end":{"line":14,"column":63}},"9":{"start":{"line":15,"column":4},"end":{"line":15,"column":11}},"10":{"start":{"line":18,"column":2},"end":{"line":24,"column":5}},"11":{"start":{"line":19,"column":4},"end":{"line":23,"column":6}},"12":{"start":{"line":26,"column":2},"end":{"line":37,"column":5}},"13":{"start":{"line":27,"column":4},"end":{"line":36,"column":5}},"14":{"start":{"line":28,"column":6},"end":{"line":28,"column":30}},"15":{"start":{"line":29,"column":6},"end":{"line":33,"column":8}},"16":{"start":{"line":35,"column":6},"end":{"line":35,"column":88}},"17":{"start":{"line":39,"column":2},"end":{"line":49,"column":5}},"18":{"start":{"line":40,"column":4},"end":{"line":48,"column":5}},"19":{"start":{"line":41,"column":22},"end":{"line":41,"column":51}},"20":{"start":{"line":42,"column":20},"end":{"line":42,"column":57}},"21":{"start":{"line":43,"column":6},"end":{"line":45,"column":67}},"22":{"start":{"line":47,"column":6},"end":{"line":47,"column":18}},"23":{"start":{"line":51,"column":2},"end":{"line":65,"column":5}},"24":{"start":{"line":52,"column":4},"end":{"line":64,"column":5}},"25":{"start":{"line":53,"column":21},"end":{"line":53,"column":38}},"26":{"start":{"line":54,"column":6},"end":{"line":58,"column":7}},"27":{"start":{"line":55,"column":8},"end":{"line":57,"column":11}},"28":{"start":{"line":60,"column":21},"end":{"line":60,"column":58}},"29":{"start":{"line":61,"column":6},"end":{"line":61,"column":69}},"30":{"start":{"line":63,"column":6},"end":{"line":63,"column":18}},"31":{"start":{"line":67,"column":2},"end":{"line":71,"column":5}},"32":{"start":{"line":68,"column":4},"end":{"line":70,"column":6}},"33":{"start":{"line":73,"column":2},"end":{"line":84,"column":5}},"34":{"start":{"line":74,"column":4},"end":{"line":76,"column":5}},"35":{"start":{"line":75,"column":6},"end":{"line":75,"column":25}},"36":{"start":{"line":78,"column":23},"end":{"line":78,"column":46}},"37":{"start":{"line":79,"column":17},"end":{"line":79,"column":54}},"38":{"start":{"line":80,"column":20},"end":{"line":80,"column":81}},"39":{"start":{"line":81,"column":20},"end":{"line":81,"column":39}},"40":{"start":{"line":83,"column":4},"end":{"line":83,"column":100}},"41":{"start":{"line":86,"column":2},"end":{"line":86,"column":13}},"42":{"start":{"line":90,"column":18},"end":{"line":90,"column":20}},"43":{"start":{"line":92,"column":2},"end":{"line":94,"column":3}},"44":{"start":{"line":93,"column":4},"end":{"line":93,"column":60}},"45":{"start":{"line":96,"column":2},"end":{"line":98,"column":3}},"46":{"start":{"line":97,"column":4},"end":{"line":97,"column":81}},"47":{"start":{"line":100,"column":2},"end":{"line":102,"column":3}},"48":{"start":{"line":101,"column":4},"end":{"line":101,"column":54}},"49":{"start":{"line":104,"column":2},"end":{"line":106,"column":3}},"50":{"start":{"line":105,"column":4},"end":{"line":105,"column":73}},"51":{"start":{"line":108,"column":2},"end":{"line":110,"column":3}},"52":{"start":{"line":109,"column":4},"end":{"line":109,"column":83}},"53":{"start":{"line":112,"column":2},"end":{"line":117,"column":4}},"54":{"start":{"line":120,"column":0},"end":{"line":122,"column":2}}},"fnMap":{"0":{"name":"createApp","decl":{"start":{"line":9,"column":9},"end":{"line":9,"column":18}},"loc":{"start":{"line":9,"column":35},"end":{"line":87,"column":1}},"line":9},"1":{"name":"(anonymous_1)","decl":{"start":{"line":13,"column":10},"end":{"line":13,"column":11}},"loc":{"start":{"line":13,"column":30},"end":{"line":16,"column":3}},"line":13},"2":{"name":"(anonymous_2)","decl":{"start":{"line":18,"column":21},"end":{"line":18,"column":22}},"loc":{"start":{"line":18,"column":35},"end":{"line":24,"column":3}},"line":18},"3":{"name":"(anonymous_3)","decl":{"start":{"line":26,"column":20},"end":{"line":26,"column":21}},"loc":{"start":{"line":26,"column":46},"end":{"line":37,"column":3}},"line":26},"4":{"name":"(anonymous_4)","decl":{"start":{"line":39,"column":22},"end":{"line":39,"column":23}},"loc":{"start":{"line":39,"column":48},"end":{"line":49,"column":3}},"line":39},"5":{"name":"(anonymous_5)","decl":{"start":{"line":51,"column":21},"end":{"line":51,"column":22}},"loc":{"start":{"line":51,"column":47},"end":{"line":65,"column":3}},"line":51},"6":{"name":"(anonymous_6)","decl":{"start":{"line":67,"column":10},"end":{"line":67,"column":11}},"loc":{"start":{"line":67,"column":24},"end":{"line":71,"column":3}},"line":67},"7":{"name":"(anonymous_7)","decl":{"start":{"line":73,"column":10},"end":{"line":73,"column":11}},"loc":{"start":{"line":73,"column":37},"end":{"line":84,"column":3}},"line":73},"8":{"name":"validateCreateChunk","decl":{"start":{"line":89,"column":9},"end":{"line":89,"column":28}},"loc":{"start":{"line":89,"column":35},"end":{"line":118,"column":1}},"line":89}},"branchMap":{"0":{"loc":{"start":{"line":14,"column":20},"end":{"line":14,"column":62}},"type":"binary-expr","locations":[{"start":{"line":14,"column":20},"end":{"line":14,"column":46}},{"start":{"line":14,"column":50},"end":{"line":14,"column":62}}],"line":14},"1":{"loc":{"start":{"line":54,"column":6},"end":{"line":58,"column":7}},"type":"if","locations":[{"start":{"line":54,"column":6},"end":{"line":58,"column":7}},{"start":{},"end":{}}],"line":54},"2":{"loc":{"start":{"line":54,"column":10},"end":{"line":54,"column":47}},"type":"binary-expr","locations":[{"start":{"line":54,"column":10},"end":{"line":54,"column":17}},{"start":{"line":54,"column":21},"end":{"line":54,"column":47}}],"line":54},"3":{"loc":{"start":{"line":69,"column":34},"end":{"line":69,"column":63}},"type":"binary-expr","locations":[{"start":{"line":69,"column":34},"end":{"line":69,"column":47}},{"start":{"line":69,"column":51},"end":{"line":69,"column":63}}],"line":69},"4":{"loc":{"start":{"line":74,"column":4},"end":{"line":76,"column":5}},"type":"if","locations":[{"start":{"line":74,"column":4},"end":{"line":76,"column":5}},{"start":{},"end":{}}],"line":74},"5":{"loc":{"start":{"line":78,"column":23},"end":{"line":78,"column":46}},"type":"binary-expr","locations":[{"start":{"line":78,"column":23},"end":{"line":78,"column":39}},{"start":{"line":78,"column":43},"end":{"line":78,"column":46}}],"line":78},"6":{"loc":{"start":{"line":79,"column":17},"end":{"line":79,"column":54}},"type":"binary-expr","locations":[{"start":{"line":79,"column":17},"end":{"line":79,"column":27}},{"start":{"line":79,"column":31},"end":{"line":79,"column":54}}],"line":79},"7":{"loc":{"start":{"line":80,"column":20},"end":{"line":80,"column":81}},"type":"cond-expr","locations":[{"start":{"line":80,"column":39},"end":{"line":80,"column":52}},{"start":{"line":80,"column":55},"end":{"line":80,"column":81}}],"line":80},"8":{"loc":{"start":{"line":81,"column":20},"end":{"line":81,"column":39}},"type":"binary-expr","locations":[{"start":{"line":81,"column":20},"end":{"line":81,"column":33}},{"start":{"line":81,"column":37},"end":{"line":81,"column":39}}],"line":81},"9":{"loc":{"start":{"line":92,"column":2},"end":{"line":94,"column":3}},"type":"if","locations":[{"start":{"line":92,"column":2},"end":{"line":94,"column":3}},{"start":{},"end":{}}],"line":92},"10":{"loc":{"start":{"line":92,"column":6},"end":{"line":92,"column":77}},"type":"binary-expr","locations":[{"start":{"line":92,"column":6},"end":{"line":92,"column":11}},{"start":{"line":92,"column":15},"end":{"line":92,"column":47}},{"start":{"line":92,"column":51},"end":{"line":92,"column":77}}],"line":92},"11":{"loc":{"start":{"line":96,"column":2},"end":{"line":98,"column":3}},"type":"if","locations":[{"start":{"line":96,"column":2},"end":{"line":98,"column":3}},{"start":{},"end":{}}],"line":96},"12":{"loc":{"start":{"line":96,"column":6},"end":{"line":96,"column":60}},"type":"binary-expr","locations":[{"start":{"line":96,"column":6},"end":{"line":96,"column":39}},{"start":{"line":96,"column":43},"end":{"line":96,"column":60}}],"line":96},"13":{"loc":{"start":{"line":100,"column":2},"end":{"line":102,"column":3}},"type":"if","locations":[{"start":{"line":100,"column":2},"end":{"line":102,"column":3}},{"start":{},"end":{}}],"line":100},"14":{"loc":{"start":{"line":100,"column":6},"end":{"line":100,"column":71}},"type":"binary-expr","locations":[{"start":{"line":100,"column":6},"end":{"line":100,"column":11}},{"start":{"line":100,"column":15},"end":{"line":100,"column":44}},{"start":{"line":100,"column":48},"end":{"line":100,"column":71}}],"line":100},"15":{"loc":{"start":{"line":104,"column":2},"end":{"line":106,"column":3}},"type":"if","locations":[{"start":{"line":104,"column":2},"end":{"line":106,"column":3}},{"start":{},"end":{}}],"line":104},"16":{"loc":{"start":{"line":104,"column":6},"end":{"line":104,"column":52}},"type":"binary-expr","locations":[{"start":{"line":104,"column":6},"end":{"line":104,"column":35}},{"start":{"line":104,"column":39},"end":{"line":104,"column":52}}],"line":104},"17":{"loc":{"start":{"line":108,"column":2},"end":{"line":110,"column":3}},"type":"if","locations":[{"start":{"line":108,"column":2},"end":{"line":110,"column":3}},{"start":{},"end":{}}],"line":108}},"s":{"0":2,"1":2,"2":2,"3":2,"4":2,"5":11,"6":11,"7":11,"8":17,"9":17,"10":11,"11":1,"12":11,"13":3,"14":3,"15":2,"16":1,"17":11,"18":9,"19":9,"20":8,"21":6,"22":3,"23":11,"24":3,"25":3,"26":3,"27":1,"28":2,"29":2,"30":1,"31":11,"32":1,"33":11,"34":5,"35":0,"36":5,"37":5,"38":5,"39":5,"40":5,"41":11,"42":9,"43":9,"44":1,"45":9,"46":1,"47":9,"48":1,"49":9,"50":1,"51":9,"52":1,"53":8,"54":2},"f":{"0":11,"1":17,"2":1,"3":3,"4":9,"5":3,"6":1,"7":5,"8":9},"b":{"0":[17,16],"1":[1,2],"2":[3,2],"3":[1,0],"4":[0,5],"5":[5,0],"6":[5,0],"7":[5,0],"8":[5,0],"9":[1,8],"10":[9,9,9],"11":[1,8],"12":[9,9],"13":[1,8],"14":[9,9,9],"15":[1,8],"16":[9,9],"17":[1,8]},"_coverageSchema":"1a1c01bbd47fc00a2c39e90264f33305004495a9","hash":"e2fb3a1850f170e94031b76822a05ccdee7ccf32"}
,"E:\\PM2 Service\\services\\chunk-catalog\\src\\errors.js": {"path":"E:\\PM2 Service\\services\\chunk-catalog\\src\\errors.js","statementMap":{"0":{"start":{"line":3,"column":4},"end":{"line":3,"column":19}},"1":{"start":{"line":4,"column":4},"end":{"line":4,"column":33}},"2":{"start":{"line":5,"column":4},"end":{"line":5,"column":21}},"3":{"start":{"line":6,"column":4},"end":{"line":6,"column":27}},"4":{"start":{"line":10,"column":0},"end":{"line":12,"column":2}}},"fnMap":{"0":{"name":"(anonymous_0)","decl":{"start":{"line":2,"column":2},"end":{"line":2,"column":3}},"loc":{"start":{"line":2,"column":55},"end":{"line":7,"column":3}},"line":2}},"branchMap":{"0":{"loc":{"start":{"line":2,"column":41},"end":{"line":2,"column":53}},"type":"default-arg","locations":[{"start":{"line":2,"column":51},"end":{"line":2,"column":53}}],"line":2}},"s":{"0":5,"1":5,"2":5,"3":5,"4":3},"f":{"0":5},"b":{"0":[1]},"_coverageSchema":"1a1c01bbd47fc00a2c39e90264f33305004495a9","hash":"6a7b3998976d3f9dcc44c5818d5a68b8a35b5fa6"}
,"E:\\PM2 Service\\services\\chunk-catalog\\src\\repository.js": {"path":"E:\\PM2 Service\\services\\chunk-catalog\\src\\repository.js","statementMap":{"0":{"start":{"line":1,"column":21},"end":{"line":1,"column":39}},"1":{"start":{"line":3,"column":21},"end":{"line":3,"column":40}},"2":{"start":{"line":6,"column":2},"end":{"line":47,"column":4}},"3":{"start":{"line":8,"column":6},"end":{"line":8,"column":82}},"4":{"start":{"line":9,"column":6},"end":{"line":9,"column":51}},"5":{"start":{"line":13,"column":6},"end":{"line":13,"column":41}},"6":{"start":{"line":17,"column":20},"end":{"line":24,"column":7}},"7":{"start":{"line":26,"column":6},"end":{"line":40,"column":7}},"8":{"start":{"line":27,"column":8},"end":{"line":27,"column":42}},"9":{"start":{"line":28,"column":8},"end":{"line":28,"column":31}},"10":{"start":{"line":30,"column":8},"end":{"line":37,"column":9}},"11":{"start":{"line":31,"column":10},"end":{"line":36,"column":12}},"12":{"start":{"line":39,"column":8},"end":{"line":39,"column":20}},"13":{"start":{"line":44,"column":24},"end":{"line":44,"column":98}},"14":{"start":{"line":45,"column":6},"end":{"line":45,"column":37}},"15":{"start":{"line":51,"column":2},"end":{"line":58,"column":4}},"16":{"start":{"line":62,"column":2},"end":{"line":62,"column":61}},"17":{"start":{"line":65,"column":0},"end":{"line":67,"column":2}}},"fnMap":{"0":{"name":"createChunkRepository","decl":{"start":{"line":5,"column":9},"end":{"line":5,"column":30}},"loc":{"start":{"line":5,"column":43},"end":{"line":48,"column":1}},"line":5},"1":{"name":"(anonymous_1)","decl":{"start":{"line":7,"column":4},"end":{"line":7,"column":5}},"loc":{"start":{"line":7,"column":17},"end":{"line":10,"column":5}},"line":7},"2":{"name":"(anonymous_2)","decl":{"start":{"line":12,"column":4},"end":{"line":12,"column":5}},"loc":{"start":{"line":12,"column":17},"end":{"line":14,"column":5}},"line":12},"3":{"name":"(anonymous_3)","decl":{"start":{"line":16,"column":4},"end":{"line":16,"column":5}},"loc":{"start":{"line":16,"column":55},"end":{"line":41,"column":5}},"line":16},"4":{"name":"(anonymous_4)","decl":{"start":{"line":43,"column":4},"end":{"line":43,"column":5}},"loc":{"start":{"line":43,"column":31},"end":{"line":46,"column":5}},"line":43},"5":{"name":"mapChunk","decl":{"start":{"line":50,"column":9},"end":{"line":50,"column":17}},"loc":{"start":{"line":50,"column":28},"end":{"line":59,"column":1}},"line":50},"6":{"name":"toIsoString","decl":{"start":{"line":61,"column":9},"end":{"line":61,"column":20}},"loc":{"start":{"line":61,"column":28},"end":{"line":63,"column":1}},"line":61}},"branchMap":{"0":{"loc":{"start":{"line":30,"column":8},"end":{"line":37,"column":9}},"type":"if","locations":[{"start":{"line":30,"column":8},"end":{"line":37,"column":9}},{"start":{},"end":{}}],"line":30},"1":{"loc":{"start":{"line":62,"column":9},"end":{"line":62,"column":60}},"type":"cond-expr","locations":[{"start":{"line":62,"column":33},"end":{"line":62,"column":52}},{"start":{"line":62,"column":55},"end":{"line":62,"column":60}}],"line":62}},"s":{"0":2,"1":2,"2":4,"3":2,"4":2,"5":1,"6":6,"7":6,"8":6,"9":4,"10":2,"11":2,"12":0,"13":1,"14":1,"15":6,"16":6,"17":2},"f":{"0":4,"1":2,"2":1,"3":6,"4":1,"5":6,"6":6},"b":{"0":[2,0],"1":[6,0]},"_coverageSchema":"1a1c01bbd47fc00a2c39e90264f33305004495a9","hash":"755ae648210f391da331b1324e932704301168f5"}
,"E:\\PM2 Service\\services\\chunk-catalog\\src\\response.js": {"path":"E:\\PM2 Service\\services\\chunk-catalog\\src\\response.js","statementMap":{"0":{"start":{"line":2,"column":2},"end":{"line":9,"column":4}},"1":{"start":{"line":13,"column":2},"end":{"line":24,"column":4}},"2":{"start":{"line":27,"column":0},"end":{"line":30,"column":2}}},"fnMap":{"0":{"name":"successResponse","decl":{"start":{"line":1,"column":9},"end":{"line":1,"column":24}},"loc":{"start":{"line":1,"column":55},"end":{"line":10,"column":1}},"line":1},"1":{"name":"errorResponse","decl":{"start":{"line":12,"column":9},"end":{"line":12,"column":22}},"loc":{"start":{"line":12,"column":76},"end":{"line":25,"column":1}},"line":12}},"branchMap":{"0":{"loc":{"start":{"line":12,"column":62},"end":{"line":12,"column":74}},"type":"default-arg","locations":[{"start":{"line":12,"column":72},"end":{"line":12,"column":74}}],"line":12}},"s":{"0":11,"1":6,"2":2},"f":{"0":11,"1":6},"b":{"0":[0]},"_coverageSchema":"1a1c01bbd47fc00a2c39e90264f33305004495a9","hash":"a207e45b7354e806aa51086f29af23f44aa8a1de"}
,"E:\\PM2 Service\\services\\chunk-catalog\\src\\server.js": {"path":"E:\\PM2 Service\\services\\chunk-catalog\\src\\server.js","statementMap":{"0":{"start":{"line":1,"column":25},"end":{"line":1,"column":43}},"1":{"start":{"line":3,"column":13},"end":{"line":3,"column":45}},"2":{"start":{"line":4,"column":20},"end":{"line":4,"column":89}},"3":{"start":{"line":7,"column":2},"end":{"line":7,"column":44}},"4":{"start":{"line":8,"column":2},"end":{"line":8,"column":57}},"5":{"start":{"line":11,"column":0},"end":{"line":14,"column":3}},"6":{"start":{"line":12,"column":2},"end":{"line":12,"column":56}},"7":{"start":{"line":13,"column":2},"end":{"line":13,"column":18}}},"fnMap":{"0":{"name":"start","decl":{"start":{"line":6,"column":15},"end":{"line":6,"column":20}},"loc":{"start":{"line":6,"column":23},"end":{"line":9,"column":1}},"line":6},"1":{"name":"(anonymous_1)","decl":{"start":{"line":11,"column":14},"end":{"line":11,"column":15}},"loc":{"start":{"line":11,"column":25},"end":{"line":14,"column":1}},"line":11}},"branchMap":{"0":{"loc":{"start":{"line":3,"column":20},"end":{"line":3,"column":44}},"type":"binary-expr","locations":[{"start":{"line":3,"column":20},"end":{"line":3,"column":36}},{"start":{"line":3,"column":40},"end":{"line":3,"column":44}}],"line":3},"1":{"loc":{"start":{"line":4,"column":20},"end":{"line":4,"column":89}},"type":"binary-expr","locations":[{"start":{"line":4,"column":20},"end":{"line":4,"column":44}},{"start":{"line":4,"column":48},"end":{"line":4,"column":89}}],"line":4}},"s":{"0":0,"1":0,"2":0,"3":0,"4":0,"5":0,"6":0,"7":0},"f":{"0":0,"1":0},"b":{"0":[0,0],"1":[0,0]}}
,"E:\\PM2 Service\\services\\chunk-catalog\\src\\start.js": {"path":"E:\\PM2 Service\\services\\chunk-catalog\\src\\start.js","statementMap":{"0":{"start":{"line":1,"column":24},"end":{"line":1,"column":42}},"1":{"start":{"line":3,"column":22},"end":{"line":3,"column":38}},"2":{"start":{"line":4,"column":34},"end":{"line":4,"column":57}},"3":{"start":{"line":7,"column":17},"end":{"line":7,"column":45}},"4":{"start":{"line":8,"column":2},"end":{"line":8,"column":25}},"5":{"start":{"line":10,"column":23},"end":{"line":10,"column":90}},"6":{"start":{"line":11,"column":21},"end":{"line":11,"column":65}},"7":{"start":{"line":12,"column":21},"end":{"line":12,"column":54}},"8":{"start":{"line":13,"column":2},"end":{"line":13,"column":26}},"9":{"start":{"line":15,"column":14},"end":{"line":15,"column":39}},"10":{"start":{"line":17,"column":17},"end":{"line":19,"column":4}},"11":{"start":{"line":18,"column":21},"end":{"line":18,"column":62}},"12":{"start":{"line":18,"column":44},"end":{"line":18,"column":61}},"13":{"start":{"line":21,"column":2},"end":{"line":40,"column":4}},"14":{"start":{"line":27,"column":6},"end":{"line":36,"column":9}},"15":{"start":{"line":28,"column":8},"end":{"line":35,"column":11}},"16":{"start":{"line":29,"column":10},"end":{"line":32,"column":11}},"17":{"start":{"line":30,"column":12},"end":{"line":30,"column":26}},"18":{"start":{"line":31,"column":12},"end":{"line":31,"column":19}},"19":{"start":{"line":34,"column":10},"end":{"line":34,"column":20}},"20":{"start":{"line":38,"column":6},"end":{"line":38,"column":27}},"21":{"start":{"line":43,"column":0},"end":{"line":45,"column":2}}},"fnMap":{"0":{"name":"createServer","decl":{"start":{"line":6,"column":15},"end":{"line":6,"column":27}},"loc":{"start":{"line":6,"column":55},"end":{"line":41,"column":1}},"line":6},"1":{"name":"(anonymous_1)","decl":{"start":{"line":17,"column":35},"end":{"line":17,"column":36}},"loc":{"start":{"line":17,"column":48},"end":{"line":19,"column":3}},"line":17},"2":{"name":"(anonymous_2)","decl":{"start":{"line":18,"column":38},"end":{"line":18,"column":39}},"loc":{"start":{"line":18,"column":44},"end":{"line":18,"column":61}},"line":18},"3":{"name":"(anonymous_3)","decl":{"start":{"line":26,"column":4},"end":{"line":26,"column":5}},"loc":{"start":{"line":26,"column":18},"end":{"line":39,"column":5}},"line":26},"4":{"name":"(anonymous_4)","decl":{"start":{"line":27,"column":24},"end":{"line":27,"column":25}},"loc":{"start":{"line":27,"column":45},"end":{"line":36,"column":7}},"line":27},"5":{"name":"(anonymous_5)","decl":{"start":{"line":28,"column":21},"end":{"line":28,"column":22}},"loc":{"start":{"line":28,"column":32},"end":{"line":35,"column":9}},"line":28}},"branchMap":{"0":{"loc":{"start":{"line":6,"column":43},"end":{"line":6,"column":51}},"type":"default-arg","locations":[{"start":{"line":6,"column":50},"end":{"line":6,"column":51}}],"line":6},"1":{"loc":{"start":{"line":10,"column":23},"end":{"line":10,"column":90}},"type":"binary-expr","locations":[{"start":{"line":10,"column":23},"end":{"line":10,"column":71}},{"start":{"line":10,"column":75},"end":{"line":10,"column":90}}],"line":10},"2":{"loc":{"start":{"line":29,"column":10},"end":{"line":32,"column":11}},"type":"if","locations":[{"start":{"line":29,"column":10},"end":{"line":32,"column":11}},{"start":{},"end":{}}],"line":29}},"s":{"0":1,"1":1,"2":1,"3":1,"4":1,"5":1,"6":1,"7":1,"8":1,"9":1,"10":1,"11":1,"12":1,"13":1,"14":1,"15":1,"16":1,"17":0,"18":0,"19":1,"20":1,"21":1},"f":{"0":1,"1":1,"2":1,"3":1,"4":1,"5":1},"b":{"0":[0],"1":[1,0],"2":[0,1]},"_coverageSchema":"1a1c01bbd47fc00a2c39e90264f33305004495a9","hash":"6b5d36628ea32f11bd44f50a0ac20181897a33e5"}
}
