TN:
SF:src\app.js
FN:9,createApp
FN:13,(anonymous_1)
FN:18,(anonymous_2)
FN:26,(anonymous_3)
FN:39,(anonymous_4)
FN:51,(anonymous_5)
FN:67,(anonymous_6)
FN:73,(anonymous_7)
FN:89,validateCreateChunk
FNF:9
FNH:9
FNDA:11,createApp
FNDA:17,(anonymous_1)
FNDA:1,(anonymous_2)
FNDA:3,(anonymous_3)
FNDA:9,(anonymous_4)
FNDA:3,(anonymous_5)
FNDA:1,(anonymous_6)
FNDA:5,(anonymous_7)
FNDA:9,validateCreateChunk
DA:1,2
DA:2,2
DA:4,2
DA:5,2
DA:7,2
DA:10,11
DA:11,11
DA:13,11
DA:14,17
DA:15,17
DA:18,11
DA:19,1
DA:26,11
DA:27,3
DA:28,3
DA:29,2
DA:35,1
DA:39,11
DA:40,9
DA:41,9
DA:42,8
DA:43,6
DA:47,3
DA:51,11
DA:52,3
DA:53,3
DA:54,3
DA:55,1
DA:60,2
DA:61,2
DA:63,1
DA:67,11
DA:68,1
DA:73,11
DA:74,5
DA:75,0
DA:78,5
DA:79,5
DA:80,5
DA:81,5
DA:83,5
DA:86,11
DA:90,9
DA:92,9
DA:93,1
DA:96,9
DA:97,1
DA:100,9
DA:101,1
DA:104,9
DA:105,1
DA:108,9
DA:109,1
DA:112,8
DA:120,2
LF:55
LH:54
BRDA:14,0,0,17
BRDA:14,0,1,16
BRDA:54,1,0,1
BRDA:54,1,1,2
BRDA:54,2,0,3
BRDA:54,2,1,2
BRDA:69,3,0,1
BRDA:69,3,1,0
BRDA:74,4,0,0
BRDA:74,4,1,5
BRDA:78,5,0,5
BRDA:78,5,1,0
BRDA:79,6,0,5
BRDA:79,6,1,0
BRDA:80,7,0,5
BRDA:80,7,1,0
BRDA:81,8,0,5
BRDA:81,8,1,0
BRDA:92,9,0,1
BRDA:92,9,1,8
BRDA:92,10,0,9
BRDA:92,10,1,9
BRDA:92,10,2,9
BRDA:96,11,0,1
BRDA:96,11,1,8
BRDA:96,12,0,9
BRDA:96,12,1,9
BRDA:100,13,0,1
BRDA:100,13,1,8
BRDA:100,14,0,9
BRDA:100,14,1,9
BRDA:100,14,2,9
BRDA:104,15,0,1
BRDA:104,15,1,8
BRDA:104,16,0,9
BRDA:104,16,1,9
BRDA:108,17,0,1
BRDA:108,17,1,8
BRF:38
BRH:32
end_of_record
TN:
SF:src\errors.js
FN:2,(anonymous_0)
FNF:1
FNH:1
FNDA:5,(anonymous_0)
DA:3,5
DA:4,5
DA:5,5
DA:6,5
DA:10,3
LF:5
LH:5
BRDA:2,0,0,1
BRF:1
BRH:1
end_of_record
TN:
SF:src\repository.js
FN:5,createChunkRepository
FN:7,(anonymous_1)
FN:12,(anonymous_2)
FN:16,(anonymous_3)
FN:43,(anonymous_4)
FN:50,mapChunk
FN:61,toIsoString
FNF:7
FNH:7
FNDA:4,createChunkRepository
FNDA:2,(anonymous_1)
FNDA:1,(anonymous_2)
FNDA:6,(anonymous_3)
FNDA:1,(anonymous_4)
FNDA:6,mapChunk
FNDA:6,toIsoString
DA:1,2
DA:3,2
DA:6,4
DA:8,2
DA:9,2
DA:13,1
DA:17,6
DA:26,6
DA:27,6
DA:28,4
DA:30,2
DA:31,2
DA:39,0
DA:44,1
DA:45,1
DA:51,6
DA:62,6
DA:65,2
LF:18
LH:17
BRDA:30,0,0,2
BRDA:30,0,1,0
BRDA:62,1,0,6
BRDA:62,1,1,0
BRF:4
BRH:2
end_of_record
TN:
SF:src\response.js
FN:1,successResponse
FN:12,errorResponse
FNF:2
FNH:2
FNDA:11,successResponse
FNDA:6,errorResponse
DA:2,11
DA:13,6
DA:27,2
LF:3
LH:3
BRDA:12,0,0,0
BRF:1
BRH:0
end_of_record
TN:
SF:src\server.js
FN:6,start
FN:11,(anonymous_1)
FNF:2
FNH:0
FNDA:0,start
FNDA:0,(anonymous_1)
DA:1,0
DA:3,0
DA:4,0
DA:7,0
DA:8,0
DA:11,0
DA:12,0
DA:13,0
LF:8
LH:0
BRDA:3,0,0,0
BRDA:3,0,1,0
BRDA:4,1,0,0
BRDA:4,1,1,0
BRF:4
BRH:0
end_of_record
TN:
SF:src\start.js
FN:6,createServer
FN:17,(anonymous_1)
FN:18,(anonymous_2)
FN:26,(anonymous_3)
FN:27,(anonymous_4)
FN:28,(anonymous_5)
FNF:6
FNH:6
FNDA:1,createServer
FNDA:1,(anonymous_1)
FNDA:1,(anonymous_2)
FNDA:1,(anonymous_3)
FNDA:1,(anonymous_4)
FNDA:1,(anonymous_5)
DA:1,1
DA:3,1
DA:4,1
DA:7,1
DA:8,1
DA:10,1
DA:11,1
DA:12,1
DA:13,1
DA:15,1
DA:17,1
DA:18,1
DA:21,1
DA:27,1
DA:28,1
DA:29,1
DA:30,0
DA:31,0
DA:34,1
DA:38,1
DA:43,1
LF:21
LH:19
BRDA:6,0,0,0
BRDA:10,1,0,1
BRDA:10,1,1,0
BRDA:29,2,0,0
BRDA:29,2,1,1
BRF:5
BRH:2
end_of_record
