TN:
SF:src\app.js
FN:14,createApp
FN:18,(anonymous_1)
FN:24,(anonymous_2)
FN:36,(anonymous_3)
FN:40,(anonymous_4)
FN:48,(anonymous_5)
FN:61,(anonymous_6)
FN:69,(anonymous_7)
FN:81,(anonymous_8)
FN:97,(anonymous_9)
FN:110,(anonymous_10)
FN:137,validateCreateChunk
FNF:12
FNH:12
FNDA:13,createApp
FNDA:22,(anonymous_1)
FNDA:22,(anonymous_2)
FNDA:1,(anonymous_3)
FNDA:1,(anonymous_4)
FNDA:3,(anonymous_5)
FNDA:2,(anonymous_6)
FNDA:10,(anonymous_7)
FNDA:3,(anonymous_8)
FNDA:1,(anonymous_9)
FNDA:5,(anonymous_10)
FNDA:10,validateCreateChunk
DA:1,2
DA:2,2
DA:3,2
DA:4,2
DA:5,2
DA:7,2
DA:8,2
DA:9,2
DA:11,2
DA:12,2
DA:15,13
DA:16,13
DA:18,13
DA:19,22
DA:20,22
DA:22,13
DA:24,13
DA:25,22
DA:32,22
DA:35,13
DA:36,13
DA:37,1
DA:40,13
DA:41,1
DA:48,13
DA:49,3
DA:50,3
DA:51,2
DA:57,1
DA:61,13
DA:62,2
DA:63,2
DA:65,0
DA:69,13
DA:70,10
DA:71,10
DA:72,9
DA:73,7
DA:77,3
DA:81,13
DA:82,3
DA:83,3
DA:84,3
DA:85,1
DA:90,2
DA:91,2
DA:93,1
DA:97,13
DA:98,1
DA:105,1
DA:110,13
DA:111,5
DA:112,0
DA:115,5
DA:116,5
DA:117,5
DA:118,5
DA:120,5
DA:131,5
DA:134,13
DA:138,10
DA:140,10
DA:141,1
DA:144,10
DA:145,1
DA:148,10
DA:149,1
DA:152,10
DA:153,1
DA:156,10
DA:157,1
DA:160,9
DA:168,2
LF:73
LH:71
BRDA:14,0,0,12
BRDA:19,1,0,22
BRDA:19,1,1,21
BRDA:84,2,0,1
BRDA:84,2,1,2
BRDA:84,3,0,3
BRDA:84,3,1,2
BRDA:99,4,0,1
BRDA:99,4,1,0
BRDA:106,5,0,1
BRDA:106,5,1,0
BRDA:111,6,0,0
BRDA:111,6,1,5
BRDA:115,7,0,5
BRDA:115,7,1,0
BRDA:116,8,0,5
BRDA:116,8,1,0
BRDA:117,9,0,5
BRDA:117,9,1,0
BRDA:118,10,0,5
BRDA:118,10,1,0
BRDA:140,11,0,1
BRDA:140,11,1,9
BRDA:140,12,0,10
BRDA:140,12,1,10
BRDA:140,12,2,10
BRDA:144,13,0,1
BRDA:144,13,1,9
BRDA:144,14,0,10
BRDA:144,14,1,10
BRDA:148,15,0,1
BRDA:148,15,1,9
BRDA:148,16,0,10
BRDA:148,16,1,10
BRDA:148,16,2,10
BRDA:152,17,0,1
BRDA:152,17,1,9
BRDA:152,18,0,10
BRDA:152,18,1,10
BRDA:156,19,0,1
BRDA:156,19,1,9
BRF:41
BRH:34
end_of_record
TN:
SF:src\errors.js
FN:2,(anonymous_0)
FNF:1
FNH:1
FNDA:5,(anonymous_0)
DA:3,5
DA:4,5
DA:5,5
DA:6,5
DA:10,3
LF:5
LH:5
BRDA:2,0,0,1
BRF:1
BRH:1
end_of_record
TN:
SF:src\observability.js
FN:5,createObservability
FN:38,(anonymous_1)
FN:49,(anonymous_2)
FN:70,(anonymous_3)
FN:91,(anonymous_4)
FN:98,getTraceContext
FN:120,randomHex
FN:124,sanitizeFields
FNF:8
FNH:8
FNDA:13,createObservability
FNDA:22,(anonymous_1)
FNDA:22,(anonymous_2)
FNDA:28,(anonymous_3)
FNDA:2,(anonymous_4)
FNDA:22,getTraceContext
FNDA:44,randomHex
FNDA:28,sanitizeFields
DA:1,2
DA:3,2
DA:6,13
DA:8,13
DA:9,0
DA:15,13
DA:22,13
DA:29,13
DA:37,13
DA:39,22
DA:40,22
DA:41,22
DA:42,22
DA:44,22
DA:45,22
DA:47,22
DA:49,22
DA:50,22
DA:51,22
DA:52,22
DA:59,22
DA:60,22
DA:62,22
DA:63,6
DA:67,22
DA:71,28
DA:82,28
DA:83,28
DA:84,5
DA:85,5
DA:88,23
DA:92,2
DA:93,2
DA:99,22
DA:100,22
DA:102,22
DA:103,0
DA:110,22
DA:111,22
DA:113,22
DA:121,44
DA:125,28
DA:126,28
DA:127,28
DA:128,28
DA:129,28
DA:132,2
LF:47
LH:45
BRDA:8,0,0,0
BRDA:8,0,1,13
BRDA:51,1,0,22
BRDA:51,1,1,2
BRDA:51,1,2,0
BRDA:62,2,0,6
BRDA:62,2,1,16
BRDA:70,3,0,0
BRDA:74,4,0,28
BRDA:74,4,1,0
BRDA:75,5,0,28
BRDA:75,5,1,0
BRDA:76,6,0,28
BRDA:76,6,1,0
BRDA:83,7,0,5
BRDA:83,7,1,23
BRDA:102,8,0,0
BRDA:102,8,1,22
BRF:18
BRH:11
end_of_record
TN:
SF:src\repository.js
FN:5,createChunkRepository
FN:7,(anonymous_1)
FN:12,(anonymous_2)
FN:16,(anonymous_3)
FN:43,(anonymous_4)
FN:50,mapChunk
FN:61,toIsoString
FNF:7
FNH:7
FNDA:4,createChunkRepository
FNDA:2,(anonymous_1)
FNDA:1,(anonymous_2)
FNDA:7,(anonymous_3)
FNDA:1,(anonymous_4)
FNDA:7,mapChunk
FNDA:7,toIsoString
DA:1,2
DA:3,2
DA:6,4
DA:8,2
DA:9,2
DA:13,1
DA:17,7
DA:26,7
DA:27,7
DA:28,5
DA:30,2
DA:31,2
DA:39,0
DA:44,1
DA:45,1
DA:51,7
DA:62,7
DA:65,2
LF:18
LH:17
BRDA:30,0,0,2
BRDA:30,0,1,0
BRDA:62,1,0,7
BRDA:62,1,1,0
BRF:4
BRH:2
end_of_record
TN:
SF:src\response.js
FN:1,successResponse
FN:12,errorResponse
FNF:2
FNH:2
FNDA:12,successResponse
FNDA:6,errorResponse
DA:2,12
DA:13,6
DA:27,2
LF:3
LH:3
BRDA:12,0,0,0
BRF:1
BRH:0
end_of_record
TN:
SF:src\server.js
FN:8,start
FN:13,(anonymous_1)
FNF:2
FNH:0
FNDA:0,start
FNDA:0,(anonymous_1)
DA:1,0
DA:2,0
DA:4,0
DA:5,0
DA:6,0
DA:9,0
DA:10,0
DA:13,0
DA:14,0
DA:18,0
LF:10
LH:0
BRDA:4,0,0,0
BRDA:4,0,1,0
BRDA:5,1,0,0
BRDA:5,1,1,0
BRF:4
BRH:0
end_of_record
TN:
SF:src\start.js
FN:7,createServer
FN:18,(anonymous_1)
FN:19,(anonymous_2)
FN:27,(anonymous_3)
FN:28,(anonymous_4)
FN:29,(anonymous_5)
FNF:6
FNH:6
FNDA:1,createServer
FNDA:1,(anonymous_1)
FNDA:1,(anonymous_2)
FNDA:1,(anonymous_3)
FNDA:1,(anonymous_4)
FNDA:1,(anonymous_5)
DA:1,1
DA:3,1
DA:4,1
DA:5,1
DA:8,1
DA:9,1
DA:11,1
DA:12,1
DA:13,1
DA:14,1
DA:16,1
DA:18,1
DA:19,1
DA:22,1
DA:28,1
DA:29,1
DA:30,1
DA:31,0
DA:32,0
DA:35,1
DA:39,1
DA:44,1
LF:22
LH:20
BRDA:7,0,0,0
BRDA:7,1,0,1
BRDA:11,2,0,1
BRDA:11,2,1,0
BRDA:30,3,0,0
BRDA:30,3,1,1
BRF:6
BRH:3
end_of_record
