<?xml version="1.0" encoding="UTF-8"?>
<coverage generated="1778858687499" clover="3.2.0">
  <project timestamp="1778858687499" name="All files">
    <metrics statements="113" coveredstatements="98" conditionals="57" coveredconditionals="39" methods="28" coveredmethods="26" elements="198" coveredelements="163" complexity="0" loc="113" ncloc="113" packages="1" files="6" classes="6"/>
    <file name="app.js" path="E:\PM2 Service\services\chunk-location\src\app.js">
      <metrics statements="55" coveredstatements="51" conditionals="42" coveredconditionals="34" methods="9" coveredmethods="9"/>
      <line num="1" count="3" type="stmt"/>
      <line num="2" count="3" type="stmt"/>
      <line num="4" count="3" type="stmt"/>
      <line num="5" count="3" type="stmt"/>
      <line num="7" count="3" type="stmt"/>
      <line num="10" count="12" type="stmt"/>
      <line num="11" count="12" type="stmt"/>
      <line num="13" count="12" type="stmt"/>
      <line num="14" count="18" type="cond" truecount="2" falsecount="0"/>
      <line num="15" count="18" type="stmt"/>
      <line num="18" count="12" type="stmt"/>
      <line num="19" count="1" type="stmt"/>
      <line num="26" count="12" type="stmt"/>
      <line num="27" count="3" type="stmt"/>
      <line num="28" count="3" type="stmt"/>
      <line num="29" count="2" type="stmt"/>
      <line num="35" count="1" type="stmt"/>
      <line num="39" count="12" type="stmt"/>
      <line num="40" count="11" type="stmt"/>
      <line num="41" count="11" type="stmt"/>
      <line num="42" count="9" type="stmt"/>
      <line num="43" count="7" type="stmt"/>
      <line num="47" count="4" type="stmt"/>
      <line num="51" count="12" type="stmt"/>
      <line num="52" count="2" type="stmt"/>
      <line num="53" count="2" type="stmt"/>
      <line num="54" count="2" type="cond" truecount="1" falsecount="1"/>
      <line num="55" count="0" type="stmt"/>
      <line num="58" count="2" type="stmt"/>
      <line num="59" count="2" type="stmt"/>
      <line num="61" count="0" type="stmt"/>
      <line num="65" count="12" type="stmt"/>
      <line num="66" count="1" type="stmt"/>
      <line num="71" count="12" type="stmt"/>
      <line num="72" count="5" type="cond" truecount="1" falsecount="1"/>
      <line num="73" count="0" type="stmt"/>
      <line num="76" count="5" type="cond" truecount="1" falsecount="1"/>
      <line num="77" count="5" type="cond" truecount="1" falsecount="1"/>
      <line num="78" count="5" type="cond" truecount="1" falsecount="1"/>
      <line num="79" count="5" type="cond" truecount="1" falsecount="1"/>
      <line num="81" count="5" type="stmt"/>
      <line num="84" count="12" type="stmt"/>
      <line num="88" count="11" type="stmt"/>
      <line num="90" count="11" type="cond" truecount="5" falsecount="0"/>
      <line num="91" count="1" type="stmt"/>
      <line num="94" count="11" type="cond" truecount="5" falsecount="0"/>
      <line num="95" count="1" type="stmt"/>
      <line num="98" count="11" type="cond" truecount="4" falsecount="1"/>
      <line num="99" count="0" type="stmt"/>
      <line num="102" count="11" type="cond" truecount="2" falsecount="0"/>
      <line num="106" count="1" type="stmt"/>
      <line num="109" count="11" type="cond" truecount="2" falsecount="0"/>
      <line num="110" count="2" type="stmt"/>
      <line num="113" count="9" type="stmt"/>
      <line num="121" count="3" type="stmt"/>
    </file>
    <file name="errors.js" path="E:\PM2 Service\services\chunk-location\src\errors.js">
      <metrics statements="5" coveredstatements="5" conditionals="1" coveredconditionals="1" methods="1" coveredmethods="1"/>
      <line num="3" count="5" type="stmt"/>
      <line num="4" count="5" type="stmt"/>
      <line num="5" count="5" type="stmt"/>
      <line num="6" count="5" type="stmt"/>
      <line num="10" count="4" type="stmt"/>
    </file>
    <file name="repository.js" path="E:\PM2 Service\services\chunk-location\src\repository.js">
      <metrics statements="21" coveredstatements="20" conditionals="4" coveredconditionals="2" methods="8" coveredmethods="8"/>
      <line num="1" count="2" type="stmt"/>
      <line num="3" count="2" type="stmt"/>
      <line num="6" count="5" type="stmt"/>
      <line num="8" count="2" type="stmt"/>
      <line num="9" count="2" type="stmt"/>
      <line num="10" count="2" type="stmt"/>
      <line num="14" count="1" type="stmt"/>
      <line num="18" count="6" type="stmt"/>
      <line num="19" count="6" type="stmt"/>
      <line num="27" count="6" type="stmt"/>
      <line num="28" count="6" type="stmt"/>
      <line num="29" count="4" type="stmt"/>
      <line num="31" count="2" type="cond" truecount="1" falsecount="1"/>
      <line num="32" count="2" type="stmt"/>
      <line num="40" count="0" type="stmt"/>
      <line num="45" count="2" type="stmt"/>
      <line num="50" count="2" type="stmt"/>
      <line num="56" count="4" type="stmt"/>
      <line num="66" count="4" type="stmt"/>
      <line num="74" count="8" type="cond" truecount="1" falsecount="1"/>
      <line num="77" count="2" type="stmt"/>
    </file>
    <file name="response.js" path="E:\PM2 Service\services\chunk-location\src\response.js">
      <metrics statements="3" coveredstatements="3" conditionals="1" coveredconditionals="0" methods="2" coveredmethods="2"/>
      <line num="2" count="12" type="stmt"/>
      <line num="13" count="6" type="stmt"/>
      <line num="27" count="3" type="stmt"/>
    </file>
    <file name="server.js" path="E:\PM2 Service\services\chunk-location\src\server.js">
      <metrics statements="8" coveredstatements="0" conditionals="4" coveredconditionals="0" methods="2" coveredmethods="0"/>
      <line num="1" count="0" type="stmt"/>
      <line num="3" count="0" type="cond" truecount="0" falsecount="2"/>
      <line num="4" count="0" type="cond" truecount="0" falsecount="2"/>
      <line num="7" count="0" type="stmt"/>
      <line num="8" count="0" type="stmt"/>
      <line num="11" count="0" type="stmt"/>
      <line num="12" count="0" type="stmt"/>
      <line num="13" count="0" type="stmt"/>
    </file>
    <file name="start.js" path="E:\PM2 Service\services\chunk-location\src\start.js">
      <metrics statements="21" coveredstatements="19" conditionals="5" coveredconditionals="2" methods="6" coveredmethods="6"/>
      <line num="1" count="1" type="stmt"/>
      <line num="3" count="1" type="stmt"/>
      <line num="4" count="1" type="stmt"/>
      <line num="7" count="1" type="stmt"/>
      <line num="8" count="1" type="stmt"/>
      <line num="10" count="1" type="cond" truecount="1" falsecount="1"/>
      <line num="11" count="1" type="stmt"/>
      <line num="12" count="1" type="stmt"/>
      <line num="13" count="1" type="stmt"/>
      <line num="15" count="1" type="stmt"/>
      <line num="17" count="1" type="stmt"/>
      <line num="18" count="1" type="stmt"/>
      <line num="21" count="1" type="stmt"/>
      <line num="27" count="1" type="stmt"/>
      <line num="28" count="1" type="stmt"/>
      <line num="29" count="1" type="cond" truecount="1" falsecount="1"/>
      <line num="30" count="0" type="stmt"/>
      <line num="31" count="0" type="stmt"/>
      <line num="34" count="1" type="stmt"/>
      <line num="38" count="1" type="stmt"/>
      <line num="43" count="1" type="stmt"/>
    </file>
  </project>
</coverage>
