<?xml version="1.0" encoding="UTF-8"?>
<coverage generated="1778938214956" clover="3.2.0">
  <project timestamp="1778938214956" name="All files">
    <metrics statements="181" coveredstatements="161" conditionals="79" coveredconditionals="53" methods="39" coveredmethods="37" elements="299" coveredelements="251" complexity="0" loc="181" ncloc="181" packages="1" files="7" classes="7"/>
    <file name="app.js" path="E:\PM2 Service\services\chunk-location\src\app.js">
      <metrics statements="73" coveredstatements="68" conditionals="45" coveredconditionals="36" methods="12" coveredmethods="12"/>
      <line num="1" count="3" type="stmt"/>
      <line num="2" count="3" type="stmt"/>
      <line num="3" count="3" type="stmt"/>
      <line num="4" count="3" type="stmt"/>
      <line num="5" count="3" type="stmt"/>
      <line num="7" count="3" type="stmt"/>
      <line num="8" count="3" type="stmt"/>
      <line num="9" count="3" type="stmt"/>
      <line num="11" count="3" type="stmt"/>
      <line num="12" count="3" type="stmt"/>
      <line num="15" count="14" type="stmt"/>
      <line num="16" count="14" type="stmt"/>
      <line num="18" count="14" type="stmt"/>
      <line num="19" count="23" type="cond" truecount="2" falsecount="0"/>
      <line num="20" count="23" type="stmt"/>
      <line num="22" count="14" type="stmt"/>
      <line num="24" count="14" type="stmt"/>
      <line num="25" count="23" type="stmt"/>
      <line num="32" count="23" type="stmt"/>
      <line num="35" count="14" type="stmt"/>
      <line num="36" count="14" type="stmt"/>
      <line num="37" count="1" type="stmt"/>
      <line num="40" count="14" type="stmt"/>
      <line num="41" count="1" type="stmt"/>
      <line num="48" count="14" type="stmt"/>
      <line num="49" count="3" type="stmt"/>
      <line num="50" count="3" type="stmt"/>
      <line num="51" count="2" type="stmt"/>
      <line num="57" count="1" type="stmt"/>
      <line num="61" count="14" type="stmt"/>
      <line num="62" count="2" type="stmt"/>
      <line num="63" count="2" type="stmt"/>
      <line num="65" count="0" type="stmt"/>
      <line num="69" count="14" type="stmt"/>
      <line num="70" count="12" type="stmt"/>
      <line num="71" count="12" type="stmt"/>
      <line num="72" count="10" type="stmt"/>
      <line num="73" count="8" type="stmt"/>
      <line num="77" count="4" type="stmt"/>
      <line num="81" count="14" type="stmt"/>
      <line num="82" count="2" type="stmt"/>
      <line num="83" count="2" type="stmt"/>
      <line num="84" count="2" type="cond" truecount="1" falsecount="1"/>
      <line num="85" count="0" type="stmt"/>
      <line num="88" count="2" type="stmt"/>
      <line num="89" count="2" type="stmt"/>
      <line num="91" count="0" type="stmt"/>
      <line num="95" count="14" type="stmt"/>
      <line num="96" count="1" type="stmt"/>
      <line num="103" count="1" type="stmt"/>
      <line num="108" count="14" type="stmt"/>
      <line num="109" count="5" type="cond" truecount="1" falsecount="1"/>
      <line num="110" count="0" type="stmt"/>
      <line num="113" count="5" type="cond" truecount="1" falsecount="1"/>
      <line num="114" count="5" type="cond" truecount="1" falsecount="1"/>
      <line num="115" count="5" type="cond" truecount="1" falsecount="1"/>
      <line num="116" count="5" type="cond" truecount="1" falsecount="1"/>
      <line num="118" count="5" type="stmt"/>
      <line num="129" count="5" type="stmt"/>
      <line num="132" count="14" type="stmt"/>
      <line num="136" count="12" type="stmt"/>
      <line num="138" count="12" type="cond" truecount="5" falsecount="0"/>
      <line num="139" count="1" type="stmt"/>
      <line num="142" count="12" type="cond" truecount="5" falsecount="0"/>
      <line num="143" count="1" type="stmt"/>
      <line num="146" count="12" type="cond" truecount="4" falsecount="1"/>
      <line num="147" count="0" type="stmt"/>
      <line num="150" count="12" type="cond" truecount="2" falsecount="0"/>
      <line num="154" count="1" type="stmt"/>
      <line num="157" count="12" type="cond" truecount="2" falsecount="0"/>
      <line num="158" count="2" type="stmt"/>
      <line num="161" count="10" type="stmt"/>
      <line num="169" count="3" type="stmt"/>
    </file>
    <file name="errors.js" path="E:\PM2 Service\services\chunk-location\src\errors.js">
      <metrics statements="5" coveredstatements="5" conditionals="1" coveredconditionals="1" methods="1" coveredmethods="1"/>
      <line num="3" count="5" type="stmt"/>
      <line num="4" count="5" type="stmt"/>
      <line num="5" count="5" type="stmt"/>
      <line num="6" count="5" type="stmt"/>
      <line num="10" count="4" type="stmt"/>
    </file>
    <file name="observability.js" path="E:\PM2 Service\services\chunk-location\src\observability.js">
      <metrics statements="47" coveredstatements="45" conditionals="18" coveredconditionals="11" methods="8" coveredmethods="8"/>
      <line num="1" count="3" type="stmt"/>
      <line num="3" count="3" type="stmt"/>
      <line num="6" count="14" type="stmt"/>
      <line num="8" count="14" type="cond" truecount="1" falsecount="1"/>
      <line num="9" count="0" type="stmt"/>
      <line num="15" count="14" type="stmt"/>
      <line num="22" count="14" type="stmt"/>
      <line num="29" count="14" type="stmt"/>
      <line num="37" count="14" type="stmt"/>
      <line num="39" count="23" type="stmt"/>
      <line num="40" count="23" type="stmt"/>
      <line num="41" count="23" type="stmt"/>
      <line num="42" count="23" type="stmt"/>
      <line num="44" count="23" type="stmt"/>
      <line num="45" count="23" type="stmt"/>
      <line num="47" count="23" type="stmt"/>
      <line num="49" count="23" type="stmt"/>
      <line num="50" count="23" type="stmt"/>
      <line num="51" count="23" type="cond" truecount="2" falsecount="1"/>
      <line num="52" count="23" type="stmt"/>
      <line num="59" count="23" type="stmt"/>
      <line num="60" count="23" type="stmt"/>
      <line num="62" count="23" type="cond" truecount="2" falsecount="0"/>
      <line num="63" count="6" type="stmt"/>
      <line num="67" count="23" type="stmt"/>
      <line num="71" count="29" type="stmt"/>
      <line num="82" count="29" type="stmt"/>
      <line num="83" count="29" type="cond" truecount="2" falsecount="0"/>
      <line num="84" count="5" type="stmt"/>
      <line num="85" count="5" type="stmt"/>
      <line num="88" count="24" type="stmt"/>
      <line num="92" count="2" type="stmt"/>
      <line num="93" count="2" type="stmt"/>
      <line num="99" count="23" type="stmt"/>
      <line num="100" count="23" type="stmt"/>
      <line num="102" count="23" type="cond" truecount="1" falsecount="1"/>
      <line num="103" count="0" type="stmt"/>
      <line num="110" count="23" type="stmt"/>
      <line num="111" count="23" type="stmt"/>
      <line num="113" count="23" type="stmt"/>
      <line num="121" count="46" type="stmt"/>
      <line num="125" count="29" type="stmt"/>
      <line num="126" count="29" type="stmt"/>
      <line num="127" count="29" type="stmt"/>
      <line num="128" count="29" type="stmt"/>
      <line num="129" count="29" type="stmt"/>
      <line num="132" count="3" type="stmt"/>
    </file>
    <file name="repository.js" path="E:\PM2 Service\services\chunk-location\src\repository.js">
      <metrics statements="21" coveredstatements="20" conditionals="4" coveredconditionals="2" methods="8" coveredmethods="8"/>
      <line num="1" count="2" type="stmt"/>
      <line num="3" count="2" type="stmt"/>
      <line num="6" count="5" type="stmt"/>
      <line num="8" count="2" type="stmt"/>
      <line num="9" count="2" type="stmt"/>
      <line num="10" count="2" type="stmt"/>
      <line num="14" count="1" type="stmt"/>
      <line num="18" count="7" type="stmt"/>
      <line num="19" count="7" type="stmt"/>
      <line num="27" count="7" type="stmt"/>
      <line num="28" count="7" type="stmt"/>
      <line num="29" count="5" type="stmt"/>
      <line num="31" count="2" type="cond" truecount="1" falsecount="1"/>
      <line num="32" count="2" type="stmt"/>
      <line num="40" count="0" type="stmt"/>
      <line num="45" count="2" type="stmt"/>
      <line num="50" count="2" type="stmt"/>
      <line num="56" count="5" type="stmt"/>
      <line num="66" count="4" type="stmt"/>
      <line num="74" count="9" type="cond" truecount="1" falsecount="1"/>
      <line num="77" count="2" type="stmt"/>
    </file>
    <file name="response.js" path="E:\PM2 Service\services\chunk-location\src\response.js">
      <metrics statements="3" coveredstatements="3" conditionals="1" coveredconditionals="0" methods="2" coveredmethods="2"/>
      <line num="2" count="13" type="stmt"/>
      <line num="13" count="6" type="stmt"/>
      <line num="27" count="3" type="stmt"/>
    </file>
    <file name="server.js" path="E:\PM2 Service\services\chunk-location\src\server.js">
      <metrics statements="10" coveredstatements="0" conditionals="4" coveredconditionals="0" methods="2" coveredmethods="0"/>
      <line num="1" count="0" type="stmt"/>
      <line num="2" count="0" type="stmt"/>
      <line num="4" count="0" type="cond" truecount="0" falsecount="2"/>
      <line num="5" count="0" type="cond" truecount="0" falsecount="2"/>
      <line num="6" count="0" type="stmt"/>
      <line num="9" count="0" type="stmt"/>
      <line num="10" count="0" type="stmt"/>
      <line num="13" count="0" type="stmt"/>
      <line num="14" count="0" type="stmt"/>
      <line num="18" count="0" type="stmt"/>
    </file>
    <file name="start.js" path="E:\PM2 Service\services\chunk-location\src\start.js">
      <metrics statements="22" coveredstatements="20" conditionals="6" coveredconditionals="3" methods="6" coveredmethods="6"/>
      <line num="1" count="1" type="stmt"/>
      <line num="3" count="1" type="stmt"/>
      <line num="4" count="1" type="stmt"/>
      <line num="5" count="1" type="stmt"/>
      <line num="8" count="1" type="stmt"/>
      <line num="9" count="1" type="stmt"/>
      <line num="11" count="1" type="cond" truecount="1" falsecount="1"/>
      <line num="12" count="1" type="stmt"/>
      <line num="13" count="1" type="stmt"/>
      <line num="14" count="1" type="stmt"/>
      <line num="16" count="1" type="stmt"/>
      <line num="18" count="1" type="stmt"/>
      <line num="19" count="1" type="stmt"/>
      <line num="22" count="1" type="stmt"/>
      <line num="28" count="1" type="stmt"/>
      <line num="29" count="1" type="stmt"/>
      <line num="30" count="1" type="cond" truecount="1" falsecount="1"/>
      <line num="31" count="0" type="stmt"/>
      <line num="32" count="0" type="stmt"/>
      <line num="35" count="1" type="stmt"/>
      <line num="39" count="1" type="stmt"/>
      <line num="44" count="1" type="stmt"/>
    </file>
  </project>
</coverage>
