{"E:\\PM2 Service\\services\\chunk-location\\src\\app.js": {"path":"E:\\PM2 Service\\services\\chunk-location\\src\\app.js","statementMap":{"0":{"start":{"line":1,"column":16},"end":{"line":1,"column":34}},"1":{"start":{"line":2,"column":23},"end":{"line":2,"column":40}},"2":{"start":{"line":4,"column":21},"end":{"line":4,"column":40}},"3":{"start":{"line":5,"column":43},"end":{"line":5,"column":64}},"4":{"start":{"line":7,"column":21},"end":{"line":7,"column":37}},"5":{"start":{"line":10,"column":14},"end":{"line":10,"column":23}},"6":{"start":{"line":11,"column":2},"end":{"line":11,"column":26}},"7":{"start":{"line":13,"column":2},"end":{"line":16,"column":5}},"8":{"start":{"line":14,"column":4},"end":{"line":14,"column":63}},"9":{"start":{"line":15,"column":4},"end":{"line":15,"column":11}},"10":{"start":{"line":18,"column":2},"end":{"line":24,"column":5}},"11":{"start":{"line":19,"column":4},"end":{"line":23,"column":6}},"12":{"start":{"line":26,"column":2},"end":{"line":37,"column":5}},"13":{"start":{"line":27,"column":4},"end":{"line":36,"column":5}},"14":{"start":{"line":28,"column":6},"end":{"line":28,"column":30}},"15":{"start":{"line":29,"column":6},"end":{"line":33,"column":8}},"16":{"start":{"line":35,"column":6},"end":{"line":35,"column":88}},"17":{"start":{"line":39,"column":2},"end":{"line":49,"column":5}},"18":{"start":{"line":40,"column":4},"end":{"line":48,"column":5}},"19":{"start":{"line":41,"column":22},"end":{"line":41,"column":54}},"20":{"start":{"line":42,"column":23},"end":{"line":42,"column":63}},"21":{"start":{"line":43,"column":6},"end":{"line":45,"column":70}},"22":{"start":{"line":47,"column":6},"end":{"line":47,"column":18}},"23":{"start":{"line":51,"column":2},"end":{"line":63,"column":5}},"24":{"start":{"line":52,"column":4},"end":{"line":62,"column":5}},"25":{"start":{"line":53,"column":22},"end":{"line":53,"column":35}},"26":{"start":{"line":54,"column":6},"end":{"line":56,"column":7}},"27":{"start":{"line":55,"column":8},"end":{"line":55,"column":103}},"28":{"start":{"line":58,"column":23},"end":{"line":58,"column":61}},"29":{"start":{"line":59,"column":6},"end":{"line":59,"column":71}},"30":{"start":{"line":61,"column":6},"end":{"line":61,"column":18}},"31":{"start":{"line":65,"column":2},"end":{"line":69,"column":5}},"32":{"start":{"line":66,"column":4},"end":{"line":68,"column":6}},"33":{"start":{"line":71,"column":2},"end":{"line":82,"column":5}},"34":{"start":{"line":72,"column":4},"end":{"line":74,"column":5}},"35":{"start":{"line":73,"column":6},"end":{"line":73,"column":25}},"36":{"start":{"line":76,"column":23},"end":{"line":76,"column":46}},"37":{"start":{"line":77,"column":17},"end":{"line":77,"column":54}},"38":{"start":{"line":78,"column":20},"end":{"line":78,"column":81}},"39":{"start":{"line":79,"column":20},"end":{"line":79,"column":39}},"40":{"start":{"line":81,"column":4},"end":{"line":81,"column":100}},"41":{"start":{"line":84,"column":2},"end":{"line":84,"column":13}},"42":{"start":{"line":88,"column":18},"end":{"line":88,"column":20}},"43":{"start":{"line":90,"column":2},"end":{"line":92,"column":3}},"44":{"start":{"line":91,"column":4},"end":{"line":91,"column":62}},"45":{"start":{"line":94,"column":2},"end":{"line":96,"column":3}},"46":{"start":{"line":95,"column":4},"end":{"line":95,"column":60}},"47":{"start":{"line":98,"column":2},"end":{"line":100,"column":3}},"48":{"start":{"line":99,"column":4},"end":{"line":99,"column":72}},"49":{"start":{"line":102,"column":2},"end":{"line":107,"column":3}},"50":{"start":{"line":106,"column":4},"end":{"line":106,"column":96}},"51":{"start":{"line":109,"column":2},"end":{"line":111,"column":3}},"52":{"start":{"line":110,"column":4},"end":{"line":110,"column":92}},"53":{"start":{"line":113,"column":2},"end":{"line":118,"column":4}},"54":{"start":{"line":121,"column":0},"end":{"line":123,"column":2}}},"fnMap":{"0":{"name":"createApp","decl":{"start":{"line":9,"column":9},"end":{"line":9,"column":18}},"loc":{"start":{"line":9,"column":35},"end":{"line":85,"column":1}},"line":9},"1":{"name":"(anonymous_1)","decl":{"start":{"line":13,"column":10},"end":{"line":13,"column":11}},"loc":{"start":{"line":13,"column":30},"end":{"line":16,"column":3}},"line":13},"2":{"name":"(anonymous_2)","decl":{"start":{"line":18,"column":21},"end":{"line":18,"column":22}},"loc":{"start":{"line":18,"column":35},"end":{"line":24,"column":3}},"line":18},"3":{"name":"(anonymous_3)","decl":{"start":{"line":26,"column":20},"end":{"line":26,"column":21}},"loc":{"start":{"line":26,"column":46},"end":{"line":37,"column":3}},"line":26},"4":{"name":"(anonymous_4)","decl":{"start":{"line":39,"column":31},"end":{"line":39,"column":32}},"loc":{"start":{"line":39,"column":57},"end":{"line":49,"column":3}},"line":39},"5":{"name":"(anonymous_5)","decl":{"start":{"line":51,"column":34},"end":{"line":51,"column":35}},"loc":{"start":{"line":51,"column":60},"end":{"line":63,"column":3}},"line":51},"6":{"name":"(anonymous_6)","decl":{"start":{"line":65,"column":10},"end":{"line":65,"column":11}},"loc":{"start":{"line":65,"column":24},"end":{"line":69,"column":3}},"line":65},"7":{"name":"(anonymous_7)","decl":{"start":{"line":71,"column":10},"end":{"line":71,"column":11}},"loc":{"start":{"line":71,"column":37},"end":{"line":82,"column":3}},"line":71},"8":{"name":"validateCreateLocation","decl":{"start":{"line":87,"column":9},"end":{"line":87,"column":31}},"loc":{"start":{"line":87,"column":38},"end":{"line":119,"column":1}},"line":87}},"branchMap":{"0":{"loc":{"start":{"line":14,"column":20},"end":{"line":14,"column":62}},"type":"binary-expr","locations":[{"start":{"line":14,"column":20},"end":{"line":14,"column":46}},{"start":{"line":14,"column":50},"end":{"line":14,"column":62}}],"line":14},"1":{"loc":{"start":{"line":54,"column":6},"end":{"line":56,"column":7}},"type":"if","locations":[{"start":{"line":54,"column":6},"end":{"line":56,"column":7}},{"start":{},"end":{}}],"line":54},"2":{"loc":{"start":{"line":67,"column":34},"end":{"line":67,"column":63}},"type":"binary-expr","locations":[{"start":{"line":67,"column":34},"end":{"line":67,"column":47}},{"start":{"line":67,"column":51},"end":{"line":67,"column":63}}],"line":67},"3":{"loc":{"start":{"line":72,"column":4},"end":{"line":74,"column":5}},"type":"if","locations":[{"start":{"line":72,"column":4},"end":{"line":74,"column":5}},{"start":{},"end":{}}],"line":72},"4":{"loc":{"start":{"line":76,"column":23},"end":{"line":76,"column":46}},"type":"binary-expr","locations":[{"start":{"line":76,"column":23},"end":{"line":76,"column":39}},{"start":{"line":76,"column":43},"end":{"line":76,"column":46}}],"line":76},"5":{"loc":{"start":{"line":77,"column":17},"end":{"line":77,"column":54}},"type":"binary-expr","locations":[{"start":{"line":77,"column":17},"end":{"line":77,"column":27}},{"start":{"line":77,"column":31},"end":{"line":77,"column":54}}],"line":77},"6":{"loc":{"start":{"line":78,"column":20},"end":{"line":78,"column":81}},"type":"cond-expr","locations":[{"start":{"line":78,"column":39},"end":{"line":78,"column":52}},{"start":{"line":78,"column":55},"end":{"line":78,"column":81}}],"line":78},"7":{"loc":{"start":{"line":79,"column":20},"end":{"line":79,"column":39}},"type":"binary-expr","locations":[{"start":{"line":79,"column":20},"end":{"line":79,"column":33}},{"start":{"line":79,"column":37},"end":{"line":79,"column":39}}],"line":79},"8":{"loc":{"start":{"line":90,"column":2},"end":{"line":92,"column":3}},"type":"if","locations":[{"start":{"line":90,"column":2},"end":{"line":92,"column":3}},{"start":{},"end":{}}],"line":90},"9":{"loc":{"start":{"line":90,"column":6},"end":{"line":90,"column":79}},"type":"binary-expr","locations":[{"start":{"line":90,"column":6},"end":{"line":90,"column":11}},{"start":{"line":90,"column":15},"end":{"line":90,"column":48}},{"start":{"line":90,"column":52},"end":{"line":90,"column":79}}],"line":90},"10":{"loc":{"start":{"line":94,"column":2},"end":{"line":96,"column":3}},"type":"if","locations":[{"start":{"line":94,"column":2},"end":{"line":96,"column":3}},{"start":{},"end":{}}],"line":94},"11":{"loc":{"start":{"line":94,"column":6},"end":{"line":94,"column":77}},"type":"binary-expr","locations":[{"start":{"line":94,"column":6},"end":{"line":94,"column":11}},{"start":{"line":94,"column":15},"end":{"line":94,"column":47}},{"start":{"line":94,"column":51},"end":{"line":94,"column":77}}],"line":94},"12":{"loc":{"start":{"line":98,"column":2},"end":{"line":100,"column":3}},"type":"if","locations":[{"start":{"line":98,"column":2},"end":{"line":100,"column":3}},{"start":{},"end":{}}],"line":98},"13":{"loc":{"start":{"line":98,"column":6},"end":{"line":98,"column":98}},"type":"binary-expr","locations":[{"start":{"line":98,"column":6},"end":{"line":98,"column":32}},{"start":{"line":98,"column":37},"end":{"line":98,"column":68}},{"start":{"line":98,"column":72},"end":{"line":98,"column":97}}],"line":98},"14":{"loc":{"start":{"line":102,"column":2},"end":{"line":107,"column":3}},"type":"if","locations":[{"start":{"line":102,"column":2},"end":{"line":107,"column":3}},{"start":{},"end":{}}],"line":102},"15":{"loc":{"start":{"line":103,"column":4},"end":{"line":104,"column":92}},"type":"binary-expr","locations":[{"start":{"line":103,"column":4},"end":{"line":103,"column":37}},{"start":{"line":104,"column":5},"end":{"line":104,"column":43}},{"start":{"line":104,"column":47},"end":{"line":104,"column":91}}],"line":103},"16":{"loc":{"start":{"line":109,"column":2},"end":{"line":111,"column":3}},"type":"if","locations":[{"start":{"line":109,"column":2},"end":{"line":111,"column":3}},{"start":{},"end":{}}],"line":109},"17":{"loc":{"start":{"line":116,"column":12},"end":{"line":116,"column":43}},"type":"binary-expr","locations":[{"start":{"line":116,"column":12},"end":{"line":116,"column":31}},{"start":{"line":116,"column":35},"end":{"line":116,"column":43}}],"line":116},"18":{"loc":{"start":{"line":117,"column":18},"end":{"line":117,"column":64}},"type":"binary-expr","locations":[{"start":{"line":117,"column":18},"end":{"line":117,"column":36}},{"start":{"line":117,"column":40},"end":{"line":117,"column":64}}],"line":117}},"s":{"0":3,"1":3,"2":3,"3":3,"4":3,"5":12,"6":12,"7":12,"8":18,"9":18,"10":12,"11":1,"12":12,"13":3,"14":3,"15":2,"16":1,"17":12,"18":11,"19":11,"20":9,"21":7,"22":4,"23":12,"24":2,"25":2,"26":2,"27":0,"28":2,"29":2,"30":0,"31":12,"32":1,"33":12,"34":5,"35":0,"36":5,"37":5,"38":5,"39":5,"40":5,"41":12,"42":11,"43":11,"44":1,"45":11,"46":1,"47":11,"48":0,"49":11,"50":1,"51":11,"52":2,"53":9,"54":3},"f":{"0":12,"1":18,"2":1,"3":3,"4":11,"5":2,"6":1,"7":5,"8":11},"b":{"0":[18,17],"1":[0,2],"2":[1,0],"3":[0,5],"4":[5,0],"5":[5,0],"6":[5,0],"7":[5,0],"8":[1,10],"9":[11,11,11],"10":[1,10],"11":[11,11,11],"12":[0,11],"13":[11,2,2],"14":[1,10],"15":[11,3,3],"16":[2,9],"17":[9,7],"18":[9,7]},"_coverageSchema":"1a1c01bbd47fc00a2c39e90264f33305004495a9","hash":"3a13a142a92f68333d2be90615cfe4e85822a358"}
,"E:\\PM2 Service\\services\\chunk-location\\src\\errors.js": {"path":"E:\\PM2 Service\\services\\chunk-location\\src\\errors.js","statementMap":{"0":{"start":{"line":3,"column":4},"end":{"line":3,"column":19}},"1":{"start":{"line":4,"column":4},"end":{"line":4,"column":33}},"2":{"start":{"line":5,"column":4},"end":{"line":5,"column":21}},"3":{"start":{"line":6,"column":4},"end":{"line":6,"column":27}},"4":{"start":{"line":10,"column":0},"end":{"line":12,"column":2}}},"fnMap":{"0":{"name":"(anonymous_0)","decl":{"start":{"line":2,"column":2},"end":{"line":2,"column":3}},"loc":{"start":{"line":2,"column":55},"end":{"line":7,"column":3}},"line":2}},"branchMap":{"0":{"loc":{"start":{"line":2,"column":41},"end":{"line":2,"column":53}},"type":"default-arg","locations":[{"start":{"line":2,"column":51},"end":{"line":2,"column":53}}],"line":2}},"s":{"0":5,"1":5,"2":5,"3":5,"4":4},"f":{"0":5},"b":{"0":[1]},"_coverageSchema":"1a1c01bbd47fc00a2c39e90264f33305004495a9","hash":"43c5a6ac142809cb88128deb4b9eeebea9106426"}
,"E:\\PM2 Service\\services\\chunk-location\\src\\repository.js": {"path":"E:\\PM2 Service\\services\\chunk-location\\src\\repository.js","statementMap":{"0":{"start":{"line":1,"column":21},"end":{"line":1,"column":39}},"1":{"start":{"line":3,"column":21},"end":{"line":3,"column":40}},"2":{"start":{"line":6,"column":2},"end":{"line":52,"column":4}},"3":{"start":{"line":8,"column":6},"end":{"line":8,"column":82}},"4":{"start":{"line":9,"column":6},"end":{"line":9,"column":52}},"5":{"start":{"line":10,"column":6},"end":{"line":10,"column":51}},"6":{"start":{"line":14,"column":6},"end":{"line":14,"column":41}},"7":{"start":{"line":18,"column":25},"end":{"line":18,"column":47}},"8":{"start":{"line":19,"column":23},"end":{"line":25,"column":7}},"9":{"start":{"line":27,"column":6},"end":{"line":41,"column":7}},"10":{"start":{"line":28,"column":8},"end":{"line":28,"column":45}},"11":{"start":{"line":29,"column":8},"end":{"line":29,"column":37}},"12":{"start":{"line":31,"column":8},"end":{"line":38,"column":9}},"13":{"start":{"line":32,"column":10},"end":{"line":37,"column":12}},"14":{"start":{"line":40,"column":8},"end":{"line":40,"column":20}},"15":{"start":{"line":45,"column":24},"end":{"line":48,"column":18}},"16":{"start":{"line":50,"column":6},"end":{"line":50,"column":39}},"17":{"start":{"line":56,"column":2},"end":{"line":62,"column":4}},"18":{"start":{"line":66,"column":2},"end":{"line":70,"column":4}},"19":{"start":{"line":74,"column":2},"end":{"line":74,"column":61}},"20":{"start":{"line":77,"column":0},"end":{"line":79,"column":2}}},"fnMap":{"0":{"name":"createChunkLocationRepository","decl":{"start":{"line":5,"column":9},"end":{"line":5,"column":38}},"loc":{"start":{"line":5,"column":51},"end":{"line":53,"column":1}},"line":5},"1":{"name":"(anonymous_1)","decl":{"start":{"line":7,"column":4},"end":{"line":7,"column":5}},"loc":{"start":{"line":7,"column":17},"end":{"line":11,"column":5}},"line":7},"2":{"name":"(anonymous_2)","decl":{"start":{"line":13,"column":4},"end":{"line":13,"column":5}},"loc":{"start":{"line":13,"column":17},"end":{"line":15,"column":5}},"line":13},"3":{"name":"(anonymous_3)","decl":{"start":{"line":17,"column":4},"end":{"line":17,"column":5}},"loc":{"start":{"line":17,"column":68},"end":{"line":42,"column":5}},"line":17},"4":{"name":"(anonymous_4)","decl":{"start":{"line":44,"column":4},"end":{"line":44,"column":5}},"loc":{"start":{"line":44,"column":32},"end":{"line":51,"column":5}},"line":44},"5":{"name":"mapLocation","decl":{"start":{"line":55,"column":9},"end":{"line":55,"column":20}},"loc":{"start":{"line":55,"column":31},"end":{"line":63,"column":1}},"line":55},"6":{"name":"mapReplica","decl":{"start":{"line":65,"column":9},"end":{"line":65,"column":19}},"loc":{"start":{"line":65,"column":30},"end":{"line":71,"column":1}},"line":65},"7":{"name":"toIsoString","decl":{"start":{"line":73,"column":9},"end":{"line":73,"column":20}},"loc":{"start":{"line":73,"column":28},"end":{"line":75,"column":1}},"line":73}},"branchMap":{"0":{"loc":{"start":{"line":31,"column":8},"end":{"line":38,"column":9}},"type":"if","locations":[{"start":{"line":31,"column":8},"end":{"line":38,"column":9}},{"start":{},"end":{}}],"line":31},"1":{"loc":{"start":{"line":74,"column":9},"end":{"line":74,"column":60}},"type":"cond-expr","locations":[{"start":{"line":74,"column":33},"end":{"line":74,"column":52}},{"start":{"line":74,"column":55},"end":{"line":74,"column":60}}],"line":74}},"s":{"0":2,"1":2,"2":5,"3":2,"4":2,"5":2,"6":1,"7":6,"8":6,"9":6,"10":6,"11":4,"12":2,"13":2,"14":0,"15":2,"16":2,"17":4,"18":4,"19":8,"20":2},"f":{"0":5,"1":2,"2":1,"3":6,"4":2,"5":4,"6":4,"7":8},"b":{"0":[2,0],"1":[8,0]},"_coverageSchema":"1a1c01bbd47fc00a2c39e90264f33305004495a9","hash":"a71ab2761162244bd00b2f80d337eeb092ed4efb"}
,"E:\\PM2 Service\\services\\chunk-location\\src\\response.js": {"path":"E:\\PM2 Service\\services\\chunk-location\\src\\response.js","statementMap":{"0":{"start":{"line":2,"column":2},"end":{"line":9,"column":4}},"1":{"start":{"line":13,"column":2},"end":{"line":24,"column":4}},"2":{"start":{"line":27,"column":0},"end":{"line":30,"column":2}}},"fnMap":{"0":{"name":"successResponse","decl":{"start":{"line":1,"column":9},"end":{"line":1,"column":24}},"loc":{"start":{"line":1,"column":55},"end":{"line":10,"column":1}},"line":1},"1":{"name":"errorResponse","decl":{"start":{"line":12,"column":9},"end":{"line":12,"column":22}},"loc":{"start":{"line":12,"column":76},"end":{"line":25,"column":1}},"line":12}},"branchMap":{"0":{"loc":{"start":{"line":12,"column":62},"end":{"line":12,"column":74}},"type":"default-arg","locations":[{"start":{"line":12,"column":72},"end":{"line":12,"column":74}}],"line":12}},"s":{"0":12,"1":6,"2":3},"f":{"0":12,"1":6},"b":{"0":[0]},"_coverageSchema":"1a1c01bbd47fc00a2c39e90264f33305004495a9","hash":"018d81693a4e1d13a67f55995b83b32f13069978"}
,"E:\\PM2 Service\\services\\chunk-location\\src\\server.js": {"path":"E:\\PM2 Service\\services\\chunk-location\\src\\server.js","statementMap":{"0":{"start":{"line":1,"column":25},"end":{"line":1,"column":43}},"1":{"start":{"line":3,"column":13},"end":{"line":3,"column":45}},"2":{"start":{"line":4,"column":20},"end":{"line":4,"column":90}},"3":{"start":{"line":7,"column":2},"end":{"line":7,"column":44}},"4":{"start":{"line":8,"column":2},"end":{"line":8,"column":58}},"5":{"start":{"line":11,"column":0},"end":{"line":14,"column":3}},"6":{"start":{"line":12,"column":2},"end":{"line":12,"column":57}},"7":{"start":{"line":13,"column":2},"end":{"line":13,"column":18}}},"fnMap":{"0":{"name":"start","decl":{"start":{"line":6,"column":15},"end":{"line":6,"column":20}},"loc":{"start":{"line":6,"column":23},"end":{"line":9,"column":1}},"line":6},"1":{"name":"(anonymous_1)","decl":{"start":{"line":11,"column":14},"end":{"line":11,"column":15}},"loc":{"start":{"line":11,"column":25},"end":{"line":14,"column":1}},"line":11}},"branchMap":{"0":{"loc":{"start":{"line":3,"column":20},"end":{"line":3,"column":44}},"type":"binary-expr","locations":[{"start":{"line":3,"column":20},"end":{"line":3,"column":36}},{"start":{"line":3,"column":40},"end":{"line":3,"column":44}}],"line":3},"1":{"loc":{"start":{"line":4,"column":20},"end":{"line":4,"column":90}},"type":"binary-expr","locations":[{"start":{"line":4,"column":20},"end":{"line":4,"column":44}},{"start":{"line":4,"column":48},"end":{"line":4,"column":90}}],"line":4}},"s":{"0":0,"1":0,"2":0,"3":0,"4":0,"5":0,"6":0,"7":0},"f":{"0":0,"1":0},"b":{"0":[0,0],"1":[0,0]}}
,"E:\\PM2 Service\\services\\chunk-location\\src\\start.js": {"path":"E:\\PM2 Service\\services\\chunk-location\\src\\start.js","statementMap":{"0":{"start":{"line":1,"column":24},"end":{"line":1,"column":42}},"1":{"start":{"line":3,"column":22},"end":{"line":3,"column":38}},"2":{"start":{"line":4,"column":42},"end":{"line":4,"column":65}},"3":{"start":{"line":7,"column":17},"end":{"line":7,"column":45}},"4":{"start":{"line":8,"column":2},"end":{"line":8,"column":25}},"5":{"start":{"line":10,"column":23},"end":{"line":10,"column":91}},"6":{"start":{"line":11,"column":21},"end":{"line":11,"column":74}},"7":{"start":{"line":12,"column":21},"end":{"line":12,"column":62}},"8":{"start":{"line":13,"column":2},"end":{"line":13,"column":26}},"9":{"start":{"line":15,"column":14},"end":{"line":15,"column":39}},"10":{"start":{"line":17,"column":17},"end":{"line":19,"column":4}},"11":{"start":{"line":18,"column":21},"end":{"line":18,"column":62}},"12":{"start":{"line":18,"column":44},"end":{"line":18,"column":61}},"13":{"start":{"line":21,"column":2},"end":{"line":40,"column":4}},"14":{"start":{"line":27,"column":6},"end":{"line":36,"column":9}},"15":{"start":{"line":28,"column":8},"end":{"line":35,"column":11}},"16":{"start":{"line":29,"column":10},"end":{"line":32,"column":11}},"17":{"start":{"line":30,"column":12},"end":{"line":30,"column":26}},"18":{"start":{"line":31,"column":12},"end":{"line":31,"column":19}},"19":{"start":{"line":34,"column":10},"end":{"line":34,"column":20}},"20":{"start":{"line":38,"column":6},"end":{"line":38,"column":27}},"21":{"start":{"line":43,"column":0},"end":{"line":45,"column":2}}},"fnMap":{"0":{"name":"createServer","decl":{"start":{"line":6,"column":15},"end":{"line":6,"column":27}},"loc":{"start":{"line":6,"column":55},"end":{"line":41,"column":1}},"line":6},"1":{"name":"(anonymous_1)","decl":{"start":{"line":17,"column":35},"end":{"line":17,"column":36}},"loc":{"start":{"line":17,"column":48},"end":{"line":19,"column":3}},"line":17},"2":{"name":"(anonymous_2)","decl":{"start":{"line":18,"column":38},"end":{"line":18,"column":39}},"loc":{"start":{"line":18,"column":44},"end":{"line":18,"column":61}},"line":18},"3":{"name":"(anonymous_3)","decl":{"start":{"line":26,"column":4},"end":{"line":26,"column":5}},"loc":{"start":{"line":26,"column":18},"end":{"line":39,"column":5}},"line":26},"4":{"name":"(anonymous_4)","decl":{"start":{"line":27,"column":24},"end":{"line":27,"column":25}},"loc":{"start":{"line":27,"column":45},"end":{"line":36,"column":7}},"line":27},"5":{"name":"(anonymous_5)","decl":{"start":{"line":28,"column":21},"end":{"line":28,"column":22}},"loc":{"start":{"line":28,"column":32},"end":{"line":35,"column":9}},"line":28}},"branchMap":{"0":{"loc":{"start":{"line":6,"column":43},"end":{"line":6,"column":51}},"type":"default-arg","locations":[{"start":{"line":6,"column":50},"end":{"line":6,"column":51}}],"line":6},"1":{"loc":{"start":{"line":10,"column":23},"end":{"line":10,"column":91}},"type":"binary-expr","locations":[{"start":{"line":10,"column":23},"end":{"line":10,"column":71}},{"start":{"line":10,"column":75},"end":{"line":10,"column":91}}],"line":10},"2":{"loc":{"start":{"line":29,"column":10},"end":{"line":32,"column":11}},"type":"if","locations":[{"start":{"line":29,"column":10},"end":{"line":32,"column":11}},{"start":{},"end":{}}],"line":29}},"s":{"0":1,"1":1,"2":1,"3":1,"4":1,"5":1,"6":1,"7":1,"8":1,"9":1,"10":1,"11":1,"12":1,"13":1,"14":1,"15":1,"16":1,"17":0,"18":0,"19":1,"20":1,"21":1},"f":{"0":1,"1":1,"2":1,"3":1,"4":1,"5":1},"b":{"0":[0],"1":[1,0],"2":[0,1]},"_coverageSchema":"1a1c01bbd47fc00a2c39e90264f33305004495a9","hash":"2a04bb0b245d186131dbee4ce54acb70a91ab52c"}
}
