{"E:\\PM2 Service\\services\\chunk-location\\src\\app.js": {"path":"E:\\PM2 Service\\services\\chunk-location\\src\\app.js","statementMap":{"0":{"start":{"line":1,"column":16},"end":{"line":1,"column":34}},"1":{"start":{"line":2,"column":23},"end":{"line":2,"column":40}},"2":{"start":{"line":4,"column":21},"end":{"line":4,"column":40}},"3":{"start":{"line":5,"column":32},"end":{"line":5,"column":58}},"4":{"start":{"line":6,"column":43},"end":{"line":6,"column":64}},"5":{"start":{"line":8,"column":21},"end":{"line":8,"column":37}},"6":{"start":{"line":11,"column":14},"end":{"line":11,"column":23}},"7":{"start":{"line":12,"column":2},"end":{"line":12,"column":26}},"8":{"start":{"line":14,"column":2},"end":{"line":17,"column":5}},"9":{"start":{"line":15,"column":4},"end":{"line":15,"column":63}},"10":{"start":{"line":16,"column":4},"end":{"line":16,"column":11}},"11":{"start":{"line":18,"column":2},"end":{"line":18,"column":50}},"12":{"start":{"line":20,"column":2},"end":{"line":29,"column":5}},"13":{"start":{"line":21,"column":4},"end":{"line":27,"column":7}},"14":{"start":{"line":28,"column":4},"end":{"line":28,"column":11}},"15":{"start":{"line":31,"column":2},"end":{"line":37,"column":5}},"16":{"start":{"line":32,"column":4},"end":{"line":36,"column":6}},"17":{"start":{"line":39,"column":2},"end":{"line":50,"column":5}},"18":{"start":{"line":40,"column":4},"end":{"line":49,"column":5}},"19":{"start":{"line":41,"column":6},"end":{"line":41,"column":30}},"20":{"start":{"line":42,"column":6},"end":{"line":46,"column":8}},"21":{"start":{"line":48,"column":6},"end":{"line":48,"column":88}},"22":{"start":{"line":52,"column":2},"end":{"line":58,"column":5}},"23":{"start":{"line":53,"column":4},"end":{"line":57,"column":5}},"24":{"start":{"line":54,"column":6},"end":{"line":54,"column":51}},"25":{"start":{"line":56,"column":6},"end":{"line":56,"column":18}},"26":{"start":{"line":60,"column":2},"end":{"line":70,"column":5}},"27":{"start":{"line":61,"column":4},"end":{"line":69,"column":5}},"28":{"start":{"line":62,"column":22},"end":{"line":62,"column":54}},"29":{"start":{"line":63,"column":23},"end":{"line":63,"column":63}},"30":{"start":{"line":64,"column":6},"end":{"line":66,"column":70}},"31":{"start":{"line":68,"column":6},"end":{"line":68,"column":18}},"32":{"start":{"line":72,"column":2},"end":{"line":84,"column":5}},"33":{"start":{"line":73,"column":4},"end":{"line":83,"column":5}},"34":{"start":{"line":74,"column":22},"end":{"line":74,"column":35}},"35":{"start":{"line":75,"column":6},"end":{"line":77,"column":7}},"36":{"start":{"line":76,"column":8},"end":{"line":76,"column":103}},"37":{"start":{"line":79,"column":23},"end":{"line":79,"column":61}},"38":{"start":{"line":80,"column":6},"end":{"line":80,"column":71}},"39":{"start":{"line":82,"column":6},"end":{"line":82,"column":18}},"40":{"start":{"line":86,"column":2},"end":{"line":97,"column":5}},"41":{"start":{"line":87,"column":4},"end":{"line":93,"column":7}},"42":{"start":{"line":94,"column":4},"end":{"line":96,"column":6}},"43":{"start":{"line":99,"column":2},"end":{"line":121,"column":5}},"44":{"start":{"line":100,"column":4},"end":{"line":102,"column":5}},"45":{"start":{"line":101,"column":6},"end":{"line":101,"column":25}},"46":{"start":{"line":104,"column":23},"end":{"line":104,"column":46}},"47":{"start":{"line":105,"column":17},"end":{"line":105,"column":54}},"48":{"start":{"line":106,"column":20},"end":{"line":106,"column":81}},"49":{"start":{"line":107,"column":20},"end":{"line":107,"column":39}},"50":{"start":{"line":109,"column":4},"end":{"line":118,"column":7}},"51":{"start":{"line":120,"column":4},"end":{"line":120,"column":100}},"52":{"start":{"line":123,"column":2},"end":{"line":123,"column":13}},"53":{"start":{"line":127,"column":18},"end":{"line":127,"column":20}},"54":{"start":{"line":129,"column":2},"end":{"line":131,"column":3}},"55":{"start":{"line":130,"column":4},"end":{"line":130,"column":62}},"56":{"start":{"line":133,"column":2},"end":{"line":135,"column":3}},"57":{"start":{"line":134,"column":4},"end":{"line":134,"column":60}},"58":{"start":{"line":137,"column":2},"end":{"line":139,"column":3}},"59":{"start":{"line":138,"column":4},"end":{"line":138,"column":72}},"60":{"start":{"line":141,"column":2},"end":{"line":146,"column":3}},"61":{"start":{"line":145,"column":4},"end":{"line":145,"column":96}},"62":{"start":{"line":148,"column":2},"end":{"line":150,"column":3}},"63":{"start":{"line":149,"column":4},"end":{"line":149,"column":92}},"64":{"start":{"line":152,"column":2},"end":{"line":157,"column":4}},"65":{"start":{"line":160,"column":0},"end":{"line":162,"column":2}}},"fnMap":{"0":{"name":"createApp","decl":{"start":{"line":10,"column":9},"end":{"line":10,"column":18}},"loc":{"start":{"line":10,"column":86},"end":{"line":124,"column":1}},"line":10},"1":{"name":"(anonymous_1)","decl":{"start":{"line":14,"column":10},"end":{"line":14,"column":11}},"loc":{"start":{"line":14,"column":30},"end":{"line":17,"column":3}},"line":14},"2":{"name":"(anonymous_2)","decl":{"start":{"line":20,"column":10},"end":{"line":20,"column":11}},"loc":{"start":{"line":20,"column":30},"end":{"line":29,"column":3}},"line":20},"3":{"name":"(anonymous_3)","decl":{"start":{"line":31,"column":21},"end":{"line":31,"column":22}},"loc":{"start":{"line":31,"column":35},"end":{"line":37,"column":3}},"line":31},"4":{"name":"(anonymous_4)","decl":{"start":{"line":39,"column":20},"end":{"line":39,"column":21}},"loc":{"start":{"line":39,"column":46},"end":{"line":50,"column":3}},"line":39},"5":{"name":"(anonymous_5)","decl":{"start":{"line":52,"column":22},"end":{"line":52,"column":23}},"loc":{"start":{"line":52,"column":48},"end":{"line":58,"column":3}},"line":52},"6":{"name":"(anonymous_6)","decl":{"start":{"line":60,"column":31},"end":{"line":60,"column":32}},"loc":{"start":{"line":60,"column":57},"end":{"line":70,"column":3}},"line":60},"7":{"name":"(anonymous_7)","decl":{"start":{"line":72,"column":34},"end":{"line":72,"column":35}},"loc":{"start":{"line":72,"column":60},"end":{"line":84,"column":3}},"line":72},"8":{"name":"(anonymous_8)","decl":{"start":{"line":86,"column":10},"end":{"line":86,"column":11}},"loc":{"start":{"line":86,"column":24},"end":{"line":97,"column":3}},"line":86},"9":{"name":"(anonymous_9)","decl":{"start":{"line":99,"column":10},"end":{"line":99,"column":11}},"loc":{"start":{"line":99,"column":37},"end":{"line":121,"column":3}},"line":99},"10":{"name":"validateCreateLocation","decl":{"start":{"line":126,"column":9},"end":{"line":126,"column":31}},"loc":{"start":{"line":126,"column":38},"end":{"line":158,"column":1}},"line":126}},"branchMap":{"0":{"loc":{"start":{"line":10,"column":33},"end":{"line":10,"column":82}},"type":"default-arg","locations":[{"start":{"line":10,"column":49},"end":{"line":10,"column":82}}],"line":10},"1":{"loc":{"start":{"line":15,"column":20},"end":{"line":15,"column":62}},"type":"binary-expr","locations":[{"start":{"line":15,"column":20},"end":{"line":15,"column":46}},{"start":{"line":15,"column":50},"end":{"line":15,"column":62}}],"line":15},"2":{"loc":{"start":{"line":75,"column":6},"end":{"line":77,"column":7}},"type":"if","locations":[{"start":{"line":75,"column":6},"end":{"line":77,"column":7}},{"start":{},"end":{}}],"line":75},"3":{"loc":{"start":{"line":88,"column":17},"end":{"line":88,"column":46}},"type":"binary-expr","locations":[{"start":{"line":88,"column":17},"end":{"line":88,"column":30}},{"start":{"line":88,"column":34},"end":{"line":88,"column":46}}],"line":88},"4":{"loc":{"start":{"line":95,"column":34},"end":{"line":95,"column":63}},"type":"binary-expr","locations":[{"start":{"line":95,"column":34},"end":{"line":95,"column":47}},{"start":{"line":95,"column":51},"end":{"line":95,"column":63}}],"line":95},"5":{"loc":{"start":{"line":100,"column":4},"end":{"line":102,"column":5}},"type":"if","locations":[{"start":{"line":100,"column":4},"end":{"line":102,"column":5}},{"start":{},"end":{}}],"line":100},"6":{"loc":{"start":{"line":104,"column":23},"end":{"line":104,"column":46}},"type":"binary-expr","locations":[{"start":{"line":104,"column":23},"end":{"line":104,"column":39}},{"start":{"line":104,"column":43},"end":{"line":104,"column":46}}],"line":104},"7":{"loc":{"start":{"line":105,"column":17},"end":{"line":105,"column":54}},"type":"binary-expr","locations":[{"start":{"line":105,"column":17},"end":{"line":105,"column":27}},{"start":{"line":105,"column":31},"end":{"line":105,"column":54}}],"line":105},"8":{"loc":{"start":{"line":106,"column":20},"end":{"line":106,"column":81}},"type":"cond-expr","locations":[{"start":{"line":106,"column":39},"end":{"line":106,"column":52}},{"start":{"line":106,"column":55},"end":{"line":106,"column":81}}],"line":106},"9":{"loc":{"start":{"line":107,"column":20},"end":{"line":107,"column":39}},"type":"binary-expr","locations":[{"start":{"line":107,"column":20},"end":{"line":107,"column":33}},{"start":{"line":107,"column":37},"end":{"line":107,"column":39}}],"line":107},"10":{"loc":{"start":{"line":129,"column":2},"end":{"line":131,"column":3}},"type":"if","locations":[{"start":{"line":129,"column":2},"end":{"line":131,"column":3}},{"start":{},"end":{}}],"line":129},"11":{"loc":{"start":{"line":129,"column":6},"end":{"line":129,"column":79}},"type":"binary-expr","locations":[{"start":{"line":129,"column":6},"end":{"line":129,"column":11}},{"start":{"line":129,"column":15},"end":{"line":129,"column":48}},{"start":{"line":129,"column":52},"end":{"line":129,"column":79}}],"line":129},"12":{"loc":{"start":{"line":133,"column":2},"end":{"line":135,"column":3}},"type":"if","locations":[{"start":{"line":133,"column":2},"end":{"line":135,"column":3}},{"start":{},"end":{}}],"line":133},"13":{"loc":{"start":{"line":133,"column":6},"end":{"line":133,"column":77}},"type":"binary-expr","locations":[{"start":{"line":133,"column":6},"end":{"line":133,"column":11}},{"start":{"line":133,"column":15},"end":{"line":133,"column":47}},{"start":{"line":133,"column":51},"end":{"line":133,"column":77}}],"line":133},"14":{"loc":{"start":{"line":137,"column":2},"end":{"line":139,"column":3}},"type":"if","locations":[{"start":{"line":137,"column":2},"end":{"line":139,"column":3}},{"start":{},"end":{}}],"line":137},"15":{"loc":{"start":{"line":137,"column":6},"end":{"line":137,"column":98}},"type":"binary-expr","locations":[{"start":{"line":137,"column":6},"end":{"line":137,"column":32}},{"start":{"line":137,"column":37},"end":{"line":137,"column":68}},{"start":{"line":137,"column":72},"end":{"line":137,"column":97}}],"line":137},"16":{"loc":{"start":{"line":141,"column":2},"end":{"line":146,"column":3}},"type":"if","locations":[{"start":{"line":141,"column":2},"end":{"line":146,"column":3}},{"start":{},"end":{}}],"line":141},"17":{"loc":{"start":{"line":142,"column":4},"end":{"line":143,"column":92}},"type":"binary-expr","locations":[{"start":{"line":142,"column":4},"end":{"line":142,"column":37}},{"start":{"line":143,"column":5},"end":{"line":143,"column":43}},{"start":{"line":143,"column":47},"end":{"line":143,"column":91}}],"line":142},"18":{"loc":{"start":{"line":148,"column":2},"end":{"line":150,"column":3}},"type":"if","locations":[{"start":{"line":148,"column":2},"end":{"line":150,"column":3}},{"start":{},"end":{}}],"line":148},"19":{"loc":{"start":{"line":155,"column":12},"end":{"line":155,"column":43}},"type":"binary-expr","locations":[{"start":{"line":155,"column":12},"end":{"line":155,"column":31}},{"start":{"line":155,"column":35},"end":{"line":155,"column":43}}],"line":155},"20":{"loc":{"start":{"line":156,"column":18},"end":{"line":156,"column":64}},"type":"binary-expr","locations":[{"start":{"line":156,"column":18},"end":{"line":156,"column":36}},{"start":{"line":156,"column":40},"end":{"line":156,"column":64}}],"line":156}},"s":{"0":3,"1":3,"2":3,"3":3,"4":3,"5":3,"6":13,"7":13,"8":13,"9":21,"10":21,"11":13,"12":13,"13":21,"14":21,"15":13,"16":1,"17":13,"18":3,"19":3,"20":2,"21":1,"22":13,"23":2,"24":2,"25":0,"26":13,"27":12,"28":12,"29":10,"30":8,"31":4,"32":13,"33":2,"34":2,"35":2,"36":0,"37":2,"38":2,"39":0,"40":13,"41":1,"42":1,"43":13,"44":5,"45":0,"46":5,"47":5,"48":5,"49":5,"50":5,"51":5,"52":13,"53":12,"54":12,"55":1,"56":12,"57":1,"58":12,"59":0,"60":12,"61":1,"62":12,"63":2,"64":10,"65":3},"f":{"0":13,"1":21,"2":21,"3":1,"4":3,"5":2,"6":12,"7":2,"8":1,"9":5,"10":12},"b":{"0":[12],"1":[21,20],"2":[0,2],"3":[1,0],"4":[1,0],"5":[0,5],"6":[5,0],"7":[5,0],"8":[5,0],"9":[5,0],"10":[1,11],"11":[12,12,12],"12":[1,11],"13":[12,12,12],"14":[0,12],"15":[12,2,2],"16":[1,11],"17":[12,3,3],"18":[2,10],"19":[10,8],"20":[10,8]},"_coverageSchema":"1a1c01bbd47fc00a2c39e90264f33305004495a9","hash":"efc06ac30e5702794799095949c67555744c7fd5"}
,"E:\\PM2 Service\\services\\chunk-location\\src\\errors.js": {"path":"E:\\PM2 Service\\services\\chunk-location\\src\\errors.js","statementMap":{"0":{"start":{"line":3,"column":4},"end":{"line":3,"column":19}},"1":{"start":{"line":4,"column":4},"end":{"line":4,"column":33}},"2":{"start":{"line":5,"column":4},"end":{"line":5,"column":21}},"3":{"start":{"line":6,"column":4},"end":{"line":6,"column":27}},"4":{"start":{"line":10,"column":0},"end":{"line":12,"column":2}}},"fnMap":{"0":{"name":"(anonymous_0)","decl":{"start":{"line":2,"column":2},"end":{"line":2,"column":3}},"loc":{"start":{"line":2,"column":55},"end":{"line":7,"column":3}},"line":2}},"branchMap":{"0":{"loc":{"start":{"line":2,"column":41},"end":{"line":2,"column":53}},"type":"default-arg","locations":[{"start":{"line":2,"column":51},"end":{"line":2,"column":53}}],"line":2}},"s":{"0":5,"1":5,"2":5,"3":5,"4":4},"f":{"0":5},"b":{"0":[1]},"_coverageSchema":"1a1c01bbd47fc00a2c39e90264f33305004495a9","hash":"43c5a6ac142809cb88128deb4b9eeebea9106426"}
,"E:\\PM2 Service\\services\\chunk-location\\src\\observability.js": {"path":"E:\\PM2 Service\\services\\chunk-location\\src\\observability.js","statementMap":{"0":{"start":{"line":1,"column":24},"end":{"line":1,"column":41}},"1":{"start":{"line":3,"column":15},"end":{"line":3,"column":37}},"2":{"start":{"line":6,"column":19},"end":{"line":6,"column":40}},"3":{"start":{"line":8,"column":2},"end":{"line":13,"column":3}},"4":{"start":{"line":9,"column":4},"end":{"line":12,"column":7}},"5":{"start":{"line":15,"column":25},"end":{"line":20,"column":4}},"6":{"start":{"line":22,"column":23},"end":{"line":27,"column":4}},"7":{"start":{"line":29,"column":27},"end":{"line":35,"column":4}},"8":{"start":{"line":37,"column":2},"end":{"line":95,"column":4}},"9":{"start":{"line":39,"column":27},"end":{"line":39,"column":47}},"10":{"start":{"line":40,"column":6},"end":{"line":40,"column":41}},"11":{"start":{"line":41,"column":6},"end":{"line":41,"column":39}},"12":{"start":{"line":42,"column":6},"end":{"line":42,"column":49}},"13":{"start":{"line":44,"column":6},"end":{"line":44,"column":51}},"14":{"start":{"line":45,"column":6},"end":{"line":45,"column":52}},"15":{"start":{"line":47,"column":24},"end":{"line":47,"column":47}},"16":{"start":{"line":49,"column":6},"end":{"line":65,"column":9}},"17":{"start":{"line":50,"column":32},"end":{"line":50,"column":81}},"18":{"start":{"line":51,"column":22},"end":{"line":51,"column":62}},"19":{"start":{"line":52,"column":23},"end":{"line":57,"column":9}},"20":{"start":{"line":59,"column":8},"end":{"line":59,"column":35}},"21":{"start":{"line":60,"column":8},"end":{"line":60,"column":58}},"22":{"start":{"line":62,"column":8},"end":{"line":64,"column":9}},"23":{"start":{"line":63,"column":10},"end":{"line":63,"column":35}},"24":{"start":{"line":67,"column":6},"end":{"line":67,"column":13}},"25":{"start":{"line":71,"column":20},"end":{"line":80,"column":7}},"26":{"start":{"line":82,"column":19},"end":{"line":82,"column":40}},"27":{"start":{"line":83,"column":6},"end":{"line":86,"column":7}},"28":{"start":{"line":84,"column":8},"end":{"line":84,"column":28}},"29":{"start":{"line":85,"column":8},"end":{"line":85,"column":15}},"30":{"start":{"line":88,"column":6},"end":{"line":88,"column":24}},"31":{"start":{"line":92,"column":6},"end":{"line":92,"column":52}},"32":{"start":{"line":93,"column":6},"end":{"line":93,"column":41}},"33":{"start":{"line":99,"column":17},"end":{"line":99,"column":42}},"34":{"start":{"line":100,"column":16},"end":{"line":100,"column":80}},"35":{"start":{"line":102,"column":2},"end":{"line":108,"column":3}},"36":{"start":{"line":103,"column":4},"end":{"line":107,"column":6}},"37":{"start":{"line":110,"column":18},"end":{"line":110,"column":31}},"38":{"start":{"line":111,"column":17},"end":{"line":111,"column":29}},"39":{"start":{"line":113,"column":2},"end":{"line":117,"column":4}},"40":{"start":{"line":121,"column":2},"end":{"line":121,"column":43}},"41":{"start":{"line":125,"column":20},"end":{"line":125,"column":33}},"42":{"start":{"line":126,"column":2},"end":{"line":126,"column":29}},"43":{"start":{"line":127,"column":2},"end":{"line":127,"column":27}},"44":{"start":{"line":128,"column":2},"end":{"line":128,"column":26}},"45":{"start":{"line":129,"column":2},"end":{"line":129,"column":19}},"46":{"start":{"line":132,"column":0},"end":{"line":134,"column":2}}},"fnMap":{"0":{"name":"createObservability","decl":{"start":{"line":5,"column":9},"end":{"line":5,"column":28}},"loc":{"start":{"line":5,"column":42},"end":{"line":96,"column":1}},"line":5},"1":{"name":"(anonymous_1)","decl":{"start":{"line":38,"column":4},"end":{"line":38,"column":5}},"loc":{"start":{"line":38,"column":45},"end":{"line":68,"column":5}},"line":38},"2":{"name":"(anonymous_2)","decl":{"start":{"line":49,"column":23},"end":{"line":49,"column":24}},"loc":{"start":{"line":49,"column":29},"end":{"line":65,"column":7}},"line":49},"3":{"name":"(anonymous_3)","decl":{"start":{"line":70,"column":4},"end":{"line":70,"column":5}},"loc":{"start":{"line":70,"column":37},"end":{"line":89,"column":5}},"line":70},"4":{"name":"(anonymous_4)","decl":{"start":{"line":91,"column":4},"end":{"line":91,"column":5}},"loc":{"start":{"line":91,"column":35},"end":{"line":94,"column":5}},"line":91},"5":{"name":"getTraceContext","decl":{"start":{"line":98,"column":9},"end":{"line":98,"column":24}},"loc":{"start":{"line":98,"column":30},"end":{"line":118,"column":1}},"line":98},"6":{"name":"randomHex","decl":{"start":{"line":120,"column":9},"end":{"line":120,"column":18}},"loc":{"start":{"line":120,"column":25},"end":{"line":122,"column":1}},"line":120},"7":{"name":"sanitizeFields","decl":{"start":{"line":124,"column":9},"end":{"line":124,"column":23}},"loc":{"start":{"line":124,"column":32},"end":{"line":130,"column":1}},"line":124}},"branchMap":{"0":{"loc":{"start":{"line":8,"column":2},"end":{"line":13,"column":3}},"type":"if","locations":[{"start":{"line":8,"column":2},"end":{"line":13,"column":3}},{"start":{},"end":{}}],"line":8},"1":{"loc":{"start":{"line":51,"column":22},"end":{"line":51,"column":62}},"type":"binary-expr","locations":[{"start":{"line":51,"column":22},"end":{"line":51,"column":37}},{"start":{"line":51,"column":41},"end":{"line":51,"column":49}},{"start":{"line":51,"column":53},"end":{"line":51,"column":62}}],"line":51},"2":{"loc":{"start":{"line":62,"column":8},"end":{"line":64,"column":9}},"type":"if","locations":[{"start":{"line":62,"column":8},"end":{"line":64,"column":9}},{"start":{},"end":{}}],"line":62},"3":{"loc":{"start":{"line":70,"column":24},"end":{"line":70,"column":35}},"type":"default-arg","locations":[{"start":{"line":70,"column":33},"end":{"line":70,"column":35}}],"line":70},"4":{"loc":{"start":{"line":74,"column":20},"end":{"line":74,"column":44}},"type":"binary-expr","locations":[{"start":{"line":74,"column":20},"end":{"line":74,"column":36}},{"start":{"line":74,"column":40},"end":{"line":74,"column":44}}],"line":74},"5":{"loc":{"start":{"line":75,"column":18},"end":{"line":75,"column":40}},"type":"binary-expr","locations":[{"start":{"line":75,"column":18},"end":{"line":75,"column":32}},{"start":{"line":75,"column":36},"end":{"line":75,"column":40}}],"line":75},"6":{"loc":{"start":{"line":76,"column":17},"end":{"line":76,"column":38}},"type":"binary-expr","locations":[{"start":{"line":76,"column":17},"end":{"line":76,"column":30}},{"start":{"line":76,"column":34},"end":{"line":76,"column":38}}],"line":76},"7":{"loc":{"start":{"line":83,"column":6},"end":{"line":86,"column":7}},"type":"if","locations":[{"start":{"line":83,"column":6},"end":{"line":86,"column":7}},{"start":{},"end":{}}],"line":83},"8":{"loc":{"start":{"line":102,"column":2},"end":{"line":108,"column":3}},"type":"if","locations":[{"start":{"line":102,"column":2},"end":{"line":108,"column":3}},{"start":{},"end":{}}],"line":102}},"s":{"0":3,"1":3,"2":13,"3":13,"4":0,"5":13,"6":13,"7":13,"8":13,"9":21,"10":21,"11":21,"12":21,"13":21,"14":21,"15":21,"16":21,"17":21,"18":21,"19":21,"20":21,"21":21,"22":21,"23":6,"24":21,"25":27,"26":27,"27":27,"28":5,"29":5,"30":22,"31":2,"32":2,"33":21,"34":21,"35":21,"36":0,"37":21,"38":21,"39":21,"40":42,"41":27,"42":27,"43":27,"44":27,"45":27,"46":3},"f":{"0":13,"1":21,"2":21,"3":27,"4":2,"5":21,"6":42,"7":27},"b":{"0":[0,13],"1":[21,1,0],"2":[6,15],"3":[0],"4":[27,0],"5":[27,0],"6":[27,0],"7":[5,22],"8":[0,21]},"_coverageSchema":"1a1c01bbd47fc00a2c39e90264f33305004495a9","hash":"54921740afd72aacfb97cf24797273f5a153c864"}
,"E:\\PM2 Service\\services\\chunk-location\\src\\repository.js": {"path":"E:\\PM2 Service\\services\\chunk-location\\src\\repository.js","statementMap":{"0":{"start":{"line":1,"column":21},"end":{"line":1,"column":39}},"1":{"start":{"line":3,"column":21},"end":{"line":3,"column":40}},"2":{"start":{"line":6,"column":2},"end":{"line":52,"column":4}},"3":{"start":{"line":8,"column":6},"end":{"line":8,"column":82}},"4":{"start":{"line":9,"column":6},"end":{"line":9,"column":52}},"5":{"start":{"line":10,"column":6},"end":{"line":10,"column":51}},"6":{"start":{"line":14,"column":6},"end":{"line":14,"column":41}},"7":{"start":{"line":18,"column":25},"end":{"line":18,"column":47}},"8":{"start":{"line":19,"column":23},"end":{"line":25,"column":7}},"9":{"start":{"line":27,"column":6},"end":{"line":41,"column":7}},"10":{"start":{"line":28,"column":8},"end":{"line":28,"column":45}},"11":{"start":{"line":29,"column":8},"end":{"line":29,"column":37}},"12":{"start":{"line":31,"column":8},"end":{"line":38,"column":9}},"13":{"start":{"line":32,"column":10},"end":{"line":37,"column":12}},"14":{"start":{"line":40,"column":8},"end":{"line":40,"column":20}},"15":{"start":{"line":45,"column":24},"end":{"line":48,"column":18}},"16":{"start":{"line":50,"column":6},"end":{"line":50,"column":39}},"17":{"start":{"line":56,"column":2},"end":{"line":62,"column":4}},"18":{"start":{"line":66,"column":2},"end":{"line":70,"column":4}},"19":{"start":{"line":74,"column":2},"end":{"line":74,"column":61}},"20":{"start":{"line":77,"column":0},"end":{"line":79,"column":2}}},"fnMap":{"0":{"name":"createChunkLocationRepository","decl":{"start":{"line":5,"column":9},"end":{"line":5,"column":38}},"loc":{"start":{"line":5,"column":51},"end":{"line":53,"column":1}},"line":5},"1":{"name":"(anonymous_1)","decl":{"start":{"line":7,"column":4},"end":{"line":7,"column":5}},"loc":{"start":{"line":7,"column":17},"end":{"line":11,"column":5}},"line":7},"2":{"name":"(anonymous_2)","decl":{"start":{"line":13,"column":4},"end":{"line":13,"column":5}},"loc":{"start":{"line":13,"column":17},"end":{"line":15,"column":5}},"line":13},"3":{"name":"(anonymous_3)","decl":{"start":{"line":17,"column":4},"end":{"line":17,"column":5}},"loc":{"start":{"line":17,"column":68},"end":{"line":42,"column":5}},"line":17},"4":{"name":"(anonymous_4)","decl":{"start":{"line":44,"column":4},"end":{"line":44,"column":5}},"loc":{"start":{"line":44,"column":32},"end":{"line":51,"column":5}},"line":44},"5":{"name":"mapLocation","decl":{"start":{"line":55,"column":9},"end":{"line":55,"column":20}},"loc":{"start":{"line":55,"column":31},"end":{"line":63,"column":1}},"line":55},"6":{"name":"mapReplica","decl":{"start":{"line":65,"column":9},"end":{"line":65,"column":19}},"loc":{"start":{"line":65,"column":30},"end":{"line":71,"column":1}},"line":65},"7":{"name":"toIsoString","decl":{"start":{"line":73,"column":9},"end":{"line":73,"column":20}},"loc":{"start":{"line":73,"column":28},"end":{"line":75,"column":1}},"line":73}},"branchMap":{"0":{"loc":{"start":{"line":31,"column":8},"end":{"line":38,"column":9}},"type":"if","locations":[{"start":{"line":31,"column":8},"end":{"line":38,"column":9}},{"start":{},"end":{}}],"line":31},"1":{"loc":{"start":{"line":74,"column":9},"end":{"line":74,"column":60}},"type":"cond-expr","locations":[{"start":{"line":74,"column":33},"end":{"line":74,"column":52}},{"start":{"line":74,"column":55},"end":{"line":74,"column":60}}],"line":74}},"s":{"0":2,"1":2,"2":5,"3":2,"4":2,"5":2,"6":1,"7":7,"8":7,"9":7,"10":7,"11":5,"12":2,"13":2,"14":0,"15":2,"16":2,"17":5,"18":4,"19":9,"20":2},"f":{"0":5,"1":2,"2":1,"3":7,"4":2,"5":5,"6":4,"7":9},"b":{"0":[2,0],"1":[9,0]},"_coverageSchema":"1a1c01bbd47fc00a2c39e90264f33305004495a9","hash":"a71ab2761162244bd00b2f80d337eeb092ed4efb"}
,"E:\\PM2 Service\\services\\chunk-location\\src\\response.js": {"path":"E:\\PM2 Service\\services\\chunk-location\\src\\response.js","statementMap":{"0":{"start":{"line":2,"column":2},"end":{"line":9,"column":4}},"1":{"start":{"line":13,"column":2},"end":{"line":24,"column":4}},"2":{"start":{"line":27,"column":0},"end":{"line":30,"column":2}}},"fnMap":{"0":{"name":"successResponse","decl":{"start":{"line":1,"column":9},"end":{"line":1,"column":24}},"loc":{"start":{"line":1,"column":55},"end":{"line":10,"column":1}},"line":1},"1":{"name":"errorResponse","decl":{"start":{"line":12,"column":9},"end":{"line":12,"column":22}},"loc":{"start":{"line":12,"column":76},"end":{"line":25,"column":1}},"line":12}},"branchMap":{"0":{"loc":{"start":{"line":12,"column":62},"end":{"line":12,"column":74}},"type":"default-arg","locations":[{"start":{"line":12,"column":72},"end":{"line":12,"column":74}}],"line":12}},"s":{"0":13,"1":6,"2":3},"f":{"0":13,"1":6},"b":{"0":[0]},"_coverageSchema":"1a1c01bbd47fc00a2c39e90264f33305004495a9","hash":"018d81693a4e1d13a67f55995b83b32f13069978"}
,"E:\\PM2 Service\\services\\chunk-location\\src\\server.js": {"path":"E:\\PM2 Service\\services\\chunk-location\\src\\server.js","statementMap":{"0":{"start":{"line":1,"column":25},"end":{"line":1,"column":43}},"1":{"start":{"line":2,"column":32},"end":{"line":2,"column":58}},"2":{"start":{"line":4,"column":13},"end":{"line":4,"column":45}},"3":{"start":{"line":5,"column":20},"end":{"line":5,"column":90}},"4":{"start":{"line":6,"column":22},"end":{"line":6,"column":59}},"5":{"start":{"line":9,"column":2},"end":{"line":9,"column":59}},"6":{"start":{"line":10,"column":2},"end":{"line":10,"column":56}},"7":{"start":{"line":13,"column":0},"end":{"line":19,"column":3}},"8":{"start":{"line":14,"column":2},"end":{"line":17,"column":5}},"9":{"start":{"line":18,"column":2},"end":{"line":18,"column":18}}},"fnMap":{"0":{"name":"start","decl":{"start":{"line":8,"column":15},"end":{"line":8,"column":20}},"loc":{"start":{"line":8,"column":23},"end":{"line":11,"column":1}},"line":8},"1":{"name":"(anonymous_1)","decl":{"start":{"line":13,"column":14},"end":{"line":13,"column":15}},"loc":{"start":{"line":13,"column":25},"end":{"line":19,"column":1}},"line":13}},"branchMap":{"0":{"loc":{"start":{"line":4,"column":20},"end":{"line":4,"column":44}},"type":"binary-expr","locations":[{"start":{"line":4,"column":20},"end":{"line":4,"column":36}},{"start":{"line":4,"column":40},"end":{"line":4,"column":44}}],"line":4},"1":{"loc":{"start":{"line":5,"column":20},"end":{"line":5,"column":90}},"type":"binary-expr","locations":[{"start":{"line":5,"column":20},"end":{"line":5,"column":44}},{"start":{"line":5,"column":48},"end":{"line":5,"column":90}}],"line":5}},"s":{"0":0,"1":0,"2":0,"3":0,"4":0,"5":0,"6":0,"7":0,"8":0,"9":0},"f":{"0":0,"1":0},"b":{"0":[0,0],"1":[0,0]}}
,"E:\\PM2 Service\\services\\chunk-location\\src\\start.js": {"path":"E:\\PM2 Service\\services\\chunk-location\\src\\start.js","statementMap":{"0":{"start":{"line":1,"column":24},"end":{"line":1,"column":42}},"1":{"start":{"line":3,"column":22},"end":{"line":3,"column":38}},"2":{"start":{"line":4,"column":32},"end":{"line":4,"column":58}},"3":{"start":{"line":5,"column":42},"end":{"line":5,"column":65}},"4":{"start":{"line":8,"column":17},"end":{"line":8,"column":45}},"5":{"start":{"line":9,"column":2},"end":{"line":9,"column":25}},"6":{"start":{"line":11,"column":23},"end":{"line":11,"column":91}},"7":{"start":{"line":12,"column":21},"end":{"line":12,"column":74}},"8":{"start":{"line":13,"column":21},"end":{"line":13,"column":62}},"9":{"start":{"line":14,"column":2},"end":{"line":14,"column":26}},"10":{"start":{"line":16,"column":14},"end":{"line":16,"column":54}},"11":{"start":{"line":18,"column":17},"end":{"line":20,"column":4}},"12":{"start":{"line":19,"column":21},"end":{"line":19,"column":62}},"13":{"start":{"line":19,"column":44},"end":{"line":19,"column":61}},"14":{"start":{"line":22,"column":2},"end":{"line":41,"column":4}},"15":{"start":{"line":28,"column":6},"end":{"line":37,"column":9}},"16":{"start":{"line":29,"column":8},"end":{"line":36,"column":11}},"17":{"start":{"line":30,"column":10},"end":{"line":33,"column":11}},"18":{"start":{"line":31,"column":12},"end":{"line":31,"column":26}},"19":{"start":{"line":32,"column":12},"end":{"line":32,"column":19}},"20":{"start":{"line":35,"column":10},"end":{"line":35,"column":20}},"21":{"start":{"line":39,"column":6},"end":{"line":39,"column":27}},"22":{"start":{"line":44,"column":0},"end":{"line":46,"column":2}}},"fnMap":{"0":{"name":"createServer","decl":{"start":{"line":7,"column":15},"end":{"line":7,"column":27}},"loc":{"start":{"line":7,"column":110},"end":{"line":42,"column":1}},"line":7},"1":{"name":"(anonymous_1)","decl":{"start":{"line":18,"column":35},"end":{"line":18,"column":36}},"loc":{"start":{"line":18,"column":48},"end":{"line":20,"column":3}},"line":18},"2":{"name":"(anonymous_2)","decl":{"start":{"line":19,"column":38},"end":{"line":19,"column":39}},"loc":{"start":{"line":19,"column":44},"end":{"line":19,"column":61}},"line":19},"3":{"name":"(anonymous_3)","decl":{"start":{"line":27,"column":4},"end":{"line":27,"column":5}},"loc":{"start":{"line":27,"column":18},"end":{"line":40,"column":5}},"line":27},"4":{"name":"(anonymous_4)","decl":{"start":{"line":28,"column":24},"end":{"line":28,"column":25}},"loc":{"start":{"line":28,"column":45},"end":{"line":37,"column":7}},"line":28},"5":{"name":"(anonymous_5)","decl":{"start":{"line":29,"column":21},"end":{"line":29,"column":22}},"loc":{"start":{"line":29,"column":32},"end":{"line":36,"column":9}},"line":29}},"branchMap":{"0":{"loc":{"start":{"line":7,"column":43},"end":{"line":7,"column":51}},"type":"default-arg","locations":[{"start":{"line":7,"column":50},"end":{"line":7,"column":51}}],"line":7},"1":{"loc":{"start":{"line":7,"column":53},"end":{"line":7,"column":106}},"type":"default-arg","locations":[{"start":{"line":7,"column":69},"end":{"line":7,"column":106}}],"line":7},"2":{"loc":{"start":{"line":11,"column":23},"end":{"line":11,"column":91}},"type":"binary-expr","locations":[{"start":{"line":11,"column":23},"end":{"line":11,"column":71}},{"start":{"line":11,"column":75},"end":{"line":11,"column":91}}],"line":11},"3":{"loc":{"start":{"line":30,"column":10},"end":{"line":33,"column":11}},"type":"if","locations":[{"start":{"line":30,"column":10},"end":{"line":33,"column":11}},{"start":{},"end":{}}],"line":30}},"s":{"0":1,"1":1,"2":1,"3":1,"4":1,"5":1,"6":1,"7":1,"8":1,"9":1,"10":1,"11":1,"12":1,"13":1,"14":1,"15":1,"16":1,"17":1,"18":0,"19":0,"20":1,"21":1,"22":1},"f":{"0":1,"1":1,"2":1,"3":1,"4":1,"5":1},"b":{"0":[0],"1":[1],"2":[1,0],"3":[0,1]},"_coverageSchema":"1a1c01bbd47fc00a2c39e90264f33305004495a9","hash":"4c4d102284fe2e725bf58934bf495a09b57406e4"}
}
