TN:
SF:src\app.js
FN:9,createApp
FN:13,(anonymous_1)
FN:18,(anonymous_2)
FN:26,(anonymous_3)
FN:39,(anonymous_4)
FN:51,(anonymous_5)
FN:65,(anonymous_6)
FN:71,(anonymous_7)
FN:87,validateCreateLocation
FNF:9
FNH:9
FNDA:12,createApp
FNDA:18,(anonymous_1)
FNDA:1,(anonymous_2)
FNDA:3,(anonymous_3)
FNDA:11,(anonymous_4)
FNDA:2,(anonymous_5)
FNDA:1,(anonymous_6)
FNDA:5,(anonymous_7)
FNDA:11,validateCreateLocation
DA:1,3
DA:2,3
DA:4,3
DA:5,3
DA:7,3
DA:10,12
DA:11,12
DA:13,12
DA:14,18
DA:15,18
DA:18,12
DA:19,1
DA:26,12
DA:27,3
DA:28,3
DA:29,2
DA:35,1
DA:39,12
DA:40,11
DA:41,11
DA:42,9
DA:43,7
DA:47,4
DA:51,12
DA:52,2
DA:53,2
DA:54,2
DA:55,0
DA:58,2
DA:59,2
DA:61,0
DA:65,12
DA:66,1
DA:71,12
DA:72,5
DA:73,0
DA:76,5
DA:77,5
DA:78,5
DA:79,5
DA:81,5
DA:84,12
DA:88,11
DA:90,11
DA:91,1
DA:94,11
DA:95,1
DA:98,11
DA:99,0
DA:102,11
DA:106,1
DA:109,11
DA:110,2
DA:113,9
DA:121,3
LF:55
LH:51
BRDA:14,0,0,18
BRDA:14,0,1,17
BRDA:54,1,0,0
BRDA:54,1,1,2
BRDA:67,2,0,1
BRDA:67,2,1,0
BRDA:72,3,0,0
BRDA:72,3,1,5
BRDA:76,4,0,5
BRDA:76,4,1,0
BRDA:77,5,0,5
BRDA:77,5,1,0
BRDA:78,6,0,5
BRDA:78,6,1,0
BRDA:79,7,0,5
BRDA:79,7,1,0
BRDA:90,8,0,1
BRDA:90,8,1,10
BRDA:90,9,0,11
BRDA:90,9,1,11
BRDA:90,9,2,11
BRDA:94,10,0,1
BRDA:94,10,1,10
BRDA:94,11,0,11
BRDA:94,11,1,11
BRDA:94,11,2,11
BRDA:98,12,0,0
BRDA:98,12,1,11
BRDA:98,13,0,11
BRDA:98,13,1,2
BRDA:98,13,2,2
BRDA:102,14,0,1
BRDA:102,14,1,10
BRDA:103,15,0,11
BRDA:103,15,1,3
BRDA:103,15,2,3
BRDA:109,16,0,2
BRDA:109,16,1,9
BRDA:116,17,0,9
BRDA:116,17,1,7
BRDA:117,18,0,9
BRDA:117,18,1,7
BRF:42
BRH:34
end_of_record
TN:
SF:src\errors.js
FN:2,(anonymous_0)
FNF:1
FNH:1
FNDA:5,(anonymous_0)
DA:3,5
DA:4,5
DA:5,5
DA:6,5
DA:10,4
LF:5
LH:5
BRDA:2,0,0,1
BRF:1
BRH:1
end_of_record
TN:
SF:src\repository.js
FN:5,createChunkLocationRepository
FN:7,(anonymous_1)
FN:13,(anonymous_2)
FN:17,(anonymous_3)
FN:44,(anonymous_4)
FN:55,mapLocation
FN:65,mapReplica
FN:73,toIsoString
FNF:8
FNH:8
FNDA:5,createChunkLocationRepository
FNDA:2,(anonymous_1)
FNDA:1,(anonymous_2)
FNDA:6,(anonymous_3)
FNDA:2,(anonymous_4)
FNDA:4,mapLocation
FNDA:4,mapReplica
FNDA:8,toIsoString
DA:1,2
DA:3,2
DA:6,5
DA:8,2
DA:9,2
DA:10,2
DA:14,1
DA:18,6
DA:19,6
DA:27,6
DA:28,6
DA:29,4
DA:31,2
DA:32,2
DA:40,0
DA:45,2
DA:50,2
DA:56,4
DA:66,4
DA:74,8
DA:77,2
LF:21
LH:20
BRDA:31,0,0,2
BRDA:31,0,1,0
BRDA:74,1,0,8
BRDA:74,1,1,0
BRF:4
BRH:2
end_of_record
TN:
SF:src\response.js
FN:1,successResponse
FN:12,errorResponse
FNF:2
FNH:2
FNDA:12,successResponse
FNDA:6,errorResponse
DA:2,12
DA:13,6
DA:27,3
LF:3
LH:3
BRDA:12,0,0,0
BRF:1
BRH:0
end_of_record
TN:
SF:src\server.js
FN:6,start
FN:11,(anonymous_1)
FNF:2
FNH:0
FNDA:0,start
FNDA:0,(anonymous_1)
DA:1,0
DA:3,0
DA:4,0
DA:7,0
DA:8,0
DA:11,0
DA:12,0
DA:13,0
LF:8
LH:0
BRDA:3,0,0,0
BRDA:3,0,1,0
BRDA:4,1,0,0
BRDA:4,1,1,0
BRF:4
BRH:0
end_of_record
TN:
SF:src\start.js
FN:6,createServer
FN:17,(anonymous_1)
FN:18,(anonymous_2)
FN:26,(anonymous_3)
FN:27,(anonymous_4)
FN:28,(anonymous_5)
FNF:6
FNH:6
FNDA:1,createServer
FNDA:1,(anonymous_1)
FNDA:1,(anonymous_2)
FNDA:1,(anonymous_3)
FNDA:1,(anonymous_4)
FNDA:1,(anonymous_5)
DA:1,1
DA:3,1
DA:4,1
DA:7,1
DA:8,1
DA:10,1
DA:11,1
DA:12,1
DA:13,1
DA:15,1
DA:17,1
DA:18,1
DA:21,1
DA:27,1
DA:28,1
DA:29,1
DA:30,0
DA:31,0
DA:34,1
DA:38,1
DA:43,1
LF:21
LH:19
BRDA:6,0,0,0
BRDA:10,1,0,1
BRDA:10,1,1,0
BRDA:29,2,0,0
BRDA:29,2,1,1
BRF:5
BRH:2
end_of_record
