TN:
SF:src\app.js
FN:14,createApp
FN:18,(anonymous_1)
FN:24,(anonymous_2)
FN:36,(anonymous_3)
FN:40,(anonymous_4)
FN:48,(anonymous_5)
FN:61,(anonymous_6)
FN:69,(anonymous_7)
FN:81,(anonymous_8)
FN:95,(anonymous_9)
FN:108,(anonymous_10)
FN:135,validateCreateLocation
FNF:12
FNH:12
FNDA:14,createApp
FNDA:23,(anonymous_1)
FNDA:23,(anonymous_2)
FNDA:1,(anonymous_3)
FNDA:1,(anonymous_4)
FNDA:3,(anonymous_5)
FNDA:2,(anonymous_6)
FNDA:12,(anonymous_7)
FNDA:2,(anonymous_8)
FNDA:1,(anonymous_9)
FNDA:5,(anonymous_10)
FNDA:12,validateCreateLocation
DA:1,3
DA:2,3
DA:3,3
DA:4,3
DA:5,3
DA:7,3
DA:8,3
DA:9,3
DA:11,3
DA:12,3
DA:15,14
DA:16,14
DA:18,14
DA:19,23
DA:20,23
DA:22,14
DA:24,14
DA:25,23
DA:32,23
DA:35,14
DA:36,14
DA:37,1
DA:40,14
DA:41,1
DA:48,14
DA:49,3
DA:50,3
DA:51,2
DA:57,1
DA:61,14
DA:62,2
DA:63,2
DA:65,0
DA:69,14
DA:70,12
DA:71,12
DA:72,10
DA:73,8
DA:77,4
DA:81,14
DA:82,2
DA:83,2
DA:84,2
DA:85,0
DA:88,2
DA:89,2
DA:91,0
DA:95,14
DA:96,1
DA:103,1
DA:108,14
DA:109,5
DA:110,0
DA:113,5
DA:114,5
DA:115,5
DA:116,5
DA:118,5
DA:129,5
DA:132,14
DA:136,12
DA:138,12
DA:139,1
DA:142,12
DA:143,1
DA:146,12
DA:147,0
DA:150,12
DA:154,1
DA:157,12
DA:158,2
DA:161,10
DA:169,3
LF:73
LH:68
BRDA:14,0,0,13
BRDA:19,1,0,23
BRDA:19,1,1,22
BRDA:84,2,0,0
BRDA:84,2,1,2
BRDA:97,3,0,1
BRDA:97,3,1,0
BRDA:104,4,0,1
BRDA:104,4,1,0
BRDA:109,5,0,0
BRDA:109,5,1,5
BRDA:113,6,0,5
BRDA:113,6,1,0
BRDA:114,7,0,5
BRDA:114,7,1,0
BRDA:115,8,0,5
BRDA:115,8,1,0
BRDA:116,9,0,5
BRDA:116,9,1,0
BRDA:138,10,0,1
BRDA:138,10,1,11
BRDA:138,11,0,12
BRDA:138,11,1,12
BRDA:138,11,2,12
BRDA:142,12,0,1
BRDA:142,12,1,11
BRDA:142,13,0,12
BRDA:142,13,1,12
BRDA:142,13,2,12
BRDA:146,14,0,0
BRDA:146,14,1,12
BRDA:146,15,0,12
BRDA:146,15,1,2
BRDA:146,15,2,2
BRDA:150,16,0,1
BRDA:150,16,1,11
BRDA:151,17,0,12
BRDA:151,17,1,3
BRDA:151,17,2,3
BRDA:157,18,0,2
BRDA:157,18,1,10
BRDA:164,19,0,10
BRDA:164,19,1,8
BRDA:165,20,0,10
BRDA:165,20,1,8
BRF:45
BRH:36
end_of_record
TN:
SF:src\errors.js
FN:2,(anonymous_0)
FNF:1
FNH:1
FNDA:5,(anonymous_0)
DA:3,5
DA:4,5
DA:5,5
DA:6,5
DA:10,4
LF:5
LH:5
BRDA:2,0,0,1
BRF:1
BRH:1
end_of_record
TN:
SF:src\observability.js
FN:5,createObservability
FN:38,(anonymous_1)
FN:49,(anonymous_2)
FN:70,(anonymous_3)
FN:91,(anonymous_4)
FN:98,getTraceContext
FN:120,randomHex
FN:124,sanitizeFields
FNF:8
FNH:8
FNDA:14,createObservability
FNDA:23,(anonymous_1)
FNDA:23,(anonymous_2)
FNDA:29,(anonymous_3)
FNDA:2,(anonymous_4)
FNDA:23,getTraceContext
FNDA:46,randomHex
FNDA:29,sanitizeFields
DA:1,3
DA:3,3
DA:6,14
DA:8,14
DA:9,0
DA:15,14
DA:22,14
DA:29,14
DA:37,14
DA:39,23
DA:40,23
DA:41,23
DA:42,23
DA:44,23
DA:45,23
DA:47,23
DA:49,23
DA:50,23
DA:51,23
DA:52,23
DA:59,23
DA:60,23
DA:62,23
DA:63,6
DA:67,23
DA:71,29
DA:82,29
DA:83,29
DA:84,5
DA:85,5
DA:88,24
DA:92,2
DA:93,2
DA:99,23
DA:100,23
DA:102,23
DA:103,0
DA:110,23
DA:111,23
DA:113,23
DA:121,46
DA:125,29
DA:126,29
DA:127,29
DA:128,29
DA:129,29
DA:132,3
LF:47
LH:45
BRDA:8,0,0,0
BRDA:8,0,1,14
BRDA:51,1,0,23
BRDA:51,1,1,2
BRDA:51,1,2,0
BRDA:62,2,0,6
BRDA:62,2,1,17
BRDA:70,3,0,0
BRDA:74,4,0,29
BRDA:74,4,1,0
BRDA:75,5,0,29
BRDA:75,5,1,0
BRDA:76,6,0,29
BRDA:76,6,1,0
BRDA:83,7,0,5
BRDA:83,7,1,24
BRDA:102,8,0,0
BRDA:102,8,1,23
BRF:18
BRH:11
end_of_record
TN:
SF:src\repository.js
FN:5,createChunkLocationRepository
FN:7,(anonymous_1)
FN:13,(anonymous_2)
FN:17,(anonymous_3)
FN:44,(anonymous_4)
FN:55,mapLocation
FN:65,mapReplica
FN:73,toIsoString
FNF:8
FNH:8
FNDA:5,createChunkLocationRepository
FNDA:2,(anonymous_1)
FNDA:1,(anonymous_2)
FNDA:7,(anonymous_3)
FNDA:2,(anonymous_4)
FNDA:5,mapLocation
FNDA:4,mapReplica
FNDA:9,toIsoString
DA:1,2
DA:3,2
DA:6,5
DA:8,2
DA:9,2
DA:10,2
DA:14,1
DA:18,7
DA:19,7
DA:27,7
DA:28,7
DA:29,5
DA:31,2
DA:32,2
DA:40,0
DA:45,2
DA:50,2
DA:56,5
DA:66,4
DA:74,9
DA:77,2
LF:21
LH:20
BRDA:31,0,0,2
BRDA:31,0,1,0
BRDA:74,1,0,9
BRDA:74,1,1,0
BRF:4
BRH:2
end_of_record
TN:
SF:src\response.js
FN:1,successResponse
FN:12,errorResponse
FNF:2
FNH:2
FNDA:13,successResponse
FNDA:6,errorResponse
DA:2,13
DA:13,6
DA:27,3
LF:3
LH:3
BRDA:12,0,0,0
BRF:1
BRH:0
end_of_record
TN:
SF:src\server.js
FN:8,start
FN:13,(anonymous_1)
FNF:2
FNH:0
FNDA:0,start
FNDA:0,(anonymous_1)
DA:1,0
DA:2,0
DA:4,0
DA:5,0
DA:6,0
DA:9,0
DA:10,0
DA:13,0
DA:14,0
DA:18,0
LF:10
LH:0
BRDA:4,0,0,0
BRDA:4,0,1,0
BRDA:5,1,0,0
BRDA:5,1,1,0
BRF:4
BRH:0
end_of_record
TN:
SF:src\start.js
FN:7,createServer
FN:18,(anonymous_1)
FN:19,(anonymous_2)
FN:27,(anonymous_3)
FN:28,(anonymous_4)
FN:29,(anonymous_5)
FNF:6
FNH:6
FNDA:1,createServer
FNDA:1,(anonymous_1)
FNDA:1,(anonymous_2)
FNDA:1,(anonymous_3)
FNDA:1,(anonymous_4)
FNDA:1,(anonymous_5)
DA:1,1
DA:3,1
DA:4,1
DA:5,1
DA:8,1
DA:9,1
DA:11,1
DA:12,1
DA:13,1
DA:14,1
DA:16,1
DA:18,1
DA:19,1
DA:22,1
DA:28,1
DA:29,1
DA:30,1
DA:31,0
DA:32,0
DA:35,1
DA:39,1
DA:44,1
LF:22
LH:20
BRDA:7,0,0,0
BRDA:7,1,0,1
BRDA:11,2,0,1
BRDA:11,2,1,0
BRDA:30,3,0,0
BRDA:30,3,1,1
BRF:6
BRH:3
end_of_record
