{"C:\\Users\\am524\\OneDrive\\Desktop\\Distributed-Information-PM3\\services\\storage-gateway\\src\\app.js": {"path":"C:\\Users\\am524\\OneDrive\\Desktop\\Distributed-Information-PM3\\services\\storage-gateway\\src\\app.js","statementMap":{"0":{"start":{"line":1,"column":16},"end":{"line":1,"column":34}},"1":{"start":{"line":2,"column":13},"end":{"line":2,"column":28}},"2":{"start":{"line":7,"column":4},"end":{"line":7,"column":35}},"3":{"start":{"line":8,"column":67},"end":{"line":8,"column":107}},"4":{"start":{"line":9,"column":39},"end":{"line":9,"column":58}},"5":{"start":{"line":10,"column":39},"end":{"line":10,"column":83}},"6":{"start":{"line":20,"column":6},"end":{"line":20,"column":13}},"7":{"start":{"line":22,"column":14},"end":{"line":22,"column":23}},"8":{"start":{"line":23,"column":31},"end":{"line":23,"column":98}},"9":{"start":{"line":24,"column":18},"end":{"line":24,"column":44}},"10":{"start":{"line":25,"column":22},"end":{"line":25,"column":61}},"11":{"start":{"line":27,"column":2},"end":{"line":27,"column":39}},"12":{"start":{"line":28,"column":2},"end":{"line":28,"column":30}},"13":{"start":{"line":29,"column":2},"end":{"line":35,"column":4}},"14":{"start":{"line":36,"column":2},"end":{"line":39,"column":6}},"15":{"start":{"line":40,"column":2},"end":{"line":40,"column":62}},"16":{"start":{"line":41,"column":2},"end":{"line":41,"column":39}},"17":{"start":{"line":42,"column":2},"end":{"line":42,"column":76}},"18":{"start":{"line":44,"column":2},"end":{"line":44,"column":20}},"19":{"start":{"line":45,"column":2},"end":{"line":45,"column":32}},"20":{"start":{"line":47,"column":2},"end":{"line":47,"column":13}},"21":{"start":{"line":50,"column":0},"end":{"line":50,"column":45}}},"fnMap":{"0":{"name":"createStorageGatewayApp","decl":{"start":{"line":12,"column":9},"end":{"line":12,"column":32}},"loc":{"start":{"line":12,"column":42},"end":{"line":48,"column":1}},"line":12}},"branchMap":{},"s":{"0":1,"1":1,"2":1,"3":1,"4":1,"5":1,"6":5,"7":5,"8":5,"9":5,"10":5,"11":5,"12":5,"13":5,"14":5,"15":5,"16":5,"17":5,"18":5,"19":5,"20":5,"21":1},"f":{"0":5},"b":{},"_coverageSchema":"1a1c01bbd47fc00a2c39e90264f33305004495a9","hash":"f2e25194d07ba8623511bfde2f03604972e64ce3"}
,"C:\\Users\\am524\\OneDrive\\Desktop\\Distributed-Information-PM3\\services\\storage-gateway\\src\\controllers\\health-controller.js": {"path":"C:\\Users\\am524\\OneDrive\\Desktop\\Distributed-Information-PM3\\services\\storage-gateway\\src\\controllers\\health-controller.js","statementMap":{"0":{"start":{"line":1,"column":20},"end":{"line":1,"column":54}},"1":{"start":{"line":4,"column":2},"end":{"line":13,"column":4}},"2":{"start":{"line":6,"column":6},"end":{"line":6,"column":42}},"3":{"start":{"line":10,"column":21},"end":{"line":10,"column":39}},"4":{"start":{"line":11,"column":6},"end":{"line":11,"column":53}},"5":{"start":{"line":16,"column":0},"end":{"line":16,"column":44}}},"fnMap":{"0":{"name":"createHealthController","decl":{"start":{"line":3,"column":9},"end":{"line":3,"column":31}},"loc":{"start":{"line":3,"column":48},"end":{"line":14,"column":1}},"line":3},"1":{"name":"(anonymous_1)","decl":{"start":{"line":5,"column":4},"end":{"line":5,"column":5}},"loc":{"start":{"line":5,"column":21},"end":{"line":7,"column":5}},"line":5},"2":{"name":"(anonymous_2)","decl":{"start":{"line":9,"column":4},"end":{"line":9,"column":5}},"loc":{"start":{"line":9,"column":26},"end":{"line":12,"column":5}},"line":9}},"branchMap":{},"s":{"0":1,"1":5,"2":2,"3":1,"4":1,"5":1},"f":{"0":5,"1":2,"2":1},"b":{},"_coverageSchema":"1a1c01bbd47fc00a2c39e90264f33305004495a9","hash":"5c72c3e43a6a8ca34db16b647b056acea4a40f45"}
,"C:\\Users\\am524\\OneDrive\\Desktop\\Distributed-Information-PM3\\services\\storage-gateway\\src\\controllers\\object-controller.js": {"path":"C:\\Users\\am524\\OneDrive\\Desktop\\Distributed-Information-PM3\\services\\storage-gateway\\src\\controllers\\object-controller.js","statementMap":{"0":{"start":{"line":1,"column":20},"end":{"line":1,"column":54}},"1":{"start":{"line":4,"column":2},"end":{"line":32,"column":4}},"2":{"start":{"line":6,"column":21},"end":{"line":11,"column":8}},"3":{"start":{"line":13,"column":6},"end":{"line":13,"column":37}},"4":{"start":{"line":17,"column":21},"end":{"line":20,"column":8}},"5":{"start":{"line":22,"column":6},"end":{"line":28,"column":7}},"6":{"start":{"line":23,"column":8},"end":{"line":23,"column":89}},"7":{"start":{"line":24,"column":8},"end":{"line":24,"column":52}},"8":{"start":{"line":25,"column":8},"end":{"line":25,"column":60}},"9":{"start":{"line":26,"column":8},"end":{"line":26,"column":44}},"10":{"start":{"line":27,"column":8},"end":{"line":27,"column":15}},"11":{"start":{"line":30,"column":6},"end":{"line":30,"column":32}},"12":{"start":{"line":35,"column":0},"end":{"line":35,"column":44}}},"fnMap":{"0":{"name":"createObjectController","decl":{"start":{"line":3,"column":9},"end":{"line":3,"column":31}},"loc":{"start":{"line":3,"column":58},"end":{"line":33,"column":1}},"line":3},"1":{"name":"(anonymous_1)","decl":{"start":{"line":5,"column":4},"end":{"line":5,"column":5}},"loc":{"start":{"line":5,"column":30},"end":{"line":14,"column":5}},"line":5},"2":{"name":"(anonymous_2)","decl":{"start":{"line":16,"column":4},"end":{"line":16,"column":5}},"loc":{"start":{"line":16,"column":30},"end":{"line":31,"column":5}},"line":16}},"branchMap":{"0":{"loc":{"start":{"line":9,"column":21},"end":{"line":9,"column":74}},"type":"binary-expr","locations":[{"start":{"line":9,"column":21},"end":{"line":9,"column":44}},{"start":{"line":9,"column":48},"end":{"line":9,"column":74}}],"line":9},"1":{"loc":{"start":{"line":22,"column":6},"end":{"line":28,"column":7}},"type":"if","locations":[{"start":{"line":22,"column":6},"end":{"line":28,"column":7}},{"start":{},"end":{}}],"line":22},"2":{"loc":{"start":{"line":23,"column":38},"end":{"line":23,"column":87}},"type":"binary-expr","locations":[{"start":{"line":23,"column":38},"end":{"line":23,"column":57}},{"start":{"line":23,"column":61},"end":{"line":23,"column":87}}],"line":23}},"s":{"0":1,"1":5,"2":1,"3":1,"4":1,"5":1,"6":0,"7":0,"8":0,"9":0,"10":0,"11":1,"12":1},"f":{"0":5,"1":1,"2":1},"b":{"0":[1,0],"1":[0,1],"2":[0,0]},"_coverageSchema":"1a1c01bbd47fc00a2c39e90264f33305004495a9","hash":"0573225da7fa23e2968c1f161eab837bc33c0169"}
,"C:\\Users\\am524\\OneDrive\\Desktop\\Distributed-Information-PM3\\services\\storage-gateway\\src\\routes\\index.js": {"path":"C:\\Users\\am524\\OneDrive\\Desktop\\Distributed-Information-PM3\\services\\storage-gateway\\src\\routes\\index.js","statementMap":{"0":{"start":{"line":1,"column":16},"end":{"line":1,"column":34}},"1":{"start":{"line":2,"column":25},"end":{"line":2,"column":59}},"2":{"start":{"line":3,"column":35},"end":{"line":3,"column":78}},"3":{"start":{"line":4,"column":35},"end":{"line":4,"column":78}},"4":{"start":{"line":7,"column":17},"end":{"line":7,"column":33}},"5":{"start":{"line":8,"column":18},"end":{"line":11,"column":4}},"6":{"start":{"line":12,"column":27},"end":{"line":12,"column":65}},"7":{"start":{"line":13,"column":27},"end":{"line":13,"column":75}},"8":{"start":{"line":15,"column":2},"end":{"line":15,"column":49}},"9":{"start":{"line":16,"column":2},"end":{"line":16,"column":61}},"10":{"start":{"line":17,"column":2},"end":{"line":17,"column":86}},"11":{"start":{"line":18,"column":2},"end":{"line":18,"column":77}},"12":{"start":{"line":20,"column":2},"end":{"line":20,"column":16}},"13":{"start":{"line":23,"column":0},"end":{"line":23,"column":48}}},"fnMap":{"0":{"name":"createStorageGatewayRouter","decl":{"start":{"line":6,"column":9},"end":{"line":6,"column":35}},"loc":{"start":{"line":6,"column":74},"end":{"line":21,"column":1}},"line":6}},"branchMap":{"0":{"loc":{"start":{"line":9,"column":11},"end":{"line":9,"column":49}},"type":"binary-expr","locations":[{"start":{"line":9,"column":11},"end":{"line":9,"column":39}},{"start":{"line":9,"column":43},"end":{"line":9,"column":49}}],"line":9}},"s":{"0":1,"1":1,"2":1,"3":1,"4":5,"5":5,"6":5,"7":5,"8":5,"9":5,"10":5,"11":5,"12":5,"13":1},"f":{"0":5},"b":{"0":[5,5]},"_coverageSchema":"1a1c01bbd47fc00a2c39e90264f33305004495a9","hash":"5953be4d89edb6c37e09dfdea12643b251038517"}
,"C:\\Users\\am524\\OneDrive\\Desktop\\Distributed-Information-PM3\\services\\storage-gateway\\src\\services\\object-service.js": {"path":"C:\\Users\\am524\\OneDrive\\Desktop\\Distributed-Information-PM3\\services\\storage-gateway\\src\\services\\object-service.js","statementMap":{"0":{"start":{"line":1,"column":15},"end":{"line":1,"column":32}},"1":{"start":{"line":2,"column":13},"end":{"line":2,"column":28}},"2":{"start":{"line":3,"column":22},"end":{"line":3,"column":56}},"3":{"start":{"line":5,"column":25},"end":{"line":5,"column":61}},"4":{"start":{"line":8,"column":18},"end":{"line":8,"column":44}},"5":{"start":{"line":9,"column":2},"end":{"line":11,"column":3}},"6":{"start":{"line":10,"column":4},"end":{"line":10,"column":95}},"7":{"start":{"line":12,"column":2},"end":{"line":12,"column":17}},"8":{"start":{"line":16,"column":2},"end":{"line":16,"column":66}},"9":{"start":{"line":20,"column":2},"end":{"line":22,"column":3}},"10":{"start":{"line":21,"column":4},"end":{"line":21,"column":86}},"11":{"start":{"line":24,"column":2},"end":{"line":43,"column":3}},"12":{"start":{"line":26,"column":4},"end":{"line":30,"column":5}},"13":{"start":{"line":27,"column":6},"end":{"line":27,"column":50}},"14":{"start":{"line":29,"column":6},"end":{"line":29,"column":80}},"15":{"start":{"line":32,"column":4},"end":{"line":34,"column":5}},"16":{"start":{"line":33,"column":6},"end":{"line":33,"column":59}},"17":{"start":{"line":35,"column":4},"end":{"line":37,"column":5}},"18":{"start":{"line":36,"column":6},"end":{"line":36,"column":50}},"19":{"start":{"line":38,"column":4},"end":{"line":42,"column":6}},"20":{"start":{"line":45,"column":2},"end":{"line":45,"column":14}},"21":{"start":{"line":49,"column":21},"end":{"line":49,"column":46}},"22":{"start":{"line":50,"column":2},"end":{"line":50,"column":49}},"23":{"start":{"line":54,"column":2},"end":{"line":60,"column":4}},"24":{"start":{"line":63,"column":0},"end":{"line":69,"column":2}}},"fnMap":{"0":{"name":"normalizeChunkId","decl":{"start":{"line":7,"column":9},"end":{"line":7,"column":25}},"loc":{"start":{"line":7,"column":33},"end":{"line":13,"column":1}},"line":7},"1":{"name":"hashBuffer","decl":{"start":{"line":15,"column":9},"end":{"line":15,"column":19}},"loc":{"start":{"line":15,"column":28},"end":{"line":17,"column":1}},"line":15},"2":{"name":"parseObjectBody","decl":{"start":{"line":19,"column":9},"end":{"line":19,"column":24}},"loc":{"start":{"line":19,"column":73},"end":{"line":46,"column":1}},"line":19},"3":{"name":"objectPathFor","decl":{"start":{"line":48,"column":9},"end":{"line":48,"column":22}},"loc":{"start":{"line":48,"column":41},"end":{"line":51,"column":1}},"line":48},"4":{"name":"buildObjectRecord","decl":{"start":{"line":53,"column":9},"end":{"line":53,"column":26}},"loc":{"start":{"line":53,"column":74},"end":{"line":61,"column":1}},"line":53}},"branchMap":{"0":{"loc":{"start":{"line":8,"column":25},"end":{"line":8,"column":36}},"type":"binary-expr","locations":[{"start":{"line":8,"column":25},"end":{"line":8,"column":30}},{"start":{"line":8,"column":34},"end":{"line":8,"column":36}}],"line":8},"1":{"loc":{"start":{"line":9,"column":2},"end":{"line":11,"column":3}},"type":"if","locations":[{"start":{"line":9,"column":2},"end":{"line":11,"column":3}},{"start":{},"end":{}}],"line":9},"2":{"loc":{"start":{"line":19,"column":31},"end":{"line":19,"column":71}},"type":"default-arg","locations":[{"start":{"line":19,"column":45},"end":{"line":19,"column":71}}],"line":19},"3":{"loc":{"start":{"line":20,"column":2},"end":{"line":22,"column":3}},"type":"if","locations":[{"start":{"line":20,"column":2},"end":{"line":22,"column":3}},{"start":{},"end":{}}],"line":20},"4":{"loc":{"start":{"line":24,"column":2},"end":{"line":43,"column":3}},"type":"if","locations":[{"start":{"line":24,"column":2},"end":{"line":43,"column":3}},{"start":{},"end":{}}],"line":24},"5":{"loc":{"start":{"line":32,"column":4},"end":{"line":34,"column":5}},"type":"if","locations":[{"start":{"line":32,"column":4},"end":{"line":34,"column":5}},{"start":{},"end":{}}],"line":32},"6":{"loc":{"start":{"line":35,"column":4},"end":{"line":37,"column":5}},"type":"if","locations":[{"start":{"line":35,"column":4},"end":{"line":37,"column":5}},{"start":{},"end":{}}],"line":35},"7":{"loc":{"start":{"line":56,"column":18},"end":{"line":56,"column":59}},"type":"binary-expr","locations":[{"start":{"line":56,"column":18},"end":{"line":56,"column":29}},{"start":{"line":56,"column":33},"end":{"line":56,"column":59}}],"line":56}},"s":{"0":2,"1":2,"2":2,"3":2,"4":7,"5":7,"6":1,"7":6,"8":3,"9":4,"10":0,"11":4,"12":3,"13":3,"14":1,"15":2,"16":1,"17":1,"18":1,"19":0,"20":1,"21":1,"22":1,"23":2,"24":2},"f":{"0":7,"1":3,"2":4,"3":1,"4":2},"b":{"0":[7,0],"1":[1,6],"2":[0],"3":[0,4],"4":[3,1],"5":[1,1],"6":[1,0],"7":[2,0]},"_coverageSchema":"1a1c01bbd47fc00a2c39e90264f33305004495a9","hash":"e89ba1508baf563179cdba252581098cbaecd9ba"}
,"C:\\Users\\am524\\OneDrive\\Desktop\\Distributed-Information-PM3\\services\\storage-gateway\\src\\services\\object-storage-service.js": {"path":"C:\\Users\\am524\\OneDrive\\Desktop\\Distributed-Information-PM3\\services\\storage-gateway\\src\\services\\object-storage-service.js","statementMap":{"0":{"start":{"line":1,"column":11},"end":{"line":1,"column":33}},"1":{"start":{"line":2,"column":13},"end":{"line":2,"column":28}},"2":{"start":{"line":3,"column":22},"end":{"line":3,"column":56}},"3":{"start":{"line":9,"column":4},"end":{"line":9,"column":31}},"4":{"start":{"line":12,"column":2},"end":{"line":71,"column":4}},"5":{"start":{"line":14,"column":32},"end":{"line":14,"column":57}},"6":{"start":{"line":15,"column":21},"end":{"line":15,"column":55}},"7":{"start":{"line":16,"column":6},"end":{"line":18,"column":7}},"8":{"start":{"line":17,"column":8},"end":{"line":17,"column":89}},"9":{"start":{"line":20,"column":26},"end":{"line":20,"column":71}},"10":{"start":{"line":21,"column":6},"end":{"line":21,"column":69}},"11":{"start":{"line":22,"column":6},"end":{"line":22,"column":46}},"12":{"start":{"line":24,"column":21},"end":{"line":29,"column":8}},"13":{"start":{"line":30,"column":20},"end":{"line":30,"column":50}},"14":{"start":{"line":32,"column":6},"end":{"line":32,"column":59}},"15":{"start":{"line":34,"column":6},"end":{"line":40,"column":8}},"16":{"start":{"line":44,"column":32},"end":{"line":44,"column":57}},"17":{"start":{"line":45,"column":21},"end":{"line":45,"column":71}},"18":{"start":{"line":46,"column":6},"end":{"line":50,"column":7}},"19":{"start":{"line":47,"column":8},"end":{"line":49,"column":11}},"20":{"start":{"line":52,"column":21},"end":{"line":52,"column":51}},"21":{"start":{"line":53,"column":6},"end":{"line":61,"column":7}},"22":{"start":{"line":54,"column":8},"end":{"line":60,"column":10}},"23":{"start":{"line":63,"column":6},"end":{"line":69,"column":8}},"24":{"start":{"line":74,"column":0},"end":{"line":74,"column":48}}},"fnMap":{"0":{"name":"createObjectStorageService","decl":{"start":{"line":11,"column":9},"end":{"line":11,"column":35}},"loc":{"start":{"line":11,"column":77},"end":{"line":72,"column":1}},"line":11},"1":{"name":"(anonymous_1)","decl":{"start":{"line":13,"column":4},"end":{"line":13,"column":5}},"loc":{"start":{"line":13,"column":65},"end":{"line":41,"column":5}},"line":13},"2":{"name":"(anonymous_2)","decl":{"start":{"line":43,"column":4},"end":{"line":43,"column":5}},"loc":{"start":{"line":43,"column":38},"end":{"line":70,"column":5}},"line":43}},"branchMap":{"0":{"loc":{"start":{"line":16,"column":6},"end":{"line":18,"column":7}},"type":"if","locations":[{"start":{"line":16,"column":6},"end":{"line":18,"column":7}},{"start":{},"end":{}}],"line":16},"1":{"loc":{"start":{"line":46,"column":6},"end":{"line":50,"column":7}},"type":"if","locations":[{"start":{"line":46,"column":6},"end":{"line":50,"column":7}},{"start":{},"end":{}}],"line":46},"2":{"loc":{"start":{"line":53,"column":6},"end":{"line":61,"column":7}},"type":"if","locations":[{"start":{"line":53,"column":6},"end":{"line":61,"column":7}},{"start":{},"end":{}}],"line":53}},"s":{"0":1,"1":1,"2":1,"3":1,"4":5,"5":1,"6":1,"7":1,"8":0,"9":1,"10":1,"11":1,"12":1,"13":1,"14":1,"15":1,"16":1,"17":1,"18":1,"19":0,"20":1,"21":1,"22":0,"23":1,"24":1},"f":{"0":5,"1":1,"2":1},"b":{"0":[0,1],"1":[0,1],"2":[0,1]},"_coverageSchema":"1a1c01bbd47fc00a2c39e90264f33305004495a9","hash":"0a2df1040e2782a10c701d51babe31c77cc4d0b0"}
}
