TN:
SF:src\app.js
FN:12,createStorageGatewayApp
FNF:1
FNH:1
FNDA:5,createStorageGatewayApp
DA:1,1
DA:2,1
DA:7,1
DA:8,1
DA:9,1
DA:10,1
DA:20,5
DA:22,5
DA:23,5
DA:24,5
DA:25,5
DA:27,5
DA:28,5
DA:29,5
DA:36,5
DA:40,5
DA:41,5
DA:42,5
DA:44,5
DA:45,5
DA:47,5
DA:50,1
LF:22
LH:22
BRF:0
BRH:0
end_of_record
TN:
SF:src\controllers\health-controller.js
FN:3,createHealthController
FN:5,(anonymous_1)
FN:9,(anonymous_2)
FNF:3
FNH:3
FNDA:5,createHealthController
FNDA:2,(anonymous_1)
FNDA:1,(anonymous_2)
DA:1,1
DA:4,5
DA:6,2
DA:10,1
DA:11,1
DA:16,1
LF:6
LH:6
BRF:0
BRH:0
end_of_record
TN:
SF:src\controllers\object-controller.js
FN:3,createObjectController
FN:5,(anonymous_1)
FN:16,(anonymous_2)
FNF:3
FNH:3
FNDA:5,createObjectController
FNDA:1,(anonymous_1)
FNDA:1,(anonymous_2)
DA:1,1
DA:4,5
DA:6,1
DA:13,1
DA:17,1
DA:22,1
DA:23,0
DA:24,0
DA:25,0
DA:26,0
DA:27,0
DA:30,1
DA:35,1
LF:13
LH:8
BRDA:9,0,0,1
BRDA:9,0,1,0
BRDA:22,1,0,0
BRDA:22,1,1,1
BRDA:23,2,0,0
BRDA:23,2,1,0
BRF:6
BRH:2
end_of_record
TN:
SF:src\routes\index.js
FN:6,createStorageGatewayRouter
FNF:1
FNH:1
FNDA:5,createStorageGatewayRouter
DA:1,1
DA:2,1
DA:3,1
DA:4,1
DA:7,5
DA:8,5
DA:12,5
DA:13,5
DA:15,5
DA:16,5
DA:17,5
DA:18,5
DA:20,5
DA:23,1
LF:14
LH:14
BRDA:9,0,0,5
BRDA:9,0,1,5
BRF:2
BRH:2
end_of_record
TN:
SF:src\services\object-service.js
FN:7,normalizeChunkId
FN:15,hashBuffer
FN:19,parseObjectBody
FN:48,objectPathFor
FN:53,buildObjectRecord
FNF:5
FNH:5
FNDA:7,normalizeChunkId
FNDA:3,hashBuffer
FNDA:4,parseObjectBody
FNDA:1,objectPathFor
FNDA:2,buildObjectRecord
DA:1,2
DA:2,2
DA:3,2
DA:5,2
DA:8,7
DA:9,7
DA:10,1
DA:12,6
DA:16,3
DA:20,4
DA:21,0
DA:24,4
DA:26,3
DA:27,3
DA:29,1
DA:32,2
DA:33,1
DA:35,1
DA:36,1
DA:38,0
DA:45,1
DA:49,1
DA:50,1
DA:54,2
DA:63,2
LF:25
LH:23
BRDA:8,0,0,7
BRDA:8,0,1,0
BRDA:9,1,0,1
BRDA:9,1,1,6
BRDA:19,2,0,0
BRDA:20,3,0,0
BRDA:20,3,1,4
BRDA:24,4,0,3
BRDA:24,4,1,1
BRDA:32,5,0,1
BRDA:32,5,1,1
BRDA:35,6,0,1
BRDA:35,6,1,0
BRDA:56,7,0,2
BRDA:56,7,1,0
BRF:15
BRH:10
end_of_record
TN:
SF:src\services\object-storage-service.js
FN:11,createObjectStorageService
FN:13,(anonymous_1)
FN:43,(anonymous_2)
FNF:3
FNH:3
FNDA:5,createObjectStorageService
FNDA:1,(anonymous_1)
FNDA:1,(anonymous_2)
DA:1,1
DA:2,1
DA:3,1
DA:9,1
DA:12,5
DA:14,1
DA:15,1
DA:16,1
DA:17,0
DA:20,1
DA:21,1
DA:22,1
DA:24,1
DA:30,1
DA:32,1
DA:34,1
DA:44,1
DA:45,1
DA:46,1
DA:47,0
DA:52,1
DA:53,1
DA:54,0
DA:63,1
DA:74,1
LF:25
LH:22
BRDA:16,0,0,0
BRDA:16,0,1,1
BRDA:46,1,0,0
BRDA:46,1,1,1
BRDA:53,2,0,0
BRDA:53,2,1,1
BRF:6
BRH:3
end_of_record
